[
  {
    "project": "granger_hub",
    "fixes": 88,
    "test_results": {
      "status": "failed",
      "passed": 0,
      "failed": 0,
      "errors": 3,
      "collection_errors": false,
      "output": "Cannot read termcap database;\nusing dumb terminal settings.\n============================= test session starts ==============================\nplatform linux -- Python 3.10.11, pytest-8.4.0, pluggy-1.6.0 -- /home/graham/workspace/experiments/granger_hub/.venv/bin/python\ncachedir: .pytest_cache\nmetadata: {'Python': '3.10.11', 'Platform': 'Linux-6.8.0-57-generic-x86_64-with-glibc2.39', 'Packages': {'pytest': '8.4.0', 'pluggy': '1.6.0'}, 'Plugins': {'metadata': '3.1.1', 'claude-test-reporter': '0.2.1', 'html': '4.1.1', 'allure-pytest': '2.14.2', 'json-report': '1.5.0', 'asyncio': '1.0.0', 'anyio': '4.9.0'}}\nrootdir: /home/graham/workspace/experiments/granger_hub\nconfigfile: pytest.ini\ntestpaths: tests\nplugins: metadata-3.1.1, claude-test-reporter-0.2.1, html-4.1.1, allure-pytest-2.14.2, json-report-1.5.0, asyncio-1.0.0, anyio-4.9.0\nasyncio: mode=strict, asyncio_default_fixture_loop_scope=None, asyncio_default_test_loop_scope=function\ncollecting ... collected 0 items / 1 error\n\n==================================== ERRORS ====================================\n________ ERROR collecting tests/core/adapters/test_adapter_framework.py ________\n.venv/lib/python3.10/site-packages/_pytest/python.py:497: in importtestmodule\n    mod = import_path(\n.venv/lib/python3.10/site-packages/_pytest/pathlib.py:587: in import_path\n    importlib.import_module(module_name)\n../../../.local/share/uv/python/cpython-3.10.11-linux-x86_64-gnu/lib/python3.10/importlib/__init__.py:126: in import_module\n    return _bootstrap._gcd_import(name[level:], package, level)\n<frozen importlib._bootstrap>:1050: in _gcd_import\n    ???\n<frozen importlib._bootstrap>:1027: in _find_and_load\n    ???\n<frozen importlib._bootstrap>:1006: in _find_and_load_unlocked\n    ???\n<frozen importlib._bootstrap>:688: in _load_unlocked\n    ???\n.venv/lib/python3.10/site-packages/_pytest/assertion/rewrite.py:177: in exec_module\n    source_stat, co = _rewrite_test(fn, self.config)\n.venv/lib/python3.10/site-packages/_pytest/assertion/rewrite.py:357: in _rewrite_test\n    tree = ast.parse(source, filename=strfn)\n../../../.local/share/uv/python/cpython-3.10.11-linux-x86_64-gnu/lib/python3.10/ast.py:50: in parse\n    return compile(source, filename, mode, flags,\nE     File \"/home/graham/workspace/experiments/granger_hub/tests/core/adapters/test_adapter_framework.py\", line 37\nE       async def test_adapter_lifecycle(self):\nE   IndentationError: unexpected unindent\n=========================== short test summary info ============================\nERROR tests/core/adapters/test_adapter_framework.py\n!!!!!!!!!!!!!!!!!!!!!!!!!! stopping after 1 failures !!!!!!!!!!!!!!!!!!!!!!!!!!!\n=============================== 1 error in 0.12s ===============================\n"
    }
  },
  {
    "project": "rl_commons",
    "fixes": 54,
    "test_results": {
      "status": "failed",
      "passed": 0,
      "failed": 0,
      "errors": 0,
      "collection_errors": false,
      "output": "Cannot read termcap database;\nusing dumb terminal settings.\n============================= test session starts ==============================\nplatform linux -- Python 3.10.11, pytest-8.4.0, pluggy-1.6.0 -- /home/graham/workspace/experiments/rl_commons/.venv/bin/python\ncachedir: .pytest_cache\nmetadata: {'Python': '3.10.11', 'Platform': 'Linux-6.8.0-57-generic-x86_64-with-glibc2.39', 'Packages': {'pytest': '8.4.0', 'pluggy': '1.6.0'}, 'Plugins': {'metadata': '3.1.1', 'json-report': '1.5.0', 'asyncio': '1.0.0', 'anyio': '4.9.0'}}\nrootdir: /home/graham/workspace/experiments/rl_commons\nconfigfile: pytest.ini\ntestpaths: tests\nplugins: metadata-3.1.1, json-report-1.5.0, asyncio-1.0.0, anyio-4.9.0\nasyncio: mode=strict, asyncio_default_fixture_loop_scope=None, asyncio_default_test_loop_scope=function\ncollecting ... collected 3 items / 3 deselected / 0 selected\n\n============================ 3 deselected in 0.08s =============================\n"
    }
  },
  {
    "project": "world_model",
    "fixes": 1,
    "test_results": {
      "status": "failed",
      "passed": 0,
      "failed": 2,
      "errors": 0,
      "collection_errors": false,
      "output": "Cannot read termcap database;\nusing dumb terminal settings.\n============================= test session starts ==============================\nplatform linux -- Python 3.10.11, pytest-8.4.0, pluggy-1.6.0 -- /home/graham/workspace/experiments/world_model/.venv/bin/python\ncachedir: .pytest_cache\nmetadata: {'Python': '3.10.11', 'Platform': 'Linux-6.8.0-57-generic-x86_64-with-glibc2.39', 'Packages': {'pytest': '8.4.0', 'pluggy': '1.6.0'}, 'Plugins': {'metadata': '3.1.1', 'json-report': '1.5.0', 'asyncio': '1.0.0', 'anyio': '4.9.0'}}\nrootdir: /home/graham/workspace/experiments/world_model\nconfigfile: pytest.ini\ntestpaths: tests\nplugins: metadata-3.1.1, json-report-1.5.0, asyncio-1.0.0, anyio-4.9.0\nasyncio: mode=strict, asyncio_default_fixture_loop_scope=None, asyncio_default_test_loop_scope=function\ncollecting ... collected 8 items / 5 deselected / 3 selected\n\ntests/test_module_creation.py::TestWorldModelStructure::test_world_model_structure FAILED\n\n=================================== FAILURES ===================================\n______________ TestWorldModelStructure.test_world_model_structure ______________\ntests/test_module_creation.py:66: in test_world_model_structure\n    assert full_path.exists(), f\"Required file missing: {file_path}\"\nE   AssertionError: Required file missing: .env.example\nE   assert False\nE    +  where False = exists()\nE    +    where exists = PosixPath('/home/graham/workspace/experiments/world_model/.env.example').exists\n=============================== warnings summary ===============================\n.venv/lib/python3.10/site-packages/pydantic/fields.py:1089: 13 warnings\n  /home/graham/workspace/experiments/world_model/.venv/lib/python3.10/site-packages/pydantic/fields.py:1089: PydanticDeprecatedSince20: Using extra keyword arguments on `Field` is deprecated and will be removed. Use `json_schema_extra` instead. (Extra keys: 'env'). Deprecated in Pydantic V2.0 to be removed in V3.0. See Pydantic V2 Migration Guide at https://errors.pydantic.dev/2.11/migration/\n    warn(\n\n-- Docs: https://docs.pytest.org/en/stable/how-to/capture-warnings.html\n=========================== short test summary info ============================\nFAILED tests/test_module_creation.py::TestWorldModelStructure::test_world_model_structure - AssertionError: Required file missing: .env.example\nassert False\n +  where False = exists()\n +    where exists = PosixPath('/home/graham/workspace/experiments/world_model/.env.example').exists\n!!!!!!!!!!!!!!!!!!!!!!!!!! stopping after 1 failures !!!!!!!!!!!!!!!!!!!!!!!!!!!\n================= 1 failed, 5 deselected, 13 warnings in 0.21s =================\n"
    }
  },
  {
    "project": "claude-test-reporter",
    "fixes": 57,
    "test_results": {
      "status": "failed",
      "passed": 0,
      "failed": 0,
      "errors": 3,
      "collection_errors": false,
      "output": "Cannot read termcap database;\nusing dumb terminal settings.\n============================= test session starts ==============================\nplatform linux -- Python 3.10.11, pytest-8.4.0, pluggy-1.6.0 -- /home/graham/workspace/experiments/claude-test-reporter/.venv/bin/python\ncachedir: .pytest_cache\nmetadata: {'Python': '3.10.11', 'Platform': 'Linux-6.8.0-57-generic-x86_64-with-glibc2.39', 'Packages': {'pytest': '8.4.0', 'pluggy': '1.6.0'}, 'Plugins': {'metadata': '3.1.1', 'claude-test-reporter': '0.2.1', 'json-report': '1.5.0', 'asyncio': '1.0.0'}}\nrootdir: /home/graham/workspace/experiments/claude-test-reporter\nconfigfile: pytest.ini\ntestpaths: tests\nplugins: metadata-3.1.1, claude-test-reporter-0.2.1, json-report-1.5.0, asyncio-1.0.0\nasyncio: mode=strict, asyncio_default_fixture_loop_scope=None, asyncio_default_test_loop_scope=function\ncollecting ... collected 3 items / 1 error\n\n==================================== ERRORS ====================================\n_______ ERROR collecting tests/monitoring/test_hallucination_monitor.py ________\nImportError while importing test module '/home/graham/workspace/experiments/claude-test-reporter/tests/monitoring/test_hallucination_monitor.py'.\nHint: make sure your test modules/packages have valid Python names.\nTraceback:\n.venv/lib/python3.10/site-packages/_pytest/python.py:497: in importtestmodule\n    mod = import_path(\n.venv/lib/python3.10/site-packages/_pytest/pathlib.py:587: in import_path\n    importlib.import_module(module_name)\n../../../.local/share/uv/python/cpython-3.10.11-linux-x86_64-gnu/lib/python3.10/importlib/__init__.py:126: in import_module\n    return _bootstrap._gcd_import(name[level:], package, level)\n<frozen importlib._bootstrap>:1050: in _gcd_import\n    ???\n<frozen importlib._bootstrap>:1027: in _find_and_load\n    ???\n<frozen importlib._bootstrap>:1006: in _find_and_load_unlocked\n    ???\n<frozen importlib._bootstrap>:688: in _load_unlocked\n    ???\n.venv/lib/python3.10/site-packages/_pytest/assertion/rewrite.py:186: in exec_module\n    exec(co, module.__dict__)\ntests/monitoring/test_hallucination_monitor.py:23: in <module>\n    from claude_test_reporter.monitoring.hallucination_monitor import HallucinationMonitor, HallucinationDashboard\nsrc/claude_test_reporter/monitoring/__init__.py:18: in <module>\n    from .hallucination_monitor import HallucinationMonitor, HallucinationDashboard\nsrc/claude_test_reporter/monitoring/hallucination_monitor.py:50: in <module>\n    from analyzers.mock_detector import MockDetector\nE   ModuleNotFoundError: No module named 'analyzers'\n=============================== warnings summary ===============================\nsrc/claude_test_reporter/core/test_result_verifier.py:36\n  /home/graham/workspace/experiments/claude-test-reporter/src/claude_test_reporter/core/test_result_verifier.py:36: PytestCollectionWarning: cannot collect test class 'TestResultVerifier' because it has a __init__ constructor (from: tests/core/test_test_result_verifier.py)\n    @dataclass\n\n-- Docs: https://docs.pytest.org/en/stable/how-to/capture-warnings.html\n=========================== short test summary info ============================\nERROR tests/monitoring/test_hallucination_monitor.py\n!!!!!!!!!!!!!!!!!!!!!!!!!! stopping after 1 failures !!!!!!!!!!!!!!!!!!!!!!!!!!!\n========================= 1 warning, 1 error in 0.10s ==========================\n"
    }
  },
  {
    "project": "sparta",
    "fixes": 51,
    "test_results": {
      "status": "failed",
      "passed": 0,
      "failed": 0,
      "errors": 3,
      "collection_errors": false,
      "output": "Cannot read termcap database;\nusing dumb terminal settings.\n============================= test session starts ==============================\nplatform linux -- Python 3.10.11, pytest-8.4.0, pluggy-1.6.0 -- /home/graham/workspace/experiments/sparta/.venv/bin/python\ncachedir: .pytest_cache\nmetadata: {'Python': '3.10.11', 'Platform': 'Linux-6.8.0-57-generic-x86_64-with-glibc2.39', 'Packages': {'pytest': '8.4.0', 'pluggy': '1.6.0'}, 'Plugins': {'metadata': '3.1.1', 'claude-test-reporter': '0.2.1', 'cov': '6.1.1', 'allure-pytest': '2.14.2', 'json-report': '1.5.0', 'asyncio': '1.0.0', 'anyio': '4.9.0'}}\nrootdir: /home/graham/workspace/experiments/sparta\nconfigfile: pytest.ini\ntestpaths: tests\nplugins: metadata-3.1.1, claude-test-reporter-0.2.1, cov-6.1.1, allure-pytest-2.14.2, json-report-1.5.0, asyncio-1.0.0, anyio-4.9.0\nasyncio: mode=strict, asyncio_default_fixture_loop_scope=None, asyncio_default_test_loop_scope=function\ncollecting ... collected 0 items / 1 error\n\n==================================== ERRORS ====================================\n__________ ERROR collecting tests/sparta/integration/test_honeypot.py __________\n.venv/lib/python3.10/site-packages/_pytest/python.py:497: in importtestmodule\n    mod = import_path(\n.venv/lib/python3.10/site-packages/_pytest/pathlib.py:587: in import_path\n    importlib.import_module(module_name)\n../../../.local/share/uv/python/cpython-3.10.11-linux-x86_64-gnu/lib/python3.10/importlib/__init__.py:126: in import_module\n    return _bootstrap._gcd_import(name[level:], package, level)\n<frozen importlib._bootstrap>:1050: in _gcd_import\n    ???\n<frozen importlib._bootstrap>:1027: in _find_and_load\n    ???\n<frozen importlib._bootstrap>:1006: in _find_and_load_unlocked\n    ???\n<frozen importlib._bootstrap>:688: in _load_unlocked\n    ???\n.venv/lib/python3.10/site-packages/_pytest/assertion/rewrite.py:177: in exec_module\n    source_stat, co = _rewrite_test(fn, self.config)\n.venv/lib/python3.10/site-packages/_pytest/assertion/rewrite.py:357: in _rewrite_test\n    tree = ast.parse(source, filename=strfn)\n../../../.local/share/uv/python/cpython-3.10.11-linux-x86_64-gnu/lib/python3.10/ast.py:50: in parse\n    return compile(source, filename, mode, flags,\nE     File \"/home/graham/workspace/experiments/sparta/tests/sparta/integration/test_honeypot.py\", line 36\nE       for module in # REMOVED: mock_modules:\nE                     ^^^^^^^^^^^^^^^^^^^^^^^^\nE   SyntaxError: invalid syntax\n=========================== short test summary info ============================\nERROR tests/sparta/integration/test_honeypot.py\n!!!!!!!!!!!!!!!!!!!!!!!!!! stopping after 1 failures !!!!!!!!!!!!!!!!!!!!!!!!!!!\n=============================== 1 error in 0.12s ===============================\n"
    }
  },
  {
    "project": "marker",
    "fixes": 285,
    "test_results": {
      "status": "failed",
      "passed": 0,
      "failed": 0,
      "errors": 0,
      "collection_errors": false,
      "output": "Cannot read termcap database;\nusing dumb terminal settings.\nImportError while loading conftest '/home/graham/workspace/experiments/marker/tests/conftest.py'.\ntests/conftest.py:28: in <module>\n    from marker.core.providers.pdf import PdfProvider\nsrc/marker/__init__.py:19: in <module>\n    from marker.core.schema.document import Document\nsrc/marker/core/schema/document.py:31: in <module>\n    from marker.core.schema.blocks import Block, BlockId, BlockOutput\nsrc/marker/core/schema/blocks/__init__.py:21: in <module>\n    from marker.core.schema.blocks.base import Block, BlockId, BlockOutput\nsrc/marker/core/schema/blocks/base.py:26: in <module>\n    from PIL import Image\n.venv/lib/python3.10/site-packages/PIL/Image.py:72: in <module>\n    from . import (\nE     File \"/home/graham/workspace/experiments/marker/.venv/lib/python3.10/site-packages/PIL/ExifTags.py\", line 30\nE       from __future__ import annotations\nE       ^^^^^^^^^^^^^^^^^^^^^^^^^^^^^^^^^^\nE   SyntaxError: from __future__ imports must occur at the beginning of the file\n"
    }
  },
  {
    "project": "arangodb",
    "fixes": 162,
    "test_results": {
      "status": "failed",
      "passed": 0,
      "failed": 0,
      "errors": 4,
      "collection_errors": false,
      "output": "Cannot read termcap database;\nusing dumb terminal settings.\n============================= test session starts ==============================\nplatform linux -- Python 3.10.11, pytest-8.4.0, pluggy-1.6.0 -- /home/graham/workspace/experiments/arangodb/.venv/bin/python\ncachedir: .pytest_cache\nmetadata: {'Python': '3.10.11', 'Platform': 'Linux-6.8.0-57-generic-x86_64-with-glibc2.39', 'Packages': {'pytest': '8.4.0', 'pluggy': '1.6.0'}, 'Plugins': {'metadata': '3.1.1', 'claude-test-reporter': '0.2.1', 'cov': '6.1.1', 'json-report': '1.5.0', 'asyncio': '1.0.0', 'anyio': '4.9.0'}}\nrootdir: /home/graham/workspace/experiments/arangodb\nconfigfile: pytest.ini\ntestpaths: tests\nplugins: metadata-3.1.1, claude-test-reporter-0.2.1, cov-6.1.1, json-report-1.5.0, asyncio-1.0.0, anyio-4.9.0\nasyncio: mode=strict, asyncio_default_fixture_loop_scope=None, asyncio_default_test_loop_scope=function\ncollecting ... 2025-06-07 18:19:34.055 | DEBUG    | arangodb.core.utils.dependency_checker:check_dependency:101 - Dependency 'python-arango' is available\n2025-06-07 18:19:34.103 | DEBUG    | arangodb.core.utils.dependency_checker:check_dependency:101 - Dependency 'numpy' is available\n2025-06-07 18:19:34.578 | WARNING  | arangodb.core.utils.dependency_checker:check_dependency:116 - Error importing 'torch': from __future__ imports must occur at the beginning of the file (_dill.py, line 42)\n2025-06-07 18:19:34.666 | WARNING  | arangodb.core.utils.dependency_checker:check_dependency:116 - Error importing 'transformers': from __future__ imports must occur at the beginning of the file (version.py, line 24)\n2025-06-07 18:19:34.690 | WARNING  | arangodb.core.utils.dependency_checker:check_dependency:116 - Error importing 'sentence-transformers': from __future__ imports must occur at the beginning of the file (_dill.py, line 42)\n2025-06-07 18:19:34.705 | ERROR    | arangodb.core.constants:<module>:210 - Enhanced configuration validation failed: If you use `@root_validator` with pre=False (the default) you MUST specify `skip_on_failure=True`. Note that `@root_validator` is deprecated and should be replaced with `@model_validator`.\n\nFor further information visit https://errors.pydantic.dev/2.11/u/root-validator-pre-skip\n2025-06-07 18:19:34.705 | WARNING  | arangodb.core.constants:<module>:211 - Falling back to legacy validation\ncollected 6 items / 1 error\n\n==================================== ERRORS ====================================\n_______ ERROR collecting tests/integration/test_entity_deduplication.py ________\n.venv/lib/python3.10/site-packages/_pytest/python.py:497: in importtestmodule\n    mod = import_path(\n.venv/lib/python3.10/site-packages/_pytest/pathlib.py:587: in import_path\n    importlib.import_module(module_name)\n../../../.local/share/uv/python/cpython-3.10.11-linux-x86_64-gnu/lib/python3.10/importlib/__init__.py:126: in import_module\n    return _bootstrap._gcd_import(name[level:], package, level)\n<frozen importlib._bootstrap>:1050: in _gcd_import\n    ???\n<frozen importlib._bootstrap>:1027: in _find_and_load\n    ???\n<frozen importlib._bootstrap>:1006: in _find_and_load_unlocked\n    ???\n<frozen importlib._bootstrap>:688: in _load_unlocked\n    ???\n.venv/lib/python3.10/site-packages/_pytest/assertion/rewrite.py:177: in exec_module\n    source_stat, co = _rewrite_test(fn, self.config)\n.venv/lib/python3.10/site-packages/_pytest/assertion/rewrite.py:357: in _rewrite_test\n    tree = ast.parse(source, filename=strfn)\n../../../.local/share/uv/python/cpython-3.10.11-linux-x86_64-gnu/lib/python3.10/ast.py:50: in parse\n    return compile(source, filename, mode, flags,\nE     File \"/home/graham/workspace/experiments/arangodb/tests/integration/test_entity_deduplication.py\", line 158\nE       test_entity_deduplication()\nE   IndentationError: unexpected indent\n=============================== warnings summary ===============================\nsrc/arangodb/core/utils/config_validator.py:26\n  /home/graham/workspace/experiments/arangodb/src/arangodb/core/utils/config_validator.py:26: PydanticDeprecatedSince20: Pydantic V1 style `@validator` validators are deprecated. You should migrate to Pydantic V2 style `@field_validator` validators, see the migration guide for more details. Deprecated in Pydantic V2.0 to be removed in V3.0. See Pydantic V2 Migration Guide at https://errors.pydantic.dev/2.11/migration/\n    @validator('host')\n\nsrc/arangodb/core/utils/config_validator.py:40\n  /home/graham/workspace/experiments/arangodb/src/arangodb/core/utils/config_validator.py:40: PydanticDeprecatedSince20: Pydantic V1 style `@validator` validators are deprecated. You should migrate to Pydantic V2 style `@field_validator` validators, see the migration guide for more details. Deprecated in Pydantic V2.0 to be removed in V3.0. See Pydantic V2 Migration Guide at https://errors.pydantic.dev/2.11/migration/\n    @validator('dimensions')\n\nsrc/arangodb/core/utils/config_validator.py:47\n  /home/graham/workspace/experiments/arangodb/src/arangodb/core/utils/config_validator.py:47: PydanticDeprecatedSince20: Pydantic V1 style `@validator` validators are deprecated. You should migrate to Pydantic V2 style `@field_validator` validators, see the migration guide for more details. Deprecated in Pydantic V2.0 to be removed in V3.0. See Pydantic V2 Migration Guide at https://errors.pydantic.dev/2.11/migration/\n    @validator('batch_size')\n\nsrc/arangodb/core/utils/config_validator.py:64\n  /home/graham/workspace/experiments/arangodb/src/arangodb/core/utils/config_validator.py:64: PydanticDeprecatedSince20: Pydantic V1 style `@validator` validators are deprecated. You should migrate to Pydantic V2 style `@field_validator` validators, see the migration guide for more details. Deprecated in Pydantic V2.0 to be removed in V3.0. See Pydantic V2 Migration Guide at https://errors.pydantic.dev/2.11/migration/\n    @validator('vector_index_nlists')\n\nsrc/arangodb/core/utils/config_validator.py:71\n  /home/graham/workspace/experiments/arangodb/src/arangodb/core/utils/config_validator.py:71: PydanticDeprecatedSince20: Pydantic V1 style `@validator` validators are deprecated. You should migrate to Pydantic V2 style `@field_validator` validators, see the migration guide for more details. Deprecated in Pydantic V2.0 to be removed in V3.0. See Pydantic V2 Migration Guide at https://errors.pydantic.dev/2.11/migration/\n    @validator('insert_batch_size')\n\nsrc/arangodb/core/utils/config_validator.py:78\n  /home/graham/workspace/experiments/arangodb/src/arangodb/core/utils/config_validator.py:78: PydanticDeprecatedSince20: Pydantic V1 style `@validator` validators are deprecated. You should migrate to Pydantic V2 style `@field_validator` validators, see the migration guide for more details. Deprecated in Pydantic V2.0 to be removed in V3.0. See Pydantic V2 Migration Guide at https://errors.pydantic.dev/2.11/migration/\n    @validator('fields')\n\nsrc/arangodb/core/utils/config_validator.py:92\n  /home/graham/workspace/experiments/arangodb/src/arangodb/core/utils/config_validator.py:92: PydanticDeprecatedSince20: Pydantic V1 style `@validator` validators are deprecated. You should migrate to Pydantic V2 style `@field_validator` validators, see the migration guide for more details. Deprecated in Pydantic V2.0 to be removed in V3.0. See Pydantic V2 Migration Guide at https://errors.pydantic.dev/2.11/migration/\n    @validator('default_max_tokens')\n\nsrc/arangodb/core/utils/config_validator.py:99\n  /home/graham/workspace/experiments/arangodb/src/arangodb/core/utils/config_validator.py:99: PydanticDeprecatedSince20: Pydantic V1 style `@validator` validators are deprecated. You should migrate to Pydantic V2 style `@field_validator` validators, see the migration guide for more details. Deprecated in Pydantic V2.0 to be removed in V3.0. See Pydantic V2 Migration Guide at https://errors.pydantic.dev/2.11/migration/\n    @validator('default_min_overlap')\n\nsrc/arangodb/core/utils/config_validator.py:106\n  /home/graham/workspace/experiments/arangodb/src/arangodb/core/utils/config_validator.py:106: PydanticDeprecatedSince20: Pydantic V1 style `@validator` validators are deprecated. You should migrate to Pydantic V2 style `@field_validator` validators, see the migration guide for more details. Deprecated in Pydantic V2.0 to be removed in V3.0. See Pydantic V2 Migration Guide at https://errors.pydantic.dev/2.11/migration/\n    @validator('default_method')\n\nsrc/arangodb/core/utils/config_validator.py:122\n  /home/graham/workspace/experiments/arangodb/src/arangodb/core/utils/config_validator.py:122: PydanticDeprecatedSince20: Pydantic V1 style `@validator` validators are deprecated. You should migrate to Pydantic V2 style `@field_validator` validators, see the migration guide for more details. Deprecated in Pydantic V2.0 to be removed in V3.0. See Pydantic V2 Migration Guide at https://errors.pydantic.dev/2.11/migration/\n    @validator('max_traversal_depth')\n\nsrc/arangodb/core/utils/config_validator.py:129\n  /home/graham/workspace/experiments/arangodb/src/arangodb/core/utils/config_validator.py:129: PydanticDeprecatedSince20: Pydantic V1 style `@validator` validators are deprecated. You should migrate to Pydantic V2 style `@field_validator` validators, see the migration guide for more details. Deprecated in Pydantic V2.0 to be removed in V3.0. See Pydantic V2 Migration Guide at https://errors.pydantic.dev/2.11/migration/\n    @validator('relationship_confidence_threshold', 'semantic_weight', 'graph_weight', 'auto_relationship_threshold')\n\nsrc/arangodb/core/utils/config_validator.py:137\n  /home/graham/workspace/experiments/arangodb/src/arangodb/core/utils/config_validator.py:137: PydanticDeprecatedSince20: Pydantic V1 style `@root_validator` validators are deprecated. You should migrate to Pydantic V2 style `@model_validator` validators, see the migration guide for more details. Deprecated in Pydantic V2.0 to be removed in V3.0. See Pydantic V2 Migration Guide at https://errors.pydantic.dev/2.11/migration/\n    def validate_weights(cls, values):\n\n.venv/lib/python3.10/site-packages/pydantic/deprecated/class_validators.py:234\n  /home/graham/workspace/experiments/arangodb/.venv/lib/python3.10/site-packages/pydantic/deprecated/class_validators.py:234: PydanticDeprecatedSince20: Pydantic V1 style `@root_validator` validators are deprecated. You should migrate to Pydantic V2 style `@model_validator` validators, see the migration guide for more details. Deprecated in Pydantic V2.0 to be removed in V3.0. See Pydantic V2 Migration Guide at https://errors.pydantic.dev/2.11/migration/\n    return root_validator()(*__args)  # type: ignore\n\n-- Docs: https://docs.pytest.org/en/stable/how-to/capture-warnings.html\n=========================== short test summary info ============================\nERROR tests/integration/test_entity_deduplication.py\n!!!!!!!!!!!!!!!!!!!!!!!!!! stopping after 1 failures !!!!!!!!!!!!!!!!!!!!!!!!!!!\n======================== 13 warnings, 1 error in 0.99s =========================\n"
    }
  },
  {
    "project": "llm_call",
    "fixes": 301,
    "test_results": {
      "status": "failed",
      "passed": 0,
      "failed": 0,
      "errors": 0,
      "collection_errors": false,
      "output": "Cannot read termcap database;\nusing dumb terminal settings.\nImportError while loading conftest '/home/graham/workspace/experiments/llm_call/tests/conftest.py'.\ntests/conftest.py:37: in <module>\n    from llm_call.core.utils.initialize_litellm_cache import initialize_litellm_cache\nsrc/llm_call/__init__.py:10: in <module>\n    from llm_call.core.caller import make_llm_request\nsrc/llm_call/core/__init__.py:11: in <module>\n    from llm_call.core.retry import retry_with_validation, RetryConfig\nsrc/llm_call/core/retry.py:77: in <module>\n    import litellm\n.venv/lib/python3.10/site-packages/litellm/__init__.py:814: in <module>\n    from litellm.litellm_core_utils.litellm_logging import Logging, modify_integration\n.venv/lib/python3.10/site-packages/litellm/litellm_core_utils/litellm_logging.py:126: in <module>\n    from ..integrations.langfuse.langfuse import LangFuseLogger\n.venv/lib/python3.10/site-packages/litellm/integrations/langfuse/langfuse.py:9: in <module>\n    from packaging.version import Version\nE     File \"/home/graham/workspace/experiments/llm_call/.venv/lib/python3.10/site-packages/packaging/version.py\", line 24\nE       from __future__ import annotations\nE       ^^^^^^^^^^^^^^^^^^^^^^^^^^^^^^^^^^\nE   SyntaxError: from __future__ imports must occur at the beginning of the file\n"
    }
  },
  {
    "project": "unsloth_wip",
    "fixes": 35,
    "test_results": {
      "status": "failed",
      "passed": 0,
      "failed": 0,
      "errors": 3,
      "collection_errors": false,
      "output": "Cannot read termcap database;\nusing dumb terminal settings.\n============================= test session starts ==============================\nplatform linux -- Python 3.10.11, pytest-8.4.0, pluggy-1.6.0 -- /home/graham/workspace/experiments/unsloth_wip/.venv/bin/python\ncachedir: .pytest_cache\nmetadata: {'Python': '3.10.11', 'Platform': 'Linux-6.8.0-57-generic-x86_64-with-glibc2.39', 'Packages': {'pytest': '8.4.0', 'pluggy': '1.6.0'}, 'Plugins': {'repeat': '0.9.4', 'metadata': '3.1.1', 'claude-test-reporter': '0.2.1', 'html': '4.1.1', 'cov': '6.1.1', 'timeout': '2.4.0', 'deepeval': '3.0.6', 'xdist': '3.7.0', 'rerunfailures': '12.0', 'json-report': '1.5.0', 'asyncio': '1.0.0', 'anyio': '4.9.0'}}\nrootdir: /home/graham/workspace/experiments/unsloth_wip\nconfigfile: pytest.ini\ntestpaths: tests\nplugins: repeat-0.9.4, metadata-3.1.1, claude-test-reporter-0.2.1, html-4.1.1, cov-6.1.1, timeout-2.4.0, deepeval-3.0.6, xdist-3.7.0, rerunfailures-12.0, json-report-1.5.0, asyncio-1.0.0, anyio-4.9.0\nasyncio: mode=strict, asyncio_default_fixture_loop_scope=None, asyncio_default_test_loop_scope=function\ncollecting ... collected 3 items / 1 error\nRunning teardown with pytest sessionfinish...\n\n==================================== ERRORS ====================================\n__________________ ERROR collecting tests/mcp/test_prompts.py __________________\n.venv/lib/python3.10/site-packages/_pytest/python.py:497: in importtestmodule\n    mod = import_path(\n.venv/lib/python3.10/site-packages/_pytest/pathlib.py:587: in import_path\n    importlib.import_module(module_name)\n../../../.local/share/uv/python/cpython-3.10.11-linux-x86_64-gnu/lib/python3.10/importlib/__init__.py:126: in import_module\n    return _bootstrap._gcd_import(name[level:], package, level)\n<frozen importlib._bootstrap>:1050: in _gcd_import\n    ???\n<frozen importlib._bootstrap>:1027: in _find_and_load\n    ???\n<frozen importlib._bootstrap>:1006: in _find_and_load_unlocked\n    ???\n<frozen importlib._bootstrap>:688: in _load_unlocked\n    ???\n.venv/lib/python3.10/site-packages/_pytest/assertion/rewrite.py:177: in exec_module\n    source_stat, co = _rewrite_test(fn, self.config)\n.venv/lib/python3.10/site-packages/_pytest/assertion/rewrite.py:357: in _rewrite_test\n    tree = ast.parse(source, filename=strfn)\n../../../.local/share/uv/python/cpython-3.10.11-linux-x86_64-gnu/lib/python3.10/ast.py:50: in parse\n    return compile(source, filename, mode, flags,\nE     File \"/home/graham/workspace/experiments/unsloth_wip/tests/mcp/test_prompts.py\", line 42\nE       async def test_capabilities_prompt(self):\nE   IndentationError: unexpected unindent\n=========================== short test summary info ============================\nERROR tests/mcp/test_prompts.py\n!!!!!!!!!!!!!!!!!!!!!!!!!! stopping after 1 failures !!!!!!!!!!!!!!!!!!!!!!!!!!!\n=============================== 1 error in 0.30s ===============================\n"
    }
  },
  {
    "project": "youtube_transcripts",
    "fixes": 168,
    "test_results": {
      "status": "failed",
      "passed": 0,
      "failed": 0,
      "errors": 3,
      "collection_errors": false,
      "output": "Cannot read termcap database;\nusing dumb terminal settings.\n============================= test session starts ==============================\nplatform linux -- Python 3.10.11, pytest-8.4.0, pluggy-1.6.0 -- /home/graham/workspace/experiments/youtube_transcripts/.venv/bin/python\ncachedir: .pytest_cache\nmetadata: {'Python': '3.10.11', 'Platform': 'Linux-6.8.0-57-generic-x86_64-with-glibc2.39', 'Packages': {'pytest': '8.4.0', 'pluggy': '1.6.0'}, 'Plugins': {'metadata': '3.1.1', 'claude-test-reporter': '0.2.1', 'cov': '6.1.1', 'allure-pytest': '2.14.2', 'json-report': '1.5.0', 'asyncio': '1.0.0', 'anyio': '4.9.0'}}\nrootdir: /home/graham/workspace/experiments/youtube_transcripts\nconfigfile: pytest.ini\ntestpaths: tests\nplugins: metadata-3.1.1, claude-test-reporter-0.2.1, cov-6.1.1, allure-pytest-2.14.2, json-report-1.5.0, asyncio-1.0.0, anyio-4.9.0\nasyncio: mode=strict, asyncio_default_fixture_loop_scope=None, asyncio_default_test_loop_scope=function\ncollecting ... collected 0 items / 1 error\n\n==================================== ERRORS ====================================\n_________________ ERROR collecting tests/agents/test_agents.py _________________\n.venv/lib/python3.10/site-packages/_pytest/python.py:497: in importtestmodule\n    mod = import_path(\n.venv/lib/python3.10/site-packages/_pytest/pathlib.py:587: in import_path\n    importlib.import_module(module_name)\n../../../.local/share/uv/python/cpython-3.10.11-linux-x86_64-gnu/lib/python3.10/importlib/__init__.py:126: in import_module\n    return _bootstrap._gcd_import(name[level:], package, level)\n<frozen importlib._bootstrap>:1050: in _gcd_import\n    ???\n<frozen importlib._bootstrap>:1027: in _find_and_load\n    ???\n<frozen importlib._bootstrap>:1006: in _find_and_load_unlocked\n    ???\n<frozen importlib._bootstrap>:688: in _load_unlocked\n    ???\n.venv/lib/python3.10/site-packages/_pytest/assertion/rewrite.py:177: in exec_module\n    source_stat, co = _rewrite_test(fn, self.config)\n.venv/lib/python3.10/site-packages/_pytest/assertion/rewrite.py:357: in _rewrite_test\n    tree = ast.parse(source, filename=strfn)\n../../../.local/share/uv/python/cpython-3.10.11-linux-x86_64-gnu/lib/python3.10/ast.py:50: in parse\n    return compile(source, filename, mode, flags,\nE     File \"/home/graham/workspace/experiments/youtube_transcripts/tests/agents/test_agents.py\", line 49\nE       async def test_agent_manager_task_submission(self, agent_db):\nE   IndentationError: unexpected unindent\n=========================== short test summary info ============================\nERROR tests/agents/test_agents.py\n!!!!!!!!!!!!!!!!!!!!!!!!!! stopping after 1 failures !!!!!!!!!!!!!!!!!!!!!!!!!!!\n=============================== 1 error in 0.12s ===============================\n"
    }
  },
  {
    "project": "darpa_crawl",
    "fixes": 20,
    "test_results": {
      "status": "failed",
      "passed": 4,
      "failed": 2,
      "errors": 0,
      "collection_errors": false,
      "output": "Cannot read termcap database;\nusing dumb terminal settings.\n============================= test session starts ==============================\nplatform linux -- Python 3.10.11, pytest-8.4.0, pluggy-1.6.0 -- /home/graham/workspace/experiments/darpa_crawl/.venv/bin/python\ncachedir: .pytest_cache\nmetadata: {'Python': '3.10.11', 'Platform': 'Linux-6.8.0-57-generic-x86_64-with-glibc2.39', 'Packages': {'pytest': '8.4.0', 'pluggy': '1.6.0'}, 'Plugins': {'metadata': '3.1.1', 'claude-test-reporter': '0.2.1', 'cov': '6.1.1', 'allure-pytest': '2.14.2', 'json-report': '1.5.0', 'asyncio': '1.0.0', 'anyio': '4.9.0'}}\nrootdir: /home/graham/workspace/experiments/darpa_crawl\nconfigfile: pytest.ini\ntestpaths: tests\nplugins: metadata-3.1.1, claude-test-reporter-0.2.1, cov-6.1.1, allure-pytest-2.14.2, json-report-1.5.0, asyncio-1.0.0, anyio-4.9.0\nasyncio: mode=auto, asyncio_default_fixture_loop_scope=None, asyncio_default_test_loop_scope=function\ncollecting ... DARPA Crawl Database Configuration Test\n==================================================\n\nEnvironment Check:\n  GRANGER_MODE: not set\n  ARANGO_HOST: localhost\n  Working directory: /home/graham/workspace/experiments/darpa_crawl\n  In Granger path: False\n\nChecking available imports:\n  \u2713 loguru available\n  \u2713 python-arango available\n  \u2713 aiohttp available\n\nDatabase Backend Decision:\n  Standalone mode \u2192 Would use SQLite\n\n\u2713 Configuration test complete!\nDARPA Crawl - Final Integration Test\n============================================================\nDate: 2025-06-07 18:19:42.499957\n\nCurrent Configuration:\n  Working Directory: /home/graham/workspace/experiments/darpa_crawl\n  GRANGER_MODE: not set\n  DATABASE_BACKEND: auto-detect\n\nTest 1: Standalone Mode (SQLite)\n----------------------------------------\n  This is the default when running DARPA Crawl independently\n  - Uses SQLite with FTS5 and BM25 ranking\n  - No external dependencies\n  - Full-text search capabilities\n  \u2713 Perfect for testing and standalone deployments\n\nTest 2: Granger Integration Mode (ArangoDB)\n----------------------------------------\n  Activated when GRANGER_MODE=true or running within Granger\n  - Uses ArangoDB for graph-based storage\n  - Integrates with Granger's memory bank\n  - Enables cross-module intelligence\n  - Tracks relationships between:\n    * Opportunities \u2190 \u2192 Capabilities\n    * Granger Modules \u2190 \u2192 Capabilities\n    * Opportunities \u2192 Proposals \u2192 Evaluations\n  \u2713 Enables advanced features for the Granger ecosystem\n\nSummary:\n============================================================\nDARPA Crawl now supports dual database backends:\n\n1. SQLite (Standalone) - Zero configuration, just works\n2. ArangoDB (Granger) - Graph intelligence, cross-module integration\n\nThe system automatically detects the environment and chooses\nthe appropriate backend. No manual configuration needed!\n\nTo use with Granger, simply set: GRANGER_MODE=true\nTo use standalone, just run normally (no config needed)\n\n\u2705 Implementation complete and tested!\nTesting DARPA Crawl core components...\n==================================================\n\u2717 Model test failed: invalid syntax (__init__.py, line 3)\n\nChecking scraper implementations:\n\u2713 Basic: Valid implementation\n\u2713 Enhanced (Marker): Valid implementation\n\u2713 SPARTA: Valid implementation\n\nChecking configuration:\n\u2713 Config file valid\n\nChecking environment:\n\u2717 SAMGOV_API_KEY: Not found\n\u2713 GOOGLE_APPLICATION_CREDENTIALS: Configured\n\n==================================================\n\nNote: Full functionality requires installing dependencies.\nThis test verifies structure and configuration only.\nTesting DARPA Crawl basic structure...\n==================================================\n\n1. Checking project structure:\n   src/: \u2713\n   tests/: \u2713\n   docs/: \u2713\n   scripts/: \u2713\n\n2. Checking key files:\n   pyproject.toml: \u2713\n   .env: \u2713\n   src/darpa_crawl/__init__.py: \u2713\n   src/darpa_crawl/core/scrapers/darpa_catalog.py: \u2713\n   src/darpa_crawl/core/scrapers/darpa_catalog_enhanced.py: \u2713\n   src/darpa_crawl/core/scrapers/darpa_catalog_sparta.py: \u2713\n\n3. Checking integrations in pyproject.toml:\n   marker: \u2713\n   sparta: \u2713\n   claude-module-communicator: \u2713\n\n4. Checking .env configuration:\n   SAM_GOV_API_KEY: \u2713\n   ANTHROPIC_API_KEY: \u2713\n   GOOGLE_APPLICATION_CREDENTIALS: \u2713\n\n==================================================\n\nNote: This test only checks structure, not functionality.\nTo test functionality, dependencies must be installed with: pip install -e .\ncollected 7 items\n\ntests/darpa_crawl/core/scrapers/test_darpa_rss.py::test_darpa_rss \n============================================================\nSERVICE HEALTH CHECK\n============================================================\nsqlite          \u2705 Available\narangodb        \u26a0\ufe0f Responded with 401\ninternet        \u2705 Connected\napi_keys        \u2705 2/3 keys configured\n============================================================\n\nTesting DARPA RSS feed: https://www.darpa.mil/rss/opportunities.xml\n============================================================\n\nFeed Title: Opportunities RSS\nFeed Description: Since 1958, DARPA has held to an enduring mission: To create technological surprise for U.S. national security.\nNumber of entries: 10\n\nRecent opportunities:\n\n1. PROSE: Industry Day\n   Link: https://www.darpa.mil/work-with-us/opportunities\n   Published: Fri, 06 Jun 2025 20:26:58 +0000\n\n2. POWER (Phase 2)\n   Link: https://www.darpa.mil/work-with-us/opportunities\n   Published: Wed, 04 Jun 2025 19:43:02 +0000\n\n3. Office-wide BAA: DSO\n   Link: https://www.darpa.mil/work-with-us/opportunities\n   Published: Tue, 03 Jun 2025 21:21:13 +0000\n\n4. Special topic: Ag x BTO\n   Link: https://www.darpa.mil/work-with-us/opportunities\n   Published: Mon, 02 Jun 2025 13:19:31 +0000\n\n5. Rads to Watts: Proposers Day\n   Link: https://www.darpa.mil/work-with-us/opportunities\n   Published: Wed, 28 May 2025 20:34:05 +0000\n\n6. RFI: Advanced Disease Outbreak Simulation Capabilities\n   Link: https://www.darpa.mil/work-with-us/opportunities\n   Published: Tue, 27 May 2025 18:37:46 +0000\n\n7. Rads to Watts\n   Link: https://www.darpa.mil/work-with-us/opportunities\n   Published: Wed, 21 May 2025 15:11:30 +0000\n\n8. SBIR: Turbulent Boundary Layer Drag Reduction via Surface Actuators\n   Link: https://www.darpa.mil/work-with-us/opportunities\n   Published: Wed, 07 May 2025 12:58:58 +0000\n\n9. SBIR: Inertially Scaled Aircraft (ISaAc)\n   Link: https://www.darpa.mil/work-with-us/opportunities\n   Published: Wed, 07 May 2025 12:53:32 +0000\n\n10. SBIR: Improving Battle Planning through AI\n   Link: https://www.darpa.mil/work-with-us/opportunities\n   Published: Wed, 07 May 2025 12:46:48 +0000\nPASSED\ntests/darpa_crawl/core/scrapers/test_darpa_specific_search.py::test_darpa_search Searching for DARPA opportunities...\n==================================================\n\nOrganization Name Search...\n----------------------------------------\nError: Invalid variable type: value should be str, int or float, got None of type <class 'NoneType'>\n\nDepartment Filter...\n----------------------------------------\nError: Invalid variable type: value should be str, int or float, got None of type <class 'NoneType'>\n\nSolicitation Number Pattern...\n----------------------------------------\nError: Invalid variable type: value should be str, int or float, got None of type <class 'NoneType'>\n\n==================================================\n\nTOTAL UNIQUE DARPA OPPORTUNITIES FOUND: 0\nPASSED\ntests/darpa_crawl/core/scrapers/test_sam_gov_api.py::test_sam_gov_api \u2717 SAMGOV_API_KEY not found in environment\nPASSED\ntests/integration/test_full_system.py::test_core_functionality DARPA CRAWL FULL SYSTEM TEST\n============================================================\nDate: 2025-06-07 18:19:43.756656\n\n1. Testing SAM.gov Scraper\n----------------------------------------\n\u2717 SAM.gov scraper error: Invalid variable type: value should be str, int or float, got None of type <class 'NoneType'>\n\n2. Testing DARPA RSS Feed\n----------------------------------------\n\u2713 RSS feed working - found 10 entries\n  1. PROSE: Industry Day\n  2. POWER (Phase 2)\n  3. Office-wide BAA: DSO\n\n3. Testing Database Operations\n----------------------------------------\n\u2713 Database working with FTS5 and BM25\n  - Inserted 2 test opportunities\n  - Search returned 1 results\n\n4. Testing Granger Alignment Logic\n----------------------------------------\n\u2713 Alignment calculation working\n  - Test opportunity: AI-Assisted Software Verification\n  - Matching keywords: {'autonomous', 'AI', 'verification', 'natural language', 'machine learning'}\n  - Alignment score: 83.33%\n  - RL score: 0.80\n\n============================================================\nSUMMARY\n============================================================\n\nTests passed: 3/4\n\n\u26a0\ufe0f  Some components need attention\nFailed tests: sam_gov_scraper\nPASSED\ntests/test_basic_functionality.py::test_imports Testing imports...\n\u2717 Import failed: No module named 'darpa_crawl.models'\nFAILED\n\n=================================== FAILURES ===================================\n_________________________________ test_imports _________________________________\nExpected None, but test returned False. Did you mean to use `assert` instead of `return`?\n=========================== short test summary info ============================\nFAILED tests/test_basic_functionality.py::test_imports - Failed: Expected None, but test returned False. Did you mean to use `assert` instead of `return`?\n!!!!!!!!!!!!!!!!!!!!!!!!!! stopping after 1 failures !!!!!!!!!!!!!!!!!!!!!!!!!!!\n========================= 1 failed, 4 passed in 1.79s ==========================\n"
    }
  },
  {
    "project": "gitget",
    "fixes": 100,
    "test_results": {
      "status": "failed",
      "passed": 0,
      "failed": 0,
      "errors": 3,
      "collection_errors": false,
      "output": "Cannot read termcap database;\nusing dumb terminal settings.\n============================= test session starts ==============================\nplatform linux -- Python 3.10.11, pytest-8.4.0, pluggy-1.6.0 -- /home/graham/workspace/experiments/gitget/.venv/bin/python\ncachedir: .pytest_cache\nmetadata: {'Python': '3.10.11', 'Platform': 'Linux-6.8.0-57-generic-x86_64-with-glibc2.39', 'Packages': {'pytest': '8.4.0', 'pluggy': '1.6.0'}, 'Plugins': {'metadata': '3.1.1', 'claude-test-reporter': '0.2.1', 'cov': '6.1.1', 'json-report': '1.5.0', 'asyncio': '1.0.0', 'anyio': '4.9.0'}}\nrootdir: /home/graham/workspace/experiments/gitget\nconfigfile: pytest.ini\ntestpaths: tests\nplugins: metadata-3.1.1, claude-test-reporter-0.2.1, cov-6.1.1, json-report-1.5.0, asyncio-1.0.0, anyio-4.9.0\nasyncio: mode=auto, asyncio_default_fixture_loop_scope=None, asyncio_default_test_loop_scope=function\ncollecting ... 2025-06-07 18:19:47.725 | WARNING  | gitget.utils.text_summarizer:<module>:99 - Error handler and enhanced logging not available, falling back to standard error handling\n2025-06-07 18:19:50.440 | DEBUG    | gitget.utils.initialize_litellm_cache:initialize_litellm_cache:63 - Starting LiteLLM cache initialization (Redis target: localhost:6379)...\n2025-06-07 18:19:50.440 | DEBUG    | gitget.utils.initialize_litellm_cache:initialize_litellm_cache:68 - Testing Redis connection...\n2025-06-07 18:19:50.454 | DEBUG    | gitget.utils.initialize_litellm_cache:initialize_litellm_cache:85 - Existing Redis keys: [<7164 str elements>]\n2025-06-07 18:19:50.454 | DEBUG    | gitget.utils.initialize_litellm_cache:initialize_litellm_cache:90 - Configuring LiteLLM Redis cache...\n2025-06-07 18:19:50.457 | DEBUG    | gitget.utils.initialize_litellm_cache:initialize_litellm_cache:101 - Enabling LiteLLM cache...\n2025-06-07 18:19:50.457 | DEBUG    | gitget.utils.initialize_litellm_cache:initialize_litellm_cache:108 - LiteLLM cache config: {'cache': <litellm.caching.redis_cache.RedisCache object at 0x7b06e69d3dc0>, 'supported_call_types': ['acompletion', 'completion'], 'type': <LiteLLMCacheType.REDIS: 'redis'>, 'namespace': None, 'redis_flush_size': None, 'ttl': 172800, 'mode': <CacheMode.default_on: 'default_on'>}\n2025-06-07 18:19:50.457 | INFO     | gitget.utils.initialize_litellm_cache:initialize_litellm_cache:111 - \u2705 Redis caching enabled on localhost:6379\n2025-06-07 18:19:50.458 | DEBUG    | gitget.utils.initialize_litellm_cache:initialize_litellm_cache:118 - Redis test write/read successful: True\n2025-06-07 18:19:50.730 | INFO     | gitget.cache.repository_cache:__init__:88 - Repository cache initialized at /home/graham/.gitget/cache\n2025-06-07 18:19:50.731 | INFO     | gitget.cache.cache_manager:__init__:38 - Cache manager initialized\ncollected 4 items / 1 error\n\n==================================== ERRORS ====================================\n_________________ ERROR collecting tests/e2e/test_workflows.py _________________\n.venv/lib/python3.10/site-packages/_pytest/python.py:497: in importtestmodule\n    mod = import_path(\n.venv/lib/python3.10/site-packages/_pytest/pathlib.py:587: in import_path\n    importlib.import_module(module_name)\n../../../.local/share/uv/python/cpython-3.10.11-linux-x86_64-gnu/lib/python3.10/importlib/__init__.py:126: in import_module\n    return _bootstrap._gcd_import(name[level:], package, level)\n<frozen importlib._bootstrap>:1050: in _gcd_import\n    ???\n<frozen importlib._bootstrap>:1027: in _find_and_load\n    ???\n<frozen importlib._bootstrap>:1006: in _find_and_load_unlocked\n    ???\n<frozen importlib._bootstrap>:688: in _load_unlocked\n    ???\n.venv/lib/python3.10/site-packages/_pytest/assertion/rewrite.py:177: in exec_module\n    source_stat, co = _rewrite_test(fn, self.config)\n.venv/lib/python3.10/site-packages/_pytest/assertion/rewrite.py:357: in _rewrite_test\n    tree = ast.parse(source, filename=strfn)\n../../../.local/share/uv/python/cpython-3.10.11-linux-x86_64-gnu/lib/python3.10/ast.py:50: in parse\n    return compile(source, filename, mode, flags,\nE     File \"/home/graham/workspace/experiments/gitget/tests/e2e/test_workflows.py\", line 43\nE       async def test_gitget_marker(self, test_repo_url):\nE   IndentationError: unexpected unindent\n=============================== warnings summary ===============================\n.venv/lib/python3.10/site-packages/spacy/cli/_util.py:23\n  /home/graham/workspace/experiments/gitget/.venv/lib/python3.10/site-packages/spacy/cli/_util.py:23: DeprecationWarning: Importing 'parser.split_arg_string' is deprecated, it will only be available in 'shell_completion' in Click 9.0.\n    from click.parser import split_arg_string\n\n.venv/lib/python3.10/site-packages/weasel/util/config.py:8\n  /home/graham/workspace/experiments/gitget/.venv/lib/python3.10/site-packages/weasel/util/config.py:8: DeprecationWarning: Importing 'parser.split_arg_string' is deprecated, it will only be available in 'shell_completion' in Click 9.0.\n    from click.parser import split_arg_string\n\n.venv/lib/python3.10/site-packages/pydantic/_internal/_config.py:323\n  /home/graham/workspace/experiments/gitget/.venv/lib/python3.10/site-packages/pydantic/_internal/_config.py:323: PydanticDeprecatedSince20: Support for class-based `config` is deprecated, use ConfigDict instead. Deprecated in Pydantic V2.0 to be removed in V3.0. See Pydantic V2 Migration Guide at https://errors.pydantic.dev/2.11/migration/\n    warnings.warn(DEPRECATION_MESSAGE, DeprecationWarning)\n\n-- Docs: https://docs.pytest.org/en/stable/how-to/capture-warnings.html\n=========================== short test summary info ============================\nERROR tests/e2e/test_workflows.py\n!!!!!!!!!!!!!!!!!!!!!!!!!! stopping after 1 failures !!!!!!!!!!!!!!!!!!!!!!!!!!!\n========================= 3 warnings, 1 error in 6.30s =========================\n"
    }
  },
  {
    "project": "arxiv-mcp-server",
    "fixes": 47,
    "test_results": {
      "status": "failed",
      "passed": 0,
      "failed": 0,
      "errors": 3,
      "collection_errors": false,
      "output": "Cannot read termcap database;\nusing dumb terminal settings.\n============================= test session starts ==============================\nplatform linux -- Python 3.10.11, pytest-8.4.0, pluggy-1.6.0 -- /home/graham/workspace/mcp-servers/arxiv-mcp-server/.venv/bin/python\ncachedir: .pytest_cache\nmetadata: {'Python': '3.10.11', 'Platform': 'Linux-6.8.0-57-generic-x86_64-with-glibc2.39', 'Packages': {'pytest': '8.4.0', 'pluggy': '1.6.0'}, 'Plugins': {'metadata': '3.1.1', 'claude-test-reporter': '0.2.1', 'json-report': '1.5.0', 'asyncio': '1.0.0', 'anyio': '4.9.0'}}\nrootdir: /home/graham/workspace/mcp-servers/arxiv-mcp-server\nconfigfile: pytest.ini\ntestpaths: tests\nplugins: metadata-3.1.1, claude-test-reporter-0.2.1, json-report-1.5.0, asyncio-1.0.0, anyio-4.9.0\nasyncio: mode=auto, asyncio_default_fixture_loop_scope=None, asyncio_default_test_loop_scope=function\ncollecting ... collected 0 items / 1 error\n\n==================================== ERRORS ====================================\n_______ ERROR collecting tests/performance/test_concurrent_operations.py _______\n.venv/lib/python3.10/site-packages/_pytest/python.py:497: in importtestmodule\n    mod = import_path(\n.venv/lib/python3.10/site-packages/_pytest/pathlib.py:587: in import_path\n    importlib.import_module(module_name)\n../../../.local/share/uv/python/cpython-3.10.11-linux-x86_64-gnu/lib/python3.10/importlib/__init__.py:126: in import_module\n    return _bootstrap._gcd_import(name[level:], package, level)\n<frozen importlib._bootstrap>:1050: in _gcd_import\n    ???\n<frozen importlib._bootstrap>:1027: in _find_and_load\n    ???\n<frozen importlib._bootstrap>:1006: in _find_and_load_unlocked\n    ???\n<frozen importlib._bootstrap>:688: in _load_unlocked\n    ???\n.venv/lib/python3.10/site-packages/_pytest/assertion/rewrite.py:177: in exec_module\n    source_stat, co = _rewrite_test(fn, self.config)\n.venv/lib/python3.10/site-packages/_pytest/assertion/rewrite.py:357: in _rewrite_test\n    tree = ast.parse(source, filename=strfn)\n../../../.local/share/uv/python/cpython-3.10.11-linux-x86_64-gnu/lib/python3.10/ast.py:50: in parse\n    return compile(source, filename, mode, flags,\nE     File \"/home/graham/workspace/mcp-servers/arxiv-mcp-server/tests/performance/test_concurrent_operations.py\", line 87\nE       async def test_parallel_downloads(self, test_papers):\nE   IndentationError: unexpected unindent\n=========================== short test summary info ============================\nERROR tests/performance/test_concurrent_operations.py\n!!!!!!!!!!!!!!!!!!!!!!!!!! stopping after 1 failures !!!!!!!!!!!!!!!!!!!!!!!!!!!\n=============================== 1 error in 0.13s ===============================\n"
    }
  },
  {
    "project": "mcp-screenshot",
    "fixes": 10,
    "test_results": {
      "status": "failed",
      "passed": 0,
      "failed": 0,
      "errors": 0,
      "collection_errors": false,
      "output": "Cannot read termcap database;\nusing dumb terminal settings.\n============================= test session starts ==============================\nplatform linux -- Python 3.10.11, pytest-8.4.0, pluggy-1.6.0 -- /home/graham/workspace/experiments/mcp-screenshot/.venv/bin/python\ncachedir: .pytest_cache\nmetadata: {'Python': '3.10.11', 'Platform': 'Linux-6.8.0-57-generic-x86_64-with-glibc2.39', 'Packages': {'pytest': '8.4.0', 'pluggy': '1.6.0'}, 'Plugins': {'metadata': '3.1.1', 'json-report': '1.5.0', 'asyncio': '1.0.0', 'anyio': '4.9.0'}}\nrootdir: /home/graham/workspace/experiments/mcp-screenshot\nconfigfile: pytest.ini\ntestpaths: tests\nplugins: metadata-3.1.1, json-report-1.5.0, asyncio-1.0.0, anyio-4.9.0\nasyncio: mode=auto, asyncio_default_fixture_loop_scope=None, asyncio_default_test_loop_scope=function\ncollecting ... collected 3 items / 3 deselected / 0 selected\n\n============================ 3 deselected in 0.06s =============================\n"
    }
  },
  {
    "project": "chat",
    "fixes": 19,
    "test_results": {
      "status": "failed",
      "passed": 0,
      "failed": 0,
      "errors": 3,
      "collection_errors": false,
      "output": "Cannot read termcap database;\nusing dumb terminal settings.\n============================= test session starts ==============================\nplatform linux -- Python 3.10.11, pytest-8.4.0, pluggy-1.6.0 -- /home/graham/workspace/experiments/chat/.venv/bin/python\ncachedir: .pytest_cache\nmetadata: {'Python': '3.10.11', 'Platform': 'Linux-6.8.0-57-generic-x86_64-with-glibc2.39', 'Packages': {'pytest': '8.4.0', 'pluggy': '1.6.0'}, 'Plugins': {'metadata': '3.1.1', 'json-report': '1.5.0', 'asyncio': '1.0.0', 'anyio': '4.9.0'}}\nrootdir: /home/graham/workspace/experiments/chat\nconfigfile: pytest.ini\ntestpaths: tests\nplugins: metadata-3.1.1, json-report-1.5.0, asyncio-1.0.0, anyio-4.9.0\nasyncio: mode=auto, asyncio_default_fixture_loop_scope=None, asyncio_default_test_loop_scope=function\ncollecting ... collected 0 items / 1 error\n\n==================================== ERRORS ====================================\n________________________ ERROR collecting tests/backend ________________________\n../../../.local/share/uv/python/cpython-3.10.11-linux-x86_64-gnu/lib/python3.10/importlib/__init__.py:126: in import_module\n    return _bootstrap._gcd_import(name[level:], package, level)\n<frozen importlib._bootstrap>:1050: in _gcd_import\n    ???\n<frozen importlib._bootstrap>:1027: in _find_and_load\n    ???\n<frozen importlib._bootstrap>:1006: in _find_and_load_unlocked\n    ???\n<frozen importlib._bootstrap>:688: in _load_unlocked\n    ???\n.venv/lib/python3.10/site-packages/_pytest/assertion/rewrite.py:186: in exec_module\n    exec(co, module.__dict__)\ntests/backend/conftest.py:16: in <module>\n    from api.main import app\nbackend/api/main.py:14: in <module>\n    from backend.dashboard import dashboard_router\nbackend/dashboard/__init__.py:11: in <module>\n    from .routes import dashboard_router\nbackend/dashboard/routes.py:238: in <module>\n    from .learning_curves import learning_curves_router\nbackend/dashboard/learning_curves.py:30: in <module>\n    import numpy as np\nE   ModuleNotFoundError: No module named 'numpy'\n=============================== warnings summary ===============================\n.venv/lib/python3.10/site-packages/arango/client.py:6\n  /home/graham/workspace/experiments/chat/.venv/lib/python3.10/site-packages/arango/client.py:6: UserWarning: pkg_resources is deprecated as an API. See https://setuptools.pypa.io/en/latest/pkg_resources.html. The pkg_resources package is slated for removal as early as 2025-11-30. Refrain from using this package or pin to Setuptools<81.\n    from pkg_resources import get_distribution\n\nbackend/dashboard/models.py:28\n  /home/graham/workspace/experiments/chat/backend/dashboard/models.py:28: PydanticDeprecatedSince20: Pydantic V1 style `@validator` validators are deprecated. You should migrate to Pydantic V2 style `@field_validator` validators, see the migration guide for more details. Deprecated in Pydantic V2.0 to be removed in V3.0. See Pydantic V2 Migration Guide at https://errors.pydantic.dev/2.5/migration/\n    @validator('collection')\n\nbackend/dashboard/models.py:102\n  /home/graham/workspace/experiments/chat/backend/dashboard/models.py:102: PydanticDeprecatedSince20: Pydantic V1 style `@validator` validators are deprecated. You should migrate to Pydantic V2 style `@field_validator` validators, see the migration guide for more details. Deprecated in Pydantic V2.0 to be removed in V3.0. See Pydantic V2 Migration Guide at https://errors.pydantic.dev/2.5/migration/\n    @validator('type')\n\n-- Docs: https://docs.pytest.org/en/stable/how-to/capture-warnings.html\n=========================== short test summary info ============================\nERROR tests/backend - ModuleNotFoundError: No module named 'numpy'\n!!!!!!!!!!!!!!!!!!!!!!!!!! stopping after 1 failures !!!!!!!!!!!!!!!!!!!!!!!!!!!\n========================= 3 warnings, 1 error in 0.57s =========================\n"
    }
  },
  {
    "project": "annotator",
    "fixes": 15,
    "test_results": {
      "status": "failed",
      "passed": 0,
      "failed": 0,
      "errors": 3,
      "collection_errors": false,
      "output": "Cannot read termcap database;\nusing dumb terminal settings.\n============================= test session starts ==============================\nplatform linux -- Python 3.10.11, pytest-8.4.0, pluggy-1.6.0 -- /home/graham/workspace/experiments/annotator/.venv/bin/python\ncachedir: .pytest_cache\nmetadata: {'Python': '3.10.11', 'Platform': 'Linux-6.8.0-57-generic-x86_64-with-glibc2.39', 'Packages': {'pytest': '8.4.0', 'pluggy': '1.6.0'}, 'Plugins': {'metadata': '3.1.1', 'cov': '6.1.1', 'json-report': '1.5.0', 'asyncio': '1.0.0', 'anyio': '4.9.0'}}\nrootdir: /home/graham/workspace/experiments/annotator\nconfigfile: pytest.ini\ntestpaths: tests\nplugins: metadata-3.1.1, cov-6.1.1, json-report-1.5.0, asyncio-1.0.0, anyio-4.9.0\nasyncio: mode=auto, asyncio_default_fixture_loop_scope=None, asyncio_default_test_loop_scope=function\ncollecting ... collected 2 items / 1 error\n\n==================================== ERRORS ====================================\n__________________ ERROR collecting tests/active_annotator/ux __________________\n../../../.local/share/uv/python/cpython-3.10.11-linux-x86_64-gnu/lib/python3.10/importlib/__init__.py:126: in import_module\n    return _bootstrap._gcd_import(name[level:], package, level)\n<frozen importlib._bootstrap>:1050: in _gcd_import\n    ???\n<frozen importlib._bootstrap>:1027: in _find_and_load\n    ???\n<frozen importlib._bootstrap>:1006: in _find_and_load_unlocked\n    ???\n<frozen importlib._bootstrap>:688: in _load_unlocked\n    ???\n.venv/lib/python3.10/site-packages/_pytest/assertion/rewrite.py:186: in exec_module\n    exec(co, module.__dict__)\ntests/active_annotator/ux/conftest.py:18: in <module>\n    from playwright.sync_api import Browser, Page, Playwright\nE   ModuleNotFoundError: No module named 'playwright'\n=========================== short test summary info ============================\nERROR tests/active_annotator/ux - ModuleNotFoundError: No module named 'playwright'\n!!!!!!!!!!!!!!!!!!!!!!!!!! stopping after 1 failures !!!!!!!!!!!!!!!!!!!!!!!!!!!\n=============================== 1 error in 0.07s ===============================\n"
    }
  },
  {
    "project": "aider-daemon",
    "fixes": 3701,
    "test_results": {
      "status": "failed",
      "passed": 0,
      "failed": 0,
      "errors": 0,
      "collection_errors": false,
      "output": "Traceback (most recent call last):\n  File \"/home/graham/.local/share/uv/python/cpython-3.10.11-linux-x86_64-gnu/lib/python3.10/runpy.py\", line 196, in _run_module_as_main\n    return _run_code(code, main_globals, None,\n  File \"/home/graham/.local/share/uv/python/cpython-3.10.11-linux-x86_64-gnu/lib/python3.10/runpy.py\", line 86, in _run_code\n    exec(code, run_globals)\n  File \"/home/graham/workspace/experiments/aider-daemon/.venv/lib/python3.10/site-packages/pytest/__main__.py\", line 9, in <module>\n    raise SystemExit(pytest.console_main())\n  File \"/home/graham/workspace/experiments/aider-daemon/.venv/lib/python3.10/site-packages/_pytest/config/__init__.py\", line 201, in console_main\n    code = main()\n  File \"/home/graham/workspace/experiments/aider-daemon/.venv/lib/python3.10/site-packages/_pytest/config/__init__.py\", line 156, in main\n    config = _prepareconfig(args, plugins)\n  File \"/home/graham/workspace/experiments/aider-daemon/.venv/lib/python3.10/site-packages/_pytest/config/__init__.py\", line 342, in _prepareconfig\n    config = pluginmanager.hook.pytest_cmdline_parse(\n  File \"/home/graham/workspace/experiments/aider-daemon/.venv/lib/python3.10/site-packages/pluggy/_hooks.py\", line 512, in __call__\n    return self._hookexec(self.name, self._hookimpls.copy(), kwargs, firstresult)\n  File \"/home/graham/workspace/experiments/aider-daemon/.venv/lib/python3.10/site-packages/pluggy/_manager.py\", line 120, in _hookexec\n    return self._inner_hookexec(hook_name, methods, kwargs, firstresult)\n  File \"/home/graham/workspace/experiments/aider-daemon/.venv/lib/python3.10/site-packages/pluggy/_callers.py\", line 167, in _multicall\n    raise exception\n  File \"/home/graham/workspace/experiments/aider-daemon/.venv/lib/python3.10/site-packages/pluggy/_callers.py\", line 139, in _multicall\n    teardown.throw(exception)\n  File \"/home/graham/workspace/experiments/aider-daemon/.venv/lib/python3.10/site-packages/_pytest/helpconfig.py\", line 112, in pytest_cmdline_parse\n    config = yield\n  File \"/home/graham/workspace/experiments/aider-daemon/.venv/lib/python3.10/site-packages/pluggy/_callers.py\", line 121, in _multicall\n    res = hook_impl.function(*args)\n  File \"/home/graham/workspace/experiments/aider-daemon/.venv/lib/python3.10/site-packages/_pytest/config/__init__.py\", line 1146, in pytest_cmdline_parse\n    self.parse(args)\n  File \"/home/graham/workspace/experiments/aider-daemon/.venv/lib/python3.10/site-packages/_pytest/config/__init__.py\", line 1527, in parse\n    self._preparse(args, addopts=addopts)\n  File \"/home/graham/workspace/experiments/aider-daemon/.venv/lib/python3.10/site-packages/_pytest/config/__init__.py\", line 1412, in _preparse\n    self.pluginmanager.load_setuptools_entrypoints(\"pytest11\")\n  File \"/home/graham/workspace/experiments/aider-daemon/.venv/lib/python3.10/site-packages/pluggy/_manager.py\", line 416, in load_setuptools_entrypoints\n    plugin = ep.load()\n  File \"/home/graham/.local/share/uv/python/cpython-3.10.11-linux-x86_64-gnu/lib/python3.10/importlib/metadata/__init__.py\", line 171, in load\n    module = import_module(match.group('module'))\n  File \"/home/graham/.local/share/uv/python/cpython-3.10.11-linux-x86_64-gnu/lib/python3.10/importlib/__init__.py\", line 126, in import_module\n    return _bootstrap._gcd_import(name[level:], package, level)\n  File \"<frozen importlib._bootstrap>\", line 1050, in _gcd_import\n  File \"<frozen importlib._bootstrap>\", line 1027, in _find_and_load\n  File \"<frozen importlib._bootstrap>\", line 1006, in _find_and_load_unlocked\n  File \"<frozen importlib._bootstrap>\", line 688, in _load_unlocked\n  File \"/home/graham/workspace/experiments/aider-daemon/.venv/lib/python3.10/site-packages/_pytest/assertion/rewrite.py\", line 177, in exec_module\n    source_stat, co = _rewrite_test(fn, self.config)\n  File \"/home/graham/workspace/experiments/aider-daemon/.venv/lib/python3.10/site-packages/_pytest/assertion/rewrite.py\", line 357, in _rewrite_test\n    tree = ast.parse(source, filename=strfn)\n  File \"/home/graham/.local/share/uv/python/cpython-3.10.11-linux-x86_64-gnu/lib/python3.10/ast.py\", line 50, in parse\n    return compile(source, filename, mode, flags,\n  File \"/home/graham/workspace/experiments/aider-daemon/.venv/lib/python3.10/site-packages/allure_pytest/plugin.py\", line 69\n    import sys\n    ^^^^^^\nSyntaxError: invalid syntax\n"
    }
  },
  {
    "project": "runpod_ops",
    "fixes": 62,
    "test_results": {
      "status": "failed",
      "passed": 0,
      "failed": 0,
      "errors": 3,
      "collection_errors": false,
      "output": "Cannot read termcap database;\nusing dumb terminal settings.\n============================= test session starts ==============================\nplatform linux -- Python 3.10.11, pytest-8.4.0, pluggy-1.6.0 -- /home/graham/workspace/experiments/runpod_ops/.venv/bin/python\ncachedir: .pytest_cache\nmetadata: {'Python': '3.10.11', 'Platform': 'Linux-6.8.0-57-generic-x86_64-with-glibc2.39', 'Packages': {'pytest': '8.4.0', 'pluggy': '1.6.0'}, 'Plugins': {'metadata': '3.1.1', 'json-report': '1.5.0', 'asyncio': '1.0.0', 'anyio': '4.9.0'}}\nrootdir: /home/graham/workspace/experiments/runpod_ops\nconfigfile: pytest.ini\ntestpaths: tests\nplugins: metadata-3.1.1, json-report-1.5.0, asyncio-1.0.0, anyio-4.9.0\nasyncio: mode=auto, asyncio_default_fixture_loop_scope=None, asyncio_default_test_loop_scope=function\ncollecting ... collected 1 item / 1 error\n\n==================================== ERRORS ====================================\n_______ ERROR collecting tests/runpod_ops/core/test_inference_server.py ________\n.venv/lib/python3.10/site-packages/_pytest/python.py:497: in importtestmodule\n    mod = import_path(\n.venv/lib/python3.10/site-packages/_pytest/pathlib.py:587: in import_path\n    importlib.import_module(module_name)\n../../../.local/share/uv/python/cpython-3.10.11-linux-x86_64-gnu/lib/python3.10/importlib/__init__.py:126: in import_module\n    return _bootstrap._gcd_import(name[level:], package, level)\n<frozen importlib._bootstrap>:1050: in _gcd_import\n    ???\n<frozen importlib._bootstrap>:1027: in _find_and_load\n    ???\n<frozen importlib._bootstrap>:1006: in _find_and_load_unlocked\n    ???\n<frozen importlib._bootstrap>:688: in _load_unlocked\n    ???\n.venv/lib/python3.10/site-packages/_pytest/assertion/rewrite.py:177: in exec_module\n    source_stat, co = _rewrite_test(fn, self.config)\n.venv/lib/python3.10/site-packages/_pytest/assertion/rewrite.py:357: in _rewrite_test\n    tree = ast.parse(source, filename=strfn)\n../../../.local/share/uv/python/cpython-3.10.11-linux-x86_64-gnu/lib/python3.10/ast.py:50: in parse\n    return compile(source, filename, mode, flags,\nE     File \"/home/graham/workspace/experiments/runpod_ops/tests/runpod_ops/core/test_inference_server.py\", line 59\nE       async def test_deploy_real(self, server):\nE   IndentationError: unexpected unindent\n=========================== short test summary info ============================\nERROR tests/runpod_ops/core/test_inference_server.py\n!!!!!!!!!!!!!!!!!!!!!!!!!! stopping after 1 failures !!!!!!!!!!!!!!!!!!!!!!!!!!!\n=============================== 1 error in 1.85s ===============================\n"
    }
  },
  {
    "project": "granger-ui",
    "fixes": 4,
    "test_results": {
      "status": "passed",
      "passed": 2,
      "failed": 0,
      "errors": 0,
      "collection_errors": false,
      "output": null
    }
  },
  {
    "project": "shared_claude_docs",
    "fixes": 116,
    "test_results": {
      "status": "failed",
      "passed": 0,
      "failed": 0,
      "errors": 0,
      "collection_errors": false,
      "output": "Traceback (most recent call last):\n  File \"/home/graham/.local/share/uv/python/cpython-3.10.11-linux-x86_64-gnu/lib/python3.10/runpy.py\", line 187, in _run_module_as_main\n    mod_name, mod_spec, code = _get_module_details(mod_name, _Error)\n  File \"/home/graham/.local/share/uv/python/cpython-3.10.11-linux-x86_64-gnu/lib/python3.10/runpy.py\", line 146, in _get_module_details\n    return _get_module_details(pkg_main_name, error)\n  File \"/home/graham/.local/share/uv/python/cpython-3.10.11-linux-x86_64-gnu/lib/python3.10/runpy.py\", line 110, in _get_module_details\n    __import__(pkg_name)\n  File \"/home/graham/workspace/shared_claude_docs/.venv/lib/python3.10/site-packages/pytest/__init__.py\", line 21\n    from __future__ import annotations\n    ^^^^^^^^^^^^^^^^^^^^^^^^^^^^^^^^^^\nSyntaxError: from __future__ imports must occur at the beginning of the file\n"
    }
  }
]