[
  {
    "project": "granger_hub",
    "status": "passed",
    "passed": 0,
    "failed": 0,
    "errors": 0,
    "total": 0,
    "duration": 0.12075567245483398,
    "output": "s/_pytest/assertion/rewrite.py:177: in exec_module\n    source_stat, co = _rewrite_test(fn, self.config)\n.venv/lib/python3.10/site-packages/_pytest/assertion/rewrite.py:357: in _rewrite_test\n    tree = ast.parse(source, filename=strfn)\n../../../.local/share/uv/python/cpython-3.10.11-linux-x86_64-gnu/lib/python3.10/ast.py:50: in parse\n    return compile(source, filename, mode, flags,\nE     File \"/home/graham/workspace/experiments/granger_hub/tests/core/adapters/test_adapter_framework.py\", line 37\nE       async def test_adapter_lifecycle(self):\nE   IndentationError: unexpected unindent\n--------------------------------- JSON report ----------------------------------\nreport saved to: test_report.json\n=========================== short test summary info ============================\nERROR tests/core/adapters/test_adapter_framework.py\n!!!!!!!!!!!!!!!!!!!!!!!!!! stopping after 1 failures !!!!!!!!!!!!!!!!!!!!!!!!!!!\n=============================== 1 error in 0.12s ===============================\n"
  },
  {
    "project": "rl_commons",
    "status": "passed",
    "passed": 0,
    "failed": 0,
    "errors": 0,
    "total": 0,
    "duration": 0.08179306983947754,
    "output": "============================= test session starts ==============================\nplatform linux -- Python 3.10.11, pytest-8.4.0, pluggy-1.6.0 -- /home/graham/workspace/experiments/rl_commons/.venv/bin/python\ncachedir: .pytest_cache\nmetadata: {'Python': '3.10.11', 'Platform': 'Linux-6.8.0-57-generic-x86_64-with-glibc2.39', 'Packages': {'pytest': '8.4.0', 'pluggy': '1.6.0'}, 'Plugins': {'metadata': '3.1.1', 'json-report': '1.5.0', 'asyncio': '1.0.0', 'anyio': '4.9.0'}}\nrootdir: /home/graham/workspace/experiments/rl_commons\nconfigfile: pytest.ini\ntestpaths: tests\nplugins: metadata-3.1.1, json-report-1.5.0, asyncio-1.0.0, anyio-4.9.0\nasyncio: mode=strict, asyncio_default_fixture_loop_scope=None, asyncio_default_test_loop_scope=function\ncollecting ... collected 3 items / 3 deselected / 0 selected\n\n--------------------------------- JSON report ----------------------------------\nreport saved to: test_report.json\n============================ 3 deselected in 0.08s =============================\n"
  },
  {
    "project": "world_model",
    "status": "failed",
    "passed": 0,
    "failed": 1,
    "errors": 0,
    "total": 1,
    "duration": 0.21181201934814453,
    "output": "model/.venv/lib/python3.10/site-packages/pydantic/fields.py:1089: PydanticDeprecatedSince20: Using extra keyword arguments on `Field` is deprecated and will be removed. Use `json_schema_extra` instead. (Extra keys: 'env'). Deprecated in Pydantic V2.0 to be removed in V3.0. See Pydantic V2 Migration Guide at https://errors.pydantic.dev/2.11/migration/\n    warn(\n\n-- Docs: https://docs.pytest.org/en/stable/how-to/capture-warnings.html\n--------------------------------- JSON report ----------------------------------\nreport saved to: test_report.json\n=========================== short test summary info ============================\nFAILED tests/test_module_creation.py::TestWorldModelStructure::test_world_model_structure - AssertionError: Test duration 0.00012254714965820312s outside expected range\nassert 0.1 <= 0.00012254714965820312\n!!!!!!!!!!!!!!!!!!!!!!!!!! stopping after 1 failures !!!!!!!!!!!!!!!!!!!!!!!!!!!\n================= 1 failed, 5 deselected, 13 warnings in 0.21s =================\n"
  },
  {
    "project": "claude-test-reporter",
    "status": "failed",
    "passed": 0,
    "failed": 1,
    "errors": 0,
    "total": 1,
    "duration": 0.05409741401672363,
    "output": "unt'\n=============================== warnings summary ===============================\nsrc/claude_test_reporter/core/test_result_verifier.py:36\n  /home/graham/workspace/experiments/claude-test-reporter/src/claude_test_reporter/core/test_result_verifier.py:36: PytestCollectionWarning: cannot collect test class 'TestResultVerifier' because it has a __init__ constructor (from: tests/core/test_test_result_verifier.py)\n    @dataclass\n\n-- Docs: https://docs.pytest.org/en/stable/how-to/capture-warnings.html\n--------------------------------- JSON report ----------------------------------\nreport saved to: test_report.json\n=========================== short test summary info ============================\nFAILED tests/core/test_test_result_verifier.py::TestTestResultVerifier::test_create_immutable_test_record - KeyError: 'total_test_count'\n!!!!!!!!!!!!!!!!!!!!!!!!!! stopping after 1 failures !!!!!!!!!!!!!!!!!!!!!!!!!!!\n========================= 1 failed, 1 warning in 0.05s =========================\n"
  },
  {
    "project": "sparta",
    "status": "passed",
    "passed": 0,
    "failed": 0,
    "errors": 0,
    "total": 0,
    "duration": 0.12147927284240723,
    "output": ".py:177: in exec_module\n    source_stat, co = _rewrite_test(fn, self.config)\n.venv/lib/python3.10/site-packages/_pytest/assertion/rewrite.py:357: in _rewrite_test\n    tree = ast.parse(source, filename=strfn)\n../../../.local/share/uv/python/cpython-3.10.11-linux-x86_64-gnu/lib/python3.10/ast.py:50: in parse\n    return compile(source, filename, mode, flags,\nE     File \"/home/graham/workspace/experiments/sparta/tests/sparta/integration/test_honeypot.py\", line 37\nE       assert module not in sys.modules, f\"Mock module {module} should not be imported!\"\nE   IndentationError: unexpected indent\n--------------------------------- JSON report ----------------------------------\nreport saved to: test_report.json\n=========================== short test summary info ============================\nERROR tests/sparta/integration/test_honeypot.py\n!!!!!!!!!!!!!!!!!!!!!!!!!! stopping after 1 failures !!!!!!!!!!!!!!!!!!!!!!!!!!!\n=============================== 1 error in 0.12s ===============================\n"
  },
  {
    "project": "marker",
    "status": "failed",
    "passed": 0,
    "failed": 0,
    "errors": 0,
    "total": 0,
    "output": "portError while loading conftest '/home/graham/workspace/experiments/marker/tests/conftest.py'.\ntests/conftest.py:28: in <module>\n    from marker.core.providers.pdf import PdfProvider\nsrc/marker/__init__.py:19: in <module>\n    from marker.core.schema.document import Document\nsrc/marker/core/schema/document.py:31: in <module>\n    from marker.core.schema.blocks import Block, BlockId, BlockOutput\nsrc/marker/core/schema/blocks/__init__.py:21: in <module>\n    from marker.core.schema.blocks.base import Block, BlockId, BlockOutput\nsrc/marker/core/schema/blocks/base.py:26: in <module>\n    from PIL import Image\n.venv/lib/python3.10/site-packages/PIL/Image.py:80: in <module>\n    from ._binary import i32le, o32be, o32le\nE     File \"/home/graham/workspace/experiments/marker/.venv/lib/python3.10/site-packages/PIL/_binary.py\", line 30\nE       from __future__ import annotations\nE       ^^^^^^^^^^^^^^^^^^^^^^^^^^^^^^^^^^\nE   SyntaxError: from __future__ imports must occur at the beginning of the file\n"
  },
  {
    "project": "arangodb",
    "status": "passed",
    "passed": 0,
    "failed": 0,
    "errors": 0,
    "total": 0,
    "duration": 1.0551493167877197,
    "output": "234\n  /home/graham/workspace/experiments/arangodb/.venv/lib/python3.10/site-packages/pydantic/deprecated/class_validators.py:234: PydanticDeprecatedSince20: Pydantic V1 style `@root_validator` validators are deprecated. You should migrate to Pydantic V2 style `@model_validator` validators, see the migration guide for more details. Deprecated in Pydantic V2.0 to be removed in V3.0. See Pydantic V2 Migration Guide at https://errors.pydantic.dev/2.11/migration/\n    return root_validator()(*__args)  # type: ignore\n\n-- Docs: https://docs.pytest.org/en/stable/how-to/capture-warnings.html\n--------------------------------- JSON report ----------------------------------\nreport saved to: test_report.json\n=========================== short test summary info ============================\nERROR tests/integration/test_entity_deduplication.py\n!!!!!!!!!!!!!!!!!!!!!!!!!! stopping after 1 failures !!!!!!!!!!!!!!!!!!!!!!!!!!!\n======================== 13 warnings, 1 error in 1.05s =========================\n"
  },
  {
    "project": "llm_call",
    "status": "passed",
    "passed": 2,
    "failed": 0,
    "errors": 0,
    "total": 2,
    "duration": 0.029420137405395508,
    "output": "ollected 2 items\n\ntests/test_basic.py::test_import PASSED\ntests/test_basic.py::test_python_version PASSED\n\ud83d\udcca Test report generated: docs/reports/test_report_20250607_182905.md\n\n\n=============================== warnings summary ===============================\n.venv/lib/python3.10/site-packages/pydantic/_internal/_config.py:323\n  /home/graham/workspace/experiments/llm_call/.venv/lib/python3.10/site-packages/pydantic/_internal/_config.py:323: PydanticDeprecatedSince20: Support for class-based `config` is deprecated, use ConfigDict instead. Deprecated in Pydantic V2.0 to be removed in V3.0. See Pydantic V2 Migration Guide at https://errors.pydantic.dev/2.11/migration/\n    warnings.warn(DEPRECATION_MESSAGE, DeprecationWarning)\n\n-- Docs: https://docs.pytest.org/en/stable/how-to/capture-warnings.html\n--------------------------------- JSON report ----------------------------------\nreport saved to: test_report.json\n========================= 2 passed, 1 warning in 0.03s =========================\n"
  },
  {
    "project": "unsloth_wip",
    "status": "passed",
    "passed": 0,
    "failed": 0,
    "errors": 0,
    "total": 0,
    "duration": 0.30350828170776367,
    "output": " ???\n.venv/lib/python3.10/site-packages/_pytest/assertion/rewrite.py:177: in exec_module\n    source_stat, co = _rewrite_test(fn, self.config)\n.venv/lib/python3.10/site-packages/_pytest/assertion/rewrite.py:357: in _rewrite_test\n    tree = ast.parse(source, filename=strfn)\n../../../.local/share/uv/python/cpython-3.10.11-linux-x86_64-gnu/lib/python3.10/ast.py:50: in parse\n    return compile(source, filename, mode, flags,\nE     File \"/home/graham/workspace/experiments/unsloth_wip/tests/mcp/test_prompts.py\", line 42\nE       async def test_capabilities_prompt(self):\nE   IndentationError: unexpected unindent\n--------------------------------- JSON report ----------------------------------\nreport saved to: test_report.json\n=========================== short test summary info ============================\nERROR tests/mcp/test_prompts.py\n!!!!!!!!!!!!!!!!!!!!!!!!!! stopping after 1 failures !!!!!!!!!!!!!!!!!!!!!!!!!!!\n=============================== 1 error in 0.30s ===============================\n"
  },
  {
    "project": "youtube_transcripts",
    "status": "passed",
    "passed": 0,
    "failed": 0,
    "errors": 0,
    "total": 0,
    "duration": 0.11601829528808594,
    "output": "ackages/_pytest/assertion/rewrite.py:177: in exec_module\n    source_stat, co = _rewrite_test(fn, self.config)\n.venv/lib/python3.10/site-packages/_pytest/assertion/rewrite.py:357: in _rewrite_test\n    tree = ast.parse(source, filename=strfn)\n../../../.local/share/uv/python/cpython-3.10.11-linux-x86_64-gnu/lib/python3.10/ast.py:50: in parse\n    return compile(source, filename, mode, flags,\nE     File \"/home/graham/workspace/experiments/youtube_transcripts/tests/agents/test_agents.py\", line 49\nE       async def test_agent_manager_task_submission(self, agent_db):\nE   IndentationError: unexpected unindent\n--------------------------------- JSON report ----------------------------------\nreport saved to: test_report.json\n=========================== short test summary info ============================\nERROR tests/agents/test_agents.py\n!!!!!!!!!!!!!!!!!!!!!!!!!! stopping after 1 failures !!!!!!!!!!!!!!!!!!!!!!!!!!!\n=============================== 1 error in 0.11s ===============================\n"
  },
  {
    "project": "darpa_crawl",
    "status": "passed",
    "passed": 0,
    "failed": 0,
    "errors": 0,
    "total": 0,
    "duration": 1.914733648300171,
    "output": "rtlib._bootstrap>\", line 1050, in _gcd_import\n  File \"<frozen importlib._bootstrap>\", line 1027, in _find_and_load\n  File \"<frozen importlib._bootstrap>\", line 1006, in _find_and_load_unlocked\n  File \"<frozen importlib._bootstrap>\", line 688, in _load_unlocked\n  File \"/home/graham/workspace/experiments/darpa_crawl/.venv/lib/python3.10/site-packages/_pytest/assertion/rewrite.py\", line 177, in exec_module\n    source_stat, co = _rewrite_test(fn, self.config)\n  File \"/home/graham/workspace/experiments/darpa_crawl/.venv/lib/python3.10/site-packages/_pytest/assertion/rewrite.py\", line 357, in _rewrite_test\n    tree = ast.parse(source, filename=strfn)\n  File \"/home/graham/.local/share/uv/python/cpython-3.10.11-linux-x86_64-gnu/lib/python3.10/ast.py\", line 50, in parse\n    return compile(source, filename, mode, flags,\n  File \"/home/graham/workspace/experiments/darpa_crawl/.venv/lib/python3.10/site-packages/allure_pytest/plugin.py\", line 69\n    import sys\n    ^^^^^^\nSyntaxError: invalid syntax\n"
  },
  {
    "project": "gitget",
    "status": "passed",
    "passed": 0,
    "failed": 0,
    "errors": 0,
    "total": 0,
    "duration": 6.273267984390259,
    "output": "n' in Click 9.0.\n    from click.parser import split_arg_string\n\n.venv/lib/python3.10/site-packages/pydantic/_internal/_config.py:323\n  /home/graham/workspace/experiments/gitget/.venv/lib/python3.10/site-packages/pydantic/_internal/_config.py:323: PydanticDeprecatedSince20: Support for class-based `config` is deprecated, use ConfigDict instead. Deprecated in Pydantic V2.0 to be removed in V3.0. See Pydantic V2 Migration Guide at https://errors.pydantic.dev/2.11/migration/\n    warnings.warn(DEPRECATION_MESSAGE, DeprecationWarning)\n\n-- Docs: https://docs.pytest.org/en/stable/how-to/capture-warnings.html\n--------------------------------- JSON report ----------------------------------\nreport saved to: test_report.json\n=========================== short test summary info ============================\nERROR tests/e2e/test_workflows.py\n!!!!!!!!!!!!!!!!!!!!!!!!!! stopping after 1 failures !!!!!!!!!!!!!!!!!!!!!!!!!!!\n========================= 3 warnings, 1 error in 6.27s =========================\n"
  },
  {
    "project": "arxiv-mcp-server",
    "status": "passed",
    "passed": 0,
    "failed": 0,
    "errors": 0,
    "total": 0,
    "duration": 0.13162612915039062,
    "output": "rite.py:177: in exec_module\n    source_stat, co = _rewrite_test(fn, self.config)\n.venv/lib/python3.10/site-packages/_pytest/assertion/rewrite.py:357: in _rewrite_test\n    tree = ast.parse(source, filename=strfn)\n../../../.local/share/uv/python/cpython-3.10.11-linux-x86_64-gnu/lib/python3.10/ast.py:50: in parse\n    return compile(source, filename, mode, flags,\nE     File \"/home/graham/workspace/mcp-servers/arxiv-mcp-server/tests/performance/test_concurrent_operations.py\", line 87\nE       async def test_parallel_downloads(self, test_papers):\nE   IndentationError: unexpected unindent\n--------------------------------- JSON report ----------------------------------\nreport saved to: test_report.json\n=========================== short test summary info ============================\nERROR tests/performance/test_concurrent_operations.py\n!!!!!!!!!!!!!!!!!!!!!!!!!! stopping after 1 failures !!!!!!!!!!!!!!!!!!!!!!!!!!!\n=============================== 1 error in 0.13s ===============================\n"
  },
  {
    "project": "mcp-screenshot",
    "status": "passed",
    "passed": 0,
    "failed": 0,
    "errors": 0,
    "total": 0,
    "duration": 0.0581822395324707,
    "output": "======================= test session starts ==============================\nplatform linux -- Python 3.10.11, pytest-8.4.0, pluggy-1.6.0 -- /home/graham/workspace/experiments/mcp-screenshot/.venv/bin/python\ncachedir: .pytest_cache\nmetadata: {'Python': '3.10.11', 'Platform': 'Linux-6.8.0-57-generic-x86_64-with-glibc2.39', 'Packages': {'pytest': '8.4.0', 'pluggy': '1.6.0'}, 'Plugins': {'metadata': '3.1.1', 'json-report': '1.5.0', 'asyncio': '1.0.0', 'anyio': '4.9.0'}}\nrootdir: /home/graham/workspace/experiments/mcp-screenshot\nconfigfile: pytest.ini\ntestpaths: tests\nplugins: metadata-3.1.1, json-report-1.5.0, asyncio-1.0.0, anyio-4.9.0\nasyncio: mode=auto, asyncio_default_fixture_loop_scope=None, asyncio_default_test_loop_scope=function\ncollecting ... collected 3 items / 3 deselected / 0 selected\n\n--------------------------------- JSON report ----------------------------------\nreport saved to: test_report.json\n============================ 3 deselected in 0.06s =============================\n"
  },
  {
    "project": "chat",
    "status": "passed",
    "passed": 0,
    "failed": 0,
    "errors": 0,
    "total": 0,
    "duration": 0.5630979537963867,
    "output": "2.5/migration/\n    @validator('collection')\n\nbackend/dashboard/models.py:102\n  /home/graham/workspace/experiments/chat/backend/dashboard/models.py:102: PydanticDeprecatedSince20: Pydantic V1 style `@validator` validators are deprecated. You should migrate to Pydantic V2 style `@field_validator` validators, see the migration guide for more details. Deprecated in Pydantic V2.0 to be removed in V3.0. See Pydantic V2 Migration Guide at https://errors.pydantic.dev/2.5/migration/\n    @validator('type')\n\n-- Docs: https://docs.pytest.org/en/stable/how-to/capture-warnings.html\n--------------------------------- JSON report ----------------------------------\nreport saved to: test_report.json\n=========================== short test summary info ============================\nERROR tests/backend - ModuleNotFoundError: No module named 'numpy'\n!!!!!!!!!!!!!!!!!!!!!!!!!! stopping after 1 failures !!!!!!!!!!!!!!!!!!!!!!!!!!!\n========================= 3 warnings, 1 error in 0.56s =========================\n"
  },
  {
    "project": "annotator",
    "status": "passed",
    "passed": 0,
    "failed": 0,
    "errors": 0,
    "total": 0,
    "duration": 0.06756806373596191,
    "output": "l:], package, level)\n<frozen importlib._bootstrap>:1050: in _gcd_import\n    ???\n<frozen importlib._bootstrap>:1027: in _find_and_load\n    ???\n<frozen importlib._bootstrap>:1006: in _find_and_load_unlocked\n    ???\n<frozen importlib._bootstrap>:688: in _load_unlocked\n    ???\n.venv/lib/python3.10/site-packages/_pytest/assertion/rewrite.py:186: in exec_module\n    exec(co, module.__dict__)\ntests/active_annotator/ux/conftest.py:18: in <module>\n    from playwright.sync_api import Browser, Page, Playwright\nE   ModuleNotFoundError: No module named 'playwright'\n--------------------------------- JSON report ----------------------------------\nreport saved to: test_report.json\n=========================== short test summary info ============================\nERROR tests/active_annotator/ux - ModuleNotFoundError: No module named 'playwright'\n!!!!!!!!!!!!!!!!!!!!!!!!!! stopping after 1 failures !!!!!!!!!!!!!!!!!!!!!!!!!!!\n=============================== 1 error in 0.07s ===============================\n"
  },
  {
    "project": "aider-daemon",
    "status": "failed",
    "passed": 0,
    "failed": 0,
    "errors": 0,
    "total": 0,
    "output": "ib._bootstrap>\", line 1050, in _gcd_import\n  File \"<frozen importlib._bootstrap>\", line 1027, in _find_and_load\n  File \"<frozen importlib._bootstrap>\", line 1006, in _find_and_load_unlocked\n  File \"<frozen importlib._bootstrap>\", line 688, in _load_unlocked\n  File \"/home/graham/workspace/experiments/aider-daemon/.venv/lib/python3.10/site-packages/_pytest/assertion/rewrite.py\", line 177, in exec_module\n    source_stat, co = _rewrite_test(fn, self.config)\n  File \"/home/graham/workspace/experiments/aider-daemon/.venv/lib/python3.10/site-packages/_pytest/assertion/rewrite.py\", line 357, in _rewrite_test\n    tree = ast.parse(source, filename=strfn)\n  File \"/home/graham/.local/share/uv/python/cpython-3.10.11-linux-x86_64-gnu/lib/python3.10/ast.py\", line 50, in parse\n    return compile(source, filename, mode, flags,\n  File \"/home/graham/workspace/experiments/aider-daemon/.venv/lib/python3.10/site-packages/allure_pytest/plugin.py\", line 69\n    import sys\n    ^^^^^^\nSyntaxError: invalid syntax\n"
  },
  {
    "project": "runpod_ops",
    "status": "passed",
    "passed": 0,
    "failed": 0,
    "errors": 0,
    "total": 0,
    "duration": 1.8201720714569092,
    "output": "pytest/assertion/rewrite.py:177: in exec_module\n    source_stat, co = _rewrite_test(fn, self.config)\n.venv/lib/python3.10/site-packages/_pytest/assertion/rewrite.py:357: in _rewrite_test\n    tree = ast.parse(source, filename=strfn)\n../../../.local/share/uv/python/cpython-3.10.11-linux-x86_64-gnu/lib/python3.10/ast.py:50: in parse\n    return compile(source, filename, mode, flags,\nE     File \"/home/graham/workspace/experiments/runpod_ops/tests/runpod_ops/core/test_inference_server.py\", line 59\nE       async def test_deploy_real(self, server):\nE   IndentationError: unexpected unindent\n--------------------------------- JSON report ----------------------------------\nreport saved to: test_report.json\n=========================== short test summary info ============================\nERROR tests/runpod_ops/core/test_inference_server.py\n!!!!!!!!!!!!!!!!!!!!!!!!!! stopping after 1 failures !!!!!!!!!!!!!!!!!!!!!!!!!!!\n=============================== 1 error in 1.82s ===============================\n"
  },
  {
    "project": "granger-ui",
    "status": "passed",
    "passed": 2,
    "failed": 0,
    "errors": 0,
    "total": 2,
    "duration": 0.01076817512512207,
    "output": "========================= test session starts ==============================\nplatform linux -- Python 3.10.11, pytest-8.4.0, pluggy-1.6.0 -- /home/graham/workspace/granger-ui/.venv/bin/python\ncachedir: .pytest_cache\nmetadata: {'Python': '3.10.11', 'Platform': 'Linux-6.8.0-57-generic-x86_64-with-glibc2.39', 'Packages': {'pytest': '8.4.0', 'pluggy': '1.6.0'}, 'Plugins': {'metadata': '3.1.1', 'json-report': '1.5.0', 'asyncio': '1.0.0'}}\nrootdir: /home/graham/workspace/granger-ui\nconfigfile: pytest.ini\ntestpaths: tests\nplugins: metadata-3.1.1, json-report-1.5.0, asyncio-1.0.0\nasyncio: mode=auto, asyncio_default_fixture_loop_scope=None, asyncio_default_test_loop_scope=function\ncollecting ... collected 2 items\n\ntests/test_basic.py::test_import PASSED\ntests/test_basic.py::test_python_version PASSED\n\n--------------------------------- JSON report ----------------------------------\nreport saved to: test_report.json\n============================== 2 passed in 0.01s ===============================\n"
  },
  {
    "project": "shared_claude_docs",
    "status": "failed",
    "passed": 0,
    "failed": 0,
    "errors": 0,
    "total": 0,
    "output": "rom _pytest._code import ExceptionInfo\n  File \"/home/graham/workspace/shared_claude_docs/.venv/lib/python3.10/site-packages/_pytest/_code/__init__.py\", line 17, in <module>\n    from .code import Code\n  File \"/home/graham/workspace/shared_claude_docs/.venv/lib/python3.10/site-packages/_pytest/_code/code.py\", line 62, in <module>\n    from _pytest._io import TerminalWriter\n  File \"/home/graham/workspace/shared_claude_docs/.venv/lib/python3.10/site-packages/_pytest/_io/__init__.py\", line 17, in <module>\n    from .terminalwriter import get_terminal_width\n  File \"/home/graham/workspace/shared_claude_docs/.venv/lib/python3.10/site-packages/_pytest/_io/terminalwriter.py\", line 26, in <module>\n    from ..compat import assert_never\n  File \"/home/graham/workspace/shared_claude_docs/.venv/lib/python3.10/site-packages/_pytest/compat.py\", line 18\n    from __future__ import annotations\n    ^^^^^^^^^^^^^^^^^^^^^^^^^^^^^^^^^^\nSyntaxError: from __future__ imports must occur at the beginning of the file\n"
  }
]