[
  {
    "project": "granger_hub",
    "status": "failed",
    "tests": {
      "total": 97,
      "passed": 0,
      "failed": 0,
      "skipped": 0,
      "error": 0,
      "deselected": 3,
      "collection_errors": 0
    },
    "duration": 7.126590728759766,
    "output": "Cannot read termcap database;\nusing dumb terminal settings.\n============================= test session starts ==============================\nplatform linux -- Python 3.10.11, pytest-8.4.0, pluggy-1.6.0 -- /home/graham/workspace/experiments/granger_hub/.venv/bin/python\ncachedir: .pytest_cache\nmetadata: {'Python': '3.10.11', 'Platform': 'Linux-6.8.0-57-generic-x86_64-with-glibc2.39', 'Packages': {'pytest': '8.4.0', 'pluggy': '1.6.0'}, 'Plugins': {'metadata': '3.1.1', 'claude-test-reporter': '0.2.1', 'html': '4.1.1', 'allure-pytest': '2.14.2', 'json-report': '1.5.0', 'asyncio': '1.0.0', 'anyio': '4.9.0'}}\nrootdir: /home/graham/workspace/experiments/granger_hub\nconfigfile: pytest.ini\ntestpaths: tests\nplugins: metadata-3.1.1, claude-test-reporter-0.2.1, html-4.1.1, allure-pytest-2.14.2, json-report-1.5.0, asyncio-1.0.0, anyio-4.9.0\nasyncio: mode=strict, asyncio_default_fixture_loop_scope=None, asyncio_default_test_loop_scope=function\ncollecting ... collected 100 items / 24 errors / 3 deselected / 97 selected\n\n==================================== ERRORS ====================================\n________ ERROR collecting tests/core/adapters/test_adapter_framework.py ________\n.venv/lib/python3.10/site-packages/_pytest/python.py:497: in importtestmodule\n    mod = import_path(\n.venv/lib/python3.10/site-packages/_pytest/pathlib.py:587: in import_path\n    importlib.import_module(module_name)\n../../../.local/share/uv/python/cpython-3.10.11-linux-x86_64-gnu/lib/python3.10/importlib/__init__.py:126: in import_module\n    return _bootstrap._gcd_import(name[level:], package, level)\n<frozen importlib._bootstrap>:1050: in _gcd_import\n    ???\n<frozen importlib._bootstrap>:1027: in _find_and_load\n    ???\n<frozen importlib._bootstrap>:1006: in _find_and_load_unlocked\n    ???\n<frozen importlib._bootstrap>:688: in _load_unlocked\n    ???\n.venv/lib/python3.10/site-packages/_pytest/assertion/rewrite.py:177: in exec_module\n    source_stat, co = _rewrite_test(fn, self.config)\n.venv/lib/python3.10/site-packages/_pytest/assertion/rewrite.py:357: in _rewrite_test\n    tree = ast.parse(source, filename=strfn)\n../../../.local/share/uv/python/cpython-3.10.11-linux-x86_64-gnu/lib/python3.10/ast.py:50: in parse\n    return compile(source, filename, mode, flags,\nE     File \"/home/graham/workspace/experiments/granger_hub/tests/core/adapters/test_adapter_framework.py\", line 37\nE       async def test_adapter_lifecycle(self):\nE   IndentationError: unexpected unindent\n________ ERROR collecting tests/core/adapters/test_adapter_honeypot.py _________\n.venv/lib/python3.10/site-packages/_pytest/python.py:497: in importtestmodule\n    mod = import_path(\n.venv/lib/python3.10/site-packages/_pytest/pathlib.py:587: in import_path\n    importlib.import_module(module_name)\n../../../.local/share/uv/python/cpython-3.10.11-linux-x86_64-gnu/lib/python3.10/importlib/__init__.py:126: in import_module\n    return _bootstrap._gcd_import(name[level:], package, level)\n<frozen importlib._bootstrap>:1050: in _gcd_import\n    ???\n<frozen importlib._bootstrap>:1027: in _find_and_load\n    ???\n<frozen importlib._bootstrap>:1006: in _find_and_load_unlocked\n    ???\n<frozen importlib._bootstrap>:688: in _load_unlocked\n    ???\n.venv/lib/python3.10/site-packages/_pytest/assertion/rewrite.py:177: in exec_module\n    source_stat, co = _rewrite_test(fn, self.config)\n.venv/lib/python3.10/site-packages/_pytest/assertion/rewrite.py:357: in _rewrite_test\n    tree = ast.parse(source, filename=strfn)\n../../../.local/share/uv/python/cpython-3.10.11-linux-x86_64-gnu/lib/python3.10/ast.py:50: in parse\n    return compile(source, filename, mode, flags,\nE     File \"/home/graham/workspace/experiments/granger_hub/tests/core/adapters/test_adapter_honeypot.py\", line 54\nE       async def test_impossible_zero_latency(self):\nE   IndentationError: unexpected unindent\n_________ ERROR collecting tests/core/adapters/test_binary_handling.py _________\n.venv/lib/python3.10/site-packages/_pytest/python.py:497: in importtestmodule\n    mod = import_path(\n.venv/lib/python3.10/site-packages/_pytest/pathlib.py:587: in import_path\n    importlib.import_module(module_name)\n../../../.local/share/uv/python/cpython-3.10.11-linux-x86_64-gnu/lib/python3.10/importlib/__init__.py:126: in import_module\n    return _bootstrap._gcd_import(name[level:], package, level)\n<frozen importlib._bootstrap>:1050: in _gcd_import\n    ???\n<frozen importlib._bootstrap>:1027: in _find_and_load\n    ???\n<frozen importlib._bootstrap>:1006: in _find_and_load_unlocked\n    ???\n<frozen importlib._bootstrap>:688: in _load_unlocked\n    ???\n.venv/lib/python3.10/site-packages/_pytest/assertion/rewrite.py:177: in exec_module\n    source_stat, co = _rewrite_test(fn, self.config)\n.venv/lib/python3.10/site-packages/_pytest/assertion/rewrite.py:357: in _rewrite_test\n    tree = ast.parse(source, filename=strfn)\n../../../.local/share/uv/python/cpython-3.10.11-linux-x86_64-gnu/lib/python3.10/ast.py:50: in parse\n    return compile(source, filename, mode, flags,\nE     File \"/home/graham/workspace/experiments/granger_hub/tests/core/adapters/test_binary_handling.py\", line 82\nE       async def test_compression_methods(self):\nE   IndentationError: unexpected unindent\n___________ ERROR collecting tests/core/adapters/test_cli_adapter.py ___________\n.venv/lib/python3.10/site-packages/_pytest/python.py:497: in importtestmodule\n    mod = import_path(\n.venv/lib/python3.10/site-packages/_pytest/pathlib.py:587: in import_path\n    importlib.import_module(module_name)\n../../../.local/share/uv/python/cpython-3.10.11-linux-x86_64-gnu/lib/python3.10/importlib/__init__.py:126: in import_module\n    return _bootstrap._gcd_import(name[level:], package, level)\n<frozen importlib._bootstrap>:1050: in _gcd_import\n    ???\n<frozen importlib._bootstrap>:1027: in _find_and_load\n    ???\n<frozen importlib._bootstrap>:1006: in _find_and_load_unlocked\n    ???\n<frozen importlib._bootstrap>:688: in _load_unlocked\n    ???\n.venv/lib/python3.10/site-packages/_pytest/assertion/rewrite.py:177: in exec_module\n    source_stat, co = _rewrite_test(fn, self.config)\n.venv/lib/python3.10/site-packages/_pytest/assertion/rewrite.py:357: in _rewrite_test\n    tree = ast.parse(source, filename=strfn)\n../../../.local/share/uv/python/cpython-3.10.11-linux-x86_64-gnu/lib/python3.10/ast.py:50: in parse\n    return compile(source, filename, mode, flags,\nE     File \"/home/graham/workspace/experiments/granger_hub/tests/core/adapters/test_cli_adapter.py\", line 26\nE       async def test_real_process_execution(self):\nE   IndentationError: unexpected unindent\n________ ERROR collecting tests/core/adapters/test_hardware_adapters.py ________\n.venv/lib/python3.10/site-packages/_pytest/python.py:497: in importtestmodule\n    mod = import_path(\n.venv/lib/python3.10/site-packages/_pytest/pathlib.py:587: in import_path\n    importlib.import_module(module_name)\n../../../.local/share/uv/python/cpython-3.10.11-linux-x86_64-gnu/lib/python3.10/importlib/__init__.py:126: in import_module\n    return _bootstrap._gcd_import(name[level:], package, level)\n<frozen importlib._bootstrap>:1050: in _gcd_import\n    ???\n<frozen importlib._bootstrap>:1027: in _find_and_load\n    ???\n<frozen importlib._bootstrap>:1006: in _find_and_load_unlocked\n    ???\n<frozen importlib._bootstrap>:688: in _load_unlocked\n    ???\n.venv/lib/python3.10/site-packages/_pytest/assertion/rewrite.py:177: in exec_module\n    source_stat, co = _rewrite_test(fn, self.config)\n.venv/lib/python3.10/site-packages/_pytest/assertion/rewrite.py:357: in _rewrite_test\n    tree = ast.parse(source, filename=strfn)\n../../../.local/share/uv/python/cpython-3.10.11-linux-x86_64-gnu/lib/python3.10/ast.py:50: in parse\n    return compile(source, filename, mode, flags,\nE     File \"/home/graham/workspace/experiments/granger_hub/tests/core/adapters/test_hardware_adapters.py\", line 32\nE       async def test_jtag_connection_and_memory_read(self):\nE   IndentationError: unexpected unindent\n___________ ERROR collecting tests/core/adapters/test_mcp_adapter.py ___________\n.venv/lib/python3.10/site-packages/_pytest/python.py:497: in importtestmodule\n    mod = import_path(\n.venv/lib/python3.10/site-packages/_pytest/pathlib.py:587: in import_path\n    importlib.import_module(module_name)\n../../../.local/share/uv/python/cpython-3.10.11-linux-x86_64-gnu/lib/python3.10/importlib/__init__.py:126: in import_module\n    return _bootstrap._gcd_import(name[level:], package, level)\n<frozen importlib._bootstrap>:1050: in _gcd_import\n    ???\n<frozen importlib._bootstrap>:1027: in _find_and_load\n    ???\n<frozen importlib._bootstrap>:1006: in _find_and_load_unlocked\n    ???\n<frozen importlib._bootstrap>:688: in _load_unlocked\n    ???\n.venv/lib/python3.10/site-packages/_pytest/assertion/rewrite.py:177: in exec_module\n    source_stat, co = _rewrite_test(fn, self.config)\n.venv/lib/python3.10/site-packages/_pytest/assertion/rewrite.py:357: in _rewrite_test\n    tree = ast.parse(source, filename=strfn)\n../../../.local/share/uv/python/cpython-3.10.11-linux-x86_64-gnu/lib/python3.10/ast.py:50: in parse\n    return compile(source, filename, mode, flags,\nE     File \"/home/graham/workspace/experiments/granger_hub/tests/core/adapters/test_mcp_adapter.py\", line 124\nE       async def test_real_mcp_connection(self):\nE   IndentationError: unexpected unindent\n__________ ERROR collecting tests/core/adapters/test_rest_adapter.py ___________\n.venv/lib/python3.10/site-packages/_pytest/python.py:497: in importtestmodule\n    mod = import_path(\n.venv/lib/python3.10/site-packages/_pytest/pathlib.py:587: in import_path\n    importlib.import_module(module_name)\n../../../.local/share/uv/python/cpython-3.10.11-linux-x86_64-gnu/lib/python3.10/importlib/__init__.py:126: in import_module\n    return _bootstrap._gcd_import(name[level:], package, level)\n<frozen importlib._bootstrap>:1050: in _gcd_import\n    ???\n<frozen importlib._bootstrap>:1027: in _find_and_load\n    ???\n<frozen importlib._bootstrap>:1006: in _find_and_load_unlocked\n    ???\n<frozen importlib._bootstrap>:688: in _load_unlocked\n    ???\n.venv/lib/python3.10/site-packages/_pytest/assertion/rewrite.py:177: in exec_module\n    source_stat, co = _rewrite_test(fn, self.config)\n.venv/lib/python3.10/site-packages/_pytest/assertion/rewrite.py:357: in _rewrite_test\n    tree = ast.parse(source, filename=strfn)\n../../../.local/share/uv/python/cpython-3.10.11-linux-x86_64-gnu/lib/python3.10/ast.py:50: in parse\n    return compile(source, filename, mode, flags,\nE     File \"/home/graham/workspace/experiments/granger_hub/tests/core/adapters/test_rest_adapter.py\", line 105\nE       async def test_real_http_request(self):\nE   IndentationError: unexpected unindent\n____ ERROR collecting tests/core/modules/test_browser_automation_module.py _____\n.venv/lib/python3.10/site-packages/_pytest/python.py:497: in importtestmodule\n    mod = import_path(\n.venv/lib/python3.10/site-packages/_pytest/pathlib.py:587: in import_path\n    importlib.import_module(module_name)\n../../../.local/share/uv/python/cpython-3.10.11-linux-x86_64-gnu/lib/python3.10/importlib/__init__.py:126: in import_module\n    return _bootstrap._gcd_import(name[level:], package, level)\n<frozen importlib._bootstrap>:1050: in _gcd_import\n    ???\n<frozen importlib._bootstrap>:1027: in _find_and_load\n    ???\n<frozen importlib._bootstrap>:1006: in _find_and_load_unlocked\n    ???\n<frozen importlib._bootstrap>:688: in _load_unlocked\n    ???\n.venv/lib/python3.10/site-packages/_pytest/assertion/rewrite.py:177: in exec_module\n    source_stat, co = _rewrite_test(fn, self.config)\n.venv/lib/python3.10/site-packages/_pytest/assertion/rewrite.py:357: in _rewrite_test\n    tree = ast.parse(source, filename=strfn)\n../../../.local/share/uv/python/cpython-3.10.11-linux-x86_64-gnu/lib/python3.10/ast.py:50: in parse\n    return compile(source, filename, mode, flags,\nE     File \"/home/graham/workspace/experiments/granger_hub/tests/core/modules/test_browser_automation_module.py\", line 37\nE       async def test_module_initialization(self, browser_module):\nE   IndentationError: unexpected unindent\n_______________ ERROR collecting tests/core/test_event_system.py _______________\n.venv/lib/python3.10/site-packages/_pytest/python.py:497: in importtestmodule\n    mod = import_path(\n.venv/lib/python3.10/site-packages/_pytest/pathlib.py:587: in import_path\n    importlib.import_module(module_name)\n../../../.local/share/uv/python/cpython-3.10.11-linux-x86_64-gnu/lib/python3.10/importlib/__init__.py:126: in import_module\n    return _bootstrap._gcd_import(name[level:], package, level)\n<frozen importlib._bootstrap>:1050: in _gcd_import\n    ???\n<frozen importlib._bootstrap>:1027: in _find_and_load\n    ???\n<frozen importlib._bootstrap>:1006: in _find_and_load_unlocked\n    ???\n<frozen importlib._bootstrap>:688: in _load_unlocked\n    ???\n.venv/lib/python3.10/site-packages/_pytest/assertion/rewrite.py:177: in exec_module\n    source_stat, co = _rewrite_test(fn, self.config)\n.venv/lib/python3.10/site-packages/_pytest/assertion/rewrite.py:357: in _rewrite_test\n    tree = ast.parse(source, filename=strfn)\n../../../.local/share/uv/python/cpython-3.10.11-linux-x86_64-gnu/lib/python3.10/ast.py:50: in parse\n    return compile(source, filename, mode, flags,\nE     File \"/home/graham/workspace/experiments/granger_hub/tests/core/test_event_system.py\", line 38\nE       async def test_basic_pub_sub(self):\nE   IndentationError: unexpected unindent\n_ ERROR collecting tests/integration_scenarios/categories/research_integration/test_paper_validation.py _\n.venv/lib/python3.10/site-packages/_pytest/python.py:497: in importtestmodule\n    mod = import_path(\n.venv/lib/python3.10/site-packages/_pytest/pathlib.py:587: in import_path\n    importlib.import_module(module_name)\n../../../.local/share/uv/python/cpython-3.10.11-linux-x86_64-gnu/lib/python3.10/importlib/__init__.py:126: in import_module\n    return _bootstrap._gcd_import(name[level:], package, level)\n<frozen importlib._bootstrap>:1050: in _gcd_import\n    ???\n<frozen importlib._bootstrap>:1027: in _find_and_load\n    ???\n<frozen importlib._bootstrap>:1006: in _find_and_load_unlocked\n    ???\n<frozen importlib._bootstrap>:688: in _load_unlocked\n    ???\n.venv/lib/python3.10/site-packages/_pytest/assertion/rewrite.py:177: in exec_module\n    source_stat, co = _rewrite_test(fn, self.config)\n.venv/lib/python3.10/site-packages/_pytest/assertion/rewrite.py:357: in _rewrite_test\n    tree = ast.parse(source, filename=strfn)\n../../../.local/share/uv/python/cpython-3.10.11-linux-x86_64-gnu/lib/python3.10/ast.py:50: in parse\n    return compile(source, filename, mode, flags,\nE     File \"/home/graham/workspace/experiments/granger_hub/tests/integration_scenarios/categories/research_integration/test_paper_validation.py\", line 134\nE       async def test_breakthrough_claim_validation(self, # REMOVED: mock_modules, workflow_runner):\nE   IndentationError: unexpected unindent\n_ ERROR collecting tests/integration_scenarios/generated/document_processing/test_testcachearangodbv2.py _\n.venv/lib/python3.10/site-packages/_pytest/python.py:497: in importtestmodule\n    mod = import_path(\n.venv/lib/python3.10/site-packages/_pytest/pathlib.py:587: in import_path\n    importlib.import_module(module_name)\n../../../.local/share/uv/python/cpython-3.10.11-linux-x86_64-gnu/lib/python3.10/importlib/__init__.py:126: in import_module\n    return _bootstrap._gcd_import(name[level:], package, level)\n<frozen importlib._bootstrap>:1050: in _gcd_import\n    ???\n<frozen importlib._bootstrap>:1027: in _find_and_load\n    ???\n<frozen importlib._bootstrap>:1006: in _find_and_load_unlocked\n    ???\n<frozen importlib._bootstrap>:688: in _load_unlocked\n    ???\n.venv/lib/python3.10/site-packages/_pytest/assertion/rewrite.py:177: in exec_module\n    source_stat, co = _rewrite_test(fn, self.config)\n.venv/lib/python3.10/site-packages/_pytest/assertion/rewrite.py:357: in _rewrite_test\n    tree = ast.parse(source, filename=strfn)\n../../../.local/share/uv/python/cpython-3.10.11-linux-x86_64-gnu/lib/python3.10/ast.py:50: in parse\n    return compile(source, filename, mode, flags,\nE     File \"/home/graham/workspace/experiments/granger_hub/tests/integration_scenarios/generated/document_processing/test_testcachearangodbv2.py\", line 95\nE       async def test_successful_execution(self, # REMOVED: mock_modules, workflow_runner):\nE   IndentationError: unexpected unindent\n_ ERROR collecting tests/integration_scenarios/generated/document_processing/test_testcachearangodbv2_evolved.py _\n.venv/lib/python3.10/site-packages/_pytest/python.py:497: in importtestmodule\n    mod = import_path(\n.venv/lib/python3.10/site-packages/_pytest/pathlib.py:587: in import_path\n    importlib.import_module(module_name)\n../../../.local/share/uv/python/cpython-3.10.11-linux-x86_64-gnu/lib/python3.10/importlib/__init__.py:126: in import_module\n    return _bootstrap._gcd_import(name[level:], package, level)\n<frozen importlib._bootstrap>:1050: in _gcd_import\n    ???\n<frozen importlib._bootstrap>:1027: in _find_and_load\n    ???\n<frozen importlib._bootstrap>:1006: in _find_and_load_unlocked\n    ???\n<frozen importlib._bootstrap>:688: in _load_unlocked\n    ???\n.venv/lib/python3.10/site-packages/_pytest/assertion/rewrite.py:177: in exec_module\n    source_stat, co = _rewrite_test(fn, self.config)\n.venv/lib/python3.10/site-packages/_pytest/assertion/rewrite.py:357: in _rewrite_test\n    tree = ast.parse(source, filename=strfn)\n../../../.local/share/uv/python/cpython-3.10.11-linux-x86_64-gnu/lib/python3.10/ast.py:50: in parse\n    return compile(source, filename, mode, flags,\nE     File \"/home/graham/workspace/experiments/granger_hub/tests/integration_scenarios/generated/document_processing/test_testcachearangodbv2_evolved.py\", line 95\nE       async def test_successful_execution(self, # REMOVED: mock_modules, workflow_runner):\nE   IndentationError: unexpected unindent\n_ ERROR collecting tests/integration_scenarios/generated/integration/test_testhybridcacheparallel.py _\n.venv/lib/python3.10/site-packages/_pytest/python.py:497: in importtestmodule\n    mod = import_path(\n.venv/lib/python3.10/site-packages/_pytest/pathlib.py:587: in import_path\n    importlib.import_module(module_name)\n../../../.local/share/uv/python/cpython-3.10.11-linux-x86_64-gnu/lib/python3.10/importlib/__init__.py:126: in import_module\n    return _bootstrap._gcd_import(name[level:], package, level)\n<frozen importlib._bootstrap>:1050: in _gcd_import\n    ???\n<frozen importlib._bootstrap>:1027: in _find_and_load\n    ???\n<frozen importlib._bootstrap>:1006: in _find_and_load_unlocked\n    ???\n<frozen importlib._bootstrap>:688: in _load_unlocked\n    ???\n.venv/lib/python3.10/site-packages/_pytest/assertion/rewrite.py:177: in exec_module\n    source_stat, co = _rewrite_test(fn, self.config)\n.venv/lib/python3.10/site-packages/_pytest/assertion/rewrite.py:357: in _rewrite_test\n    tree = ast.parse(source, filename=strfn)\n../../../.local/share/uv/python/cpython-3.10.11-linux-x86_64-gnu/lib/python3.10/ast.py:50: in parse\n    return compile(source, filename, mode, flags,\nE     File \"/home/graham/workspace/experiments/granger_hub/tests/integration_scenarios/generated/integration/test_testhybridcacheparallel.py\", line 121\nE       async def test_successful_execution(self, # REMOVED: mock_modules, workflow_runner):\nE   IndentationError: unexpected unindent\n_ ERROR collecting tests/integration_scenarios/generated/ml_workflows/test_rl_module_learning.py _\n.venv/lib/python3.10/site-packages/_pytest/python.py:497: in importtestmodule\n    mod = import_path(\n.venv/lib/python3.10/site-packages/_pytest/pathlib.py:587: in import_path\n    importlib.import_module(module_name)\n../../../.local/share/uv/python/cpython-3.10.11-linux-x86_64-gnu/lib/python3.10/importlib/__init__.py:126: in import_module\n    return _bootstrap._gcd_import(name[level:], package, level)\n<frozen importlib._bootstrap>:1050: in _gcd_import\n    ???\n<frozen importlib._bootstrap>:1027: in _find_and_load\n    ???\n<frozen importlib._bootstrap>:1006: in _find_and_load_unlocked\n    ???\n<frozen importlib._bootstrap>:688: in _load_unlocked\n    ???\n.venv/lib/python3.10/site-packages/_pytest/assertion/rewrite.py:177: in exec_module\n    source_stat, co = _rewrite_test(fn, self.config)\n.venv/lib/python3.10/site-packages/_pytest/assertion/rewrite.py:357: in _rewrite_test\n    tree = ast.parse(source, filename=strfn)\n../../../.local/share/uv/python/cpython-3.10.11-linux-x86_64-gnu/lib/python3.10/ast.py:50: in parse\n    return compile(source, filename, mode, flags,\nE     File \"/home/graham/workspace/experiments/granger_hub/tests/integration_scenarios/generated/ml_workflows/test_rl_module_learning.py\", line 72\nE       \"\"\"Configure mock modules to simulate different specializations\"\"\"\nE       ^^^^^^^^^^^^^^^^^^^^^^^^^^^^^^^^^^^^^^^^^^^^^^^^^^^^^^^^^^^^^^^^^^\nE   SyntaxError: invalid syntax\n_ ERROR collecting tests/integration_scenarios/generated/ml_workflows/test_testapigatewayllm_callv4.py _\n.venv/lib/python3.10/site-packages/_pytest/python.py:497: in importtestmodule\n    mod = import_path(\n.venv/lib/python3.10/site-packages/_pytest/pathlib.py:587: in import_path\n    importlib.import_module(module_name)\n../../../.local/share/uv/python/cpython-3.10.11-linux-x86_64-gnu/lib/python3.10/importlib/__init__.py:126: in import_module\n    return _bootstrap._gcd_import(name[level:], package, level)\n<frozen importlib._bootstrap>:1050: in _gcd_import\n    ???\n<frozen importlib._bootstrap>:1027: in _find_and_load\n    ???\n<frozen importlib._bootstrap>:1006: in _find_and_load_unlocked\n    ???\n<frozen importlib._bootstrap>:688: in _load_unlocked\n    ???\n.venv/lib/python3.10/site-packages/_pytest/assertion/rewrite.py:177: in exec_module\n    source_stat, co = _rewrite_test(fn, self.config)\n.venv/lib/python3.10/site-packages/_pytest/assertion/rewrite.py:357: in _rewrite_test\n    tree = ast.parse(source, filename=strfn)\n../../../.local/share/uv/python/cpython-3.10.11-linux-x86_64-gnu/lib/python3.10/ast.py:50: in parse\n    return compile(source, filename, mode, flags,\nE     File \"/home/graham/workspace/experiments/granger_hub/tests/integration_scenarios/generated/ml_workflows/test_testapigatewayllm_callv4.py\", line 83\nE       async def test_successful_execution(self, # REMOVED: mock_modules, workflow_runner):\nE   IndentationError: unexpected unindent\n_ ERROR collecting tests/integration_scenarios/generated/ml_workflows/test_testmessagequeuellm_callv3.py _\n.venv/lib/python3.10/site-packages/_pytest/python.py:497: in importtestmodule\n    mod = import_path(\n.venv/lib/python3.10/site-packages/_pytest/pathlib.py:587: in import_path\n    importlib.import_module(module_name)\n../../../.local/share/uv/python/cpython-3.10.11-linux-x86_64-gnu/lib/python3.10/importlib/__init__.py:126: in import_module\n    return _bootstrap._gcd_import(name[level:], package, level)\n<frozen importlib._bootstrap>:1050: in _gcd_import\n    ???\n<frozen importlib._bootstrap>:1027: in _find_and_load\n    ???\n<frozen importlib._bootstrap>:1006: in _find_and_load_unlocked\n    ???\n<frozen importlib._bootstrap>:688: in _load_unlocked\n    ???\n.venv/lib/python3.10/site-packages/_pytest/assertion/rewrite.py:177: in exec_module\n    source_stat, co = _rewrite_test(fn, self.config)\n.venv/lib/python3.10/site-packages/_pytest/assertion/rewrite.py:357: in _rewrite_test\n    tree = ast.parse(source, filename=strfn)\n../../../.local/share/uv/python/cpython-3.10.11-linux-x86_64-gnu/lib/python3.10/ast.py:50: in parse\n    return compile(source, filename, mode, flags,\nE     File \"/home/graham/workspace/experiments/granger_hub/tests/integration_scenarios/generated/ml_workflows/test_testmessagequeuellm_callv3.py\", line 83\nE       async def test_successful_execution(self, # REMOVED: mock_modules, workflow_runner):\nE   IndentationError: unexpected unindent\n_ ERROR collecting tests/integration_scenarios/generated/ml_workflows/test_testmessagequeuellm_callv3_evolved.py _\n.venv/lib/python3.10/site-packages/_pytest/python.py:497: in importtestmodule\n    mod = import_path(\n.venv/lib/python3.10/site-packages/_pytest/pathlib.py:587: in import_path\n    importlib.import_module(module_name)\n../../../.local/share/uv/python/cpython-3.10.11-linux-x86_64-gnu/lib/python3.10/importlib/__init__.py:126: in import_module\n    return _bootstrap._gcd_import(name[level:], package, level)\n<frozen importlib._bootstrap>:1050: in _gcd_import\n    ???\n<frozen importlib._bootstrap>:1027: in _find_and_load\n    ???\n<frozen importlib._bootstrap>:1006: in _find_and_load_unlocked\n    ???\n<frozen importlib._bootstrap>:688: in _load_unlocked\n    ???\n.venv/lib/python3.10/site-packages/_pytest/assertion/rewrite.py:177: in exec_module\n    source_stat, co = _rewrite_test(fn, self.config)\n.venv/lib/python3.10/site-packages/_pytest/assertion/rewrite.py:357: in _rewrite_test\n    tree = ast.parse(source, filename=strfn)\n../../../.local/share/uv/python/cpython-3.10.11-linux-x86_64-gnu/lib/python3.10/ast.py:50: in parse\n    return compile(source, filename, mode, flags,\nE     File \"/home/graham/workspace/experiments/granger_hub/tests/integration_scenarios/generated/ml_workflows/test_testmessagequeuellm_callv3_evolved.py\", line 83\nE       async def test_successful_execution(self, # REMOVED: mock_modules, workflow_runner):\nE   IndentationError: unexpected unindent\n_ ERROR collecting tests/integration_scenarios/generated/ml_workflows/test_testtestpatternllm_callv1.py _\n.venv/lib/python3.10/site-packages/_pytest/python.py:497: in importtestmodule\n    mod = import_path(\n.venv/lib/python3.10/site-packages/_pytest/pathlib.py:587: in import_path\n    importlib.import_module(module_name)\n../../../.local/share/uv/python/cpython-3.10.11-linux-x86_64-gnu/lib/python3.10/importlib/__init__.py:126: in import_module\n    return _bootstrap._gcd_import(name[level:], package, level)\n<frozen importlib._bootstrap>:1050: in _gcd_import\n    ???\n<frozen importlib._bootstrap>:1027: in _find_and_load\n    ???\n<frozen importlib._bootstrap>:1006: in _find_and_load_unlocked\n    ???\n<frozen importlib._bootstrap>:688: in _load_unlocked\n    ???\n.venv/lib/python3.10/site-packages/_pytest/assertion/rewrite.py:177: in exec_module\n    source_stat, co = _rewrite_test(fn, self.config)\n.venv/lib/python3.10/site-packages/_pytest/assertion/rewrite.py:357: in _rewrite_test\n    tree = ast.parse(source, filename=strfn)\n../../../.local/share/uv/python/cpython-3.10.11-linux-x86_64-gnu/lib/python3.10/ast.py:50: in parse\n    return compile(source, filename, mode, flags,\nE     File \"/home/graham/workspace/experiments/granger_hub/tests/integration_scenarios/generated/ml_workflows/test_testtestpatternllm_callv1.py\", line 83\nE       async def test_successful_execution(self, # REMOVED: mock_modules, workflow_runner):\nE   IndentationError: unexpected unindent\n_ ERROR collecting tests/integration_scenarios/generated/research_integration/test_testparallelarxivv1.py _\n.venv/lib/python3.10/site-packages/_pytest/python.py:497: in importtestmodule\n    mod = import_path(\n.venv/lib/python3.10/site-packages/_pytest/pathlib.py:587: in import_path\n    importlib.import_module(module_name)\n../../../.local/share/uv/python/cpython-3.10.11-linux-x86_64-gnu/lib/python3.10/importlib/__init__.py:126: in import_module\n    return _bootstrap._gcd_import(name[level:], package, level)\n<frozen importlib._bootstrap>:1050: in _gcd_import\n    ???\n<frozen importlib._bootstrap>:1027: in _find_and_load\n    ???\n<frozen importlib._bootstrap>:1006: in _find_and_load_unlocked\n    ???\n<frozen importlib._bootstrap>:688: in _load_unlocked\n    ???\n.venv/lib/python3.10/site-packages/_pytest/assertion/rewrite.py:177: in exec_module\n    source_stat, co = _rewrite_test(fn, self.config)\n.venv/lib/python3.10/site-packages/_pytest/assertion/rewrite.py:357: in _rewrite_test\n    tree = ast.parse(source, filename=strfn)\n../../../.local/share/uv/python/cpython-3.10.11-linux-x86_64-gnu/lib/python3.10/ast.py:50: in parse\n    return compile(source, filename, mode, flags,\nE     File \"/home/graham/workspace/experiments/granger_hub/tests/integration_scenarios/generated/research_integration/test_testparallelarxivv1.py\", line 97\nE       async def test_successful_execution(self, # REMOVED: mock_modules, workflow_runner):\nE   IndentationError: unexpected unindent\n_ ERROR collecting tests/integration_scenarios/generated/research_integration/test_testparallelarxivv1_evolved.py _\n.venv/lib/python3.10/site-packages/_pytest/python.py:497: in importtestmodule\n    mod = import_path(\n.venv/lib/python3.10/site-packages/_pytest/pathlib.py:587: in import_path\n    importlib.import_module(module_name)\n../../../.local/share/uv/python/cpython-3.10.11-linux-x86_64-gnu/lib/python3.10/importlib/__init__.py:126: in import_module\n    return _bootstrap._gcd_import(name[level:], package, level)\n<frozen importlib._bootstrap>:1050: in _gcd_import\n    ???\n<frozen importlib._bootstrap>:1027: in _find_and_load\n    ???\n<frozen importlib._bootstrap>:1006: in _find_and_load_unlocked\n    ???\n<frozen importlib._bootstrap>:688: in _load_unlocked\n    ???\n.venv/lib/python3.10/site-packages/_pytest/assertion/rewrite.py:177: in exec_module\n    source_stat, co = _rewrite_test(fn, self.config)\n.venv/lib/python3.10/site-packages/_pytest/assertion/rewrite.py:357: in _rewrite_test\n    tree = ast.parse(source, filename=strfn)\n../../../.local/share/uv/python/cpython-3.10.11-linux-x86_64-gnu/lib/python3.10/ast.py:50: in parse\n    return compile(source, filename, mode, flags,\nE     File \"/home/graham/workspace/experiments/granger_hub/tests/integration_scenarios/generated/research_integration/test_testparallelarxivv1_evolved.py\", line 97\nE       async def test_successful_execution(self, # REMOVED: mock_modules, workflow_runner):\nE   IndentationError: unexpected unindent\n_ ERROR collecting tests/integration_scenarios/rl_integration/test_rl_module_selection.py _\n.venv/lib/python3.10/site-packages/_pytest/python.py:497: in importtestmodule\n    mod = import_path(\n.venv/lib/python3.10/site-packages/_pytest/pathlib.py:587: in import_path\n    importlib.import_module(module_name)\n../../../.local/share/uv/python/cpython-3.10.11-linux-x86_64-gnu/lib/python3.10/importlib/__init__.py:126: in import_module\n    return _bootstrap._gcd_import(name[level:], package, level)\n<frozen importlib._bootstrap>:1050: in _gcd_import\n    ???\n<frozen importlib._bootstrap>:1027: in _find_and_load\n    ???\n<frozen importlib._bootstrap>:1006: in _find_and_load_unlocked\n    ???\n<frozen importlib._bootstrap>:688: in _load_unlocked\n    ???\n.venv/lib/python3.10/site-packages/_pytest/assertion/rewrite.py:177: in exec_module\n    source_stat, co = _rewrite_test(fn, self.config)\n.venv/lib/python3.10/site-packages/_pytest/assertion/rewrite.py:357: in _rewrite_test\n    tree = ast.parse(source, filename=strfn)\n../../../.local/share/uv/python/cpython-3.10.11-linux-x86_64-gnu/lib/python3.10/ast.py:50: in parse\n    return compile(source, filename, mode, flags,\nE     File \"/home/graham/workspace/experiments/granger_hub/tests/integration_scenarios/rl_integration/test_rl_module_selection.py\", line 175\nE       async def test_rl_learns_module_specialization(self, setup_modules):\nE   IndentationError: unexpected unindent\n_____________ ERROR collecting tests/rl/metrics/test_rl_metrics.py _____________\n.venv/lib/python3.10/site-packages/_pytest/python.py:497: in importtestmodule\n    mod = import_path(\n.venv/lib/python3.10/site-packages/_pytest/pathlib.py:587: in import_path\n    importlib.import_module(module_name)\n../../../.local/share/uv/python/cpython-3.10.11-linux-x86_64-gnu/lib/python3.10/importlib/__init__.py:126: in import_module\n    return _bootstrap._gcd_import(name[level:], package, level)\n<frozen importlib._bootstrap>:1050: in _gcd_import\n    ???\n<frozen importlib._bootstrap>:1027: in _find_and_load\n    ???\n<frozen importlib._bootstrap>:1006: in _find_and_load_unlocked\n    ???\n<frozen importlib._bootstrap>:688: in _load_unlocked\n    ???\n.venv/lib/python3.10/site-packages/_pytest/assertion/rewrite.py:177: in exec_module\n    source_stat, co = _rewrite_test(fn, self.config)\n.venv/lib/python3.10/site-packages/_pytest/assertion/rewrite.py:357: in _rewrite_test\n    tree = ast.parse(source, filename=strfn)\n../../../.local/share/uv/python/cpython-3.10.11-linux-x86_64-gnu/lib/python3.10/ast.py:50: in parse\n    return compile(source, filename, mode, flags,\nE     File \"/home/graham/workspace/experiments/granger_hub/tests/rl/metrics/test_rl_metrics.py\", line 264\nE       await # REMOVED: mock_store.store_metric(metric)\nE             ^^^^^^^^^^^^^^^^^^^^^^^^^^^^^^^^^^^^^^^^^^\nE   SyntaxError: invalid syntax\n____________ ERROR collecting tests/test_integration_validation.py _____________\n.venv/lib/python3.10/site-packages/_pytest/python.py:497: in importtestmodule\n    mod = import_path(\n.venv/lib/python3.10/site-packages/_pytest/pathlib.py:587: in import_path\n    importlib.import_module(module_name)\n../../../.local/share/uv/python/cpython-3.10.11-linux-x86_64-gnu/lib/python3.10/importlib/__init__.py:126: in import_module\n    return _bootstrap._gcd_import(name[level:], package, level)\n<frozen importlib._bootstrap>:1050: in _gcd_import\n    ???\n<frozen importlib._bootstrap>:1027: in _find_and_load\n    ???\n<frozen importlib._bootstrap>:1006: in _find_and_load_unlocked\n    ???\n<frozen importlib._bootstrap>:688: in _load_unlocked\n    ???\n.venv/lib/python3.10/site-packages/_pytest/assertion/rewrite.py:177: in exec_module\n    source_stat, co = _rewrite_test(fn, self.config)\n.venv/lib/python3.10/site-packages/_pytest/assertion/rewrite.py:357: in _rewrite_test\n    tree = ast.parse(source, filename=strfn)\n../../../.local/share/uv/python/cpython-3.10.11-linux-x86_64-gnu/lib/python3.10/ast.py:50: in parse\n    return compile(source, filename, mode, flags,\nE     File \"/home/graham/workspace/experiments/granger_hub/tests/test_integration_validation.py\", line 92\nE       async def test_binary_handling_with_compression(self):\nE   IndentationError: unexpected unindent\n_______________ ERROR collecting tests/test_service_discovery.py _______________\n.venv/lib/python3.10/site-packages/_pytest/python.py:497: in importtestmodule\n    mod = import_path(\n.venv/lib/python3.10/site-packages/_pytest/pathlib.py:587: in import_path\n    importlib.import_module(module_name)\n../../../.local/share/uv/python/cpython-3.10.11-linux-x86_64-gnu/lib/python3.10/importlib/__init__.py:126: in import_module\n    return _bootstrap._gcd_import(name[level:], package, level)\n<frozen importlib._bootstrap>:1050: in _gcd_import\n    ???\n<frozen importlib._bootstrap>:1027: in _find_and_load\n    ???\n<frozen importlib._bootstrap>:1006: in _find_and_load_unlocked\n    ???\n<frozen importlib._bootstrap>:688: in _load_unlocked\n    ???\n.venv/lib/python3.10/site-packages/_pytest/assertion/rewrite.py:177: in exec_module\n    source_stat, co = _rewrite_test(fn, self.config)\n.venv/lib/python3.10/site-packages/_pytest/assertion/rewrite.py:357: in _rewrite_test\n    tree = ast.parse(source, filename=strfn)\n../../../.local/share/uv/python/cpython-3.10.11-linux-x86_64-gnu/lib/python3.10/ast.py:50: in parse\n    return compile(source, filename, mode, flags,\nE     File \"/home/graham/workspace/experiments/granger_hub/tests/test_service_discovery.py\", line 31\nE       async def test_manual_service_registration(self):\nE   IndentationError: unexpected unindent\n=============================== warnings summary ===============================\ntests/core/conversation/test_conversation_context.py:25\n  /home/graham/workspace/experiments/granger_hub/tests/core/conversation/test_conversation_context.py:25: PytestCollectionWarning: cannot collect test class 'TestConversationModule' because it has a __init__ constructor (from: tests/core/conversation/test_conversation_context.py)\n    class TestConversationModule(ConversationModule):\n\n.venv/lib/python3.10/site-packages/pydantic/_internal/_config.py:323\n  /home/graham/workspace/experiments/granger_hub/.venv/lib/python3.10/site-packages/pydantic/_internal/_config.py:323: PydanticDeprecatedSince20: Support for class-based `config` is deprecated, use ConfigDict instead. Deprecated in Pydantic V2.0 to be removed in V3.0. See Pydantic V2 Migration Guide at https://errors.pydantic.dev/2.11/migration/\n    warnings.warn(DEPRECATION_MESSAGE, DeprecationWarning)\n\nsrc/granger_hub/core/llm/llm_config.py:50\n  /home/graham/workspace/experiments/granger_hub/src/granger_hub/core/llm/llm_config.py:50: PydanticDeprecatedSince20: Pydantic V1 style `@validator` validators are deprecated. You should migrate to Pydantic V2 style `@field_validator` validators, see the migration guide for more details. Deprecated in Pydantic V2.0 to be removed in V3.0. See Pydantic V2 Migration Guide at https://errors.pydantic.dev/2.11/migration/\n    @validator('api_key')\n\ntests/core/modules/test_analyzer.py:31\n  /home/graham/workspace/experiments/granger_hub/tests/core/modules/test_analyzer.py:31: PytestCollectionWarning: cannot collect test class 'TestResult' because it has a __init__ constructor (from: tests/core/modules/test_analyzer.py)\n    @dataclass\n\nsrc/granger_hub/rl/metrics/models.py:48\n  /home/graham/workspace/experiments/granger_hub/src/granger_hub/rl/metrics/models.py:48: PydanticDeprecatedSince20: Pydantic V1 style `@validator` validators are deprecated. You should migrate to Pydantic V2 style `@field_validator` validators, see the migration guide for more details. Deprecated in Pydantic V2.0 to be removed in V3.0. See Pydantic V2 Migration Guide at https://errors.pydantic.dev/2.11/migration/\n    @validator('reward')\n\n.venv/lib/python3.10/site-packages/_pytest/fixtures.py:1392\n  /home/graham/workspace/experiments/granger_hub/.venv/lib/python3.10/site-packages/_pytest/fixtures.py:1392: PytestRemovedIn9Warning: Marks applied to fixtures have no effect\n  See docs: https://docs.pytest.org/en/stable/deprecations.html#applying-a-mark-to-a-fixture-function\n    return fixture_marker(fixture_function)\n\n-- Docs: https://docs.pytest.org/en/stable/how-to/capture-warnings.html\n====================== Integration Scenario Test Summary =======================\nPassed: 0\nFailed: 0\nSkipped: 0\n--------------------------------- JSON report ----------------------------------\nreport saved to: test-report.json\n=========================== short test summary info ============================\nERROR tests/core/adapters/test_adapter_framework.py\nERROR tests/core/adapters/test_adapter_honeypot.py\nERROR tests/core/adapters/test_binary_handling.py\nERROR tests/core/adapters/test_cli_adapter.py\nERROR tests/core/adapters/test_hardware_adapters.py\nERROR tests/core/adapters/test_mcp_adapter.py\nERROR tests/core/adapters/test_rest_adapter.py\nERROR tests/core/modules/test_browser_automation_module.py\nERROR tests/core/test_event_system.py\nERROR tests/integration_scenarios/categories/research_integration/test_paper_validation.py\nERROR tests/integration_scenarios/generated/document_processing/test_testcachearangodbv2.py\nERROR tests/integration_scenarios/generated/document_processing/test_testcachearangodbv2_evolved.py\nERROR tests/integration_scenarios/generated/integration/test_testhybridcacheparallel.py\nERROR tests/integration_scenarios/generated/ml_workflows/test_rl_module_learning.py\nERROR tests/integration_scenarios/generated/ml_workflows/test_testapigatewayllm_callv4.py\nERROR tests/integration_scenarios/generated/ml_workflows/test_testmessagequeuellm_callv3.py\nERROR tests/integration_scenarios/generated/ml_workflows/test_testmessagequeuellm_callv3_evolved.py\nERROR tests/integration_scenarios/generated/ml_workflows/test_testtestpatternllm_callv1.py\nERROR tests/integration_scenarios/generated/research_integration/test_testparallelarxivv1.py\nERROR tests/integration_scenarios/generated/research_integration/test_testparallelarxivv1_evolved.py\nERROR tests/integration_scenarios/rl_integration/test_rl_module_selection.py\nERROR tests/rl/metrics/test_rl_metrics.py\nERROR tests/test_integration_validation.py\nERROR tests/test_service_discovery.py\n!!!!!!!!!!!!!!!!!!! Interrupted: 24 errors during collection !!!!!!!!!!!!!!!!!!!\n================= 3 deselected, 6 warnings, 24 errors in 7.13s =================\n"
  },
  {
    "project": "rl_commons",
    "status": "failed",
    "tests": {
      "total": 0,
      "passed": 0,
      "failed": 0,
      "skipped": 0,
      "error": 0,
      "deselected": 3,
      "collection_errors": 0
    },
    "duration": 0.08167195320129395,
    "output": "Cannot read termcap database;\nusing dumb terminal settings.\n============================= test session starts ==============================\nplatform linux -- Python 3.10.11, pytest-8.4.0, pluggy-1.6.0 -- /home/graham/workspace/experiments/rl_commons/.venv/bin/python\ncachedir: .pytest_cache\nmetadata: {'Python': '3.10.11', 'Platform': 'Linux-6.8.0-57-generic-x86_64-with-glibc2.39', 'Packages': {'pytest': '8.4.0', 'pluggy': '1.6.0'}, 'Plugins': {'metadata': '3.1.1', 'json-report': '1.5.0', 'asyncio': '1.0.0', 'anyio': '4.9.0'}}\nrootdir: /home/graham/workspace/experiments/rl_commons\nconfigfile: pytest.ini\ntestpaths: tests\nplugins: metadata-3.1.1, json-report-1.5.0, asyncio-1.0.0, anyio-4.9.0\nasyncio: mode=strict, asyncio_default_fixture_loop_scope=None, asyncio_default_test_loop_scope=function\ncollecting ... collected 3 items / 3 deselected / 0 selected\n\n--------------------------------- JSON report ----------------------------------\nreport saved to: test-report.json\n============================ 3 deselected in 0.08s =============================\n"
  },
  {
    "project": "world_model",
    "status": "failed",
    "tests": {
      "total": 0,
      "passed": 0,
      "failed": 0,
      "skipped": 0,
      "error": 0,
      "deselected": 0,
      "collection_errors": 0
    },
    "duration": 0.23062682151794434,
    "output": "Cannot read termcap database;\nusing dumb terminal settings.\n============================= test session starts ==============================\nplatform linux -- Python 3.10.11, pytest-8.4.0, pluggy-1.6.0 -- /home/graham/workspace/experiments/world_model/.venv/bin/python\ncachedir: .pytest_cache\nmetadata: {'Python': '3.10.11', 'Platform': 'Linux-6.8.0-57-generic-x86_64-with-glibc2.39', 'Packages': {'pytest': '8.4.0', 'pluggy': '1.6.0'}, 'Plugins': {'metadata': '3.1.1', 'json-report': '1.5.0', 'asyncio': '1.0.0', 'anyio': '4.9.0'}}\nrootdir: /home/graham/workspace/experiments/world_model\nconfigfile: pytest.ini\ntestpaths: tests\nplugins: metadata-3.1.1, json-report-1.5.0, asyncio-1.0.0, anyio-4.9.0\nasyncio: mode=strict, asyncio_default_fixture_loop_scope=None, asyncio_default_test_loop_scope=function\ncollecting ... collected 0 items / 2 errors\n\n==================================== ERRORS ====================================\n___________________ ERROR collecting tests/test_honeypot.py ____________________\n.venv/lib/python3.10/site-packages/_pytest/python.py:497: in importtestmodule\n    mod = import_path(\n.venv/lib/python3.10/site-packages/_pytest/pathlib.py:587: in import_path\n    importlib.import_module(module_name)\n../../../.local/share/uv/python/cpython-3.10.11-linux-x86_64-gnu/lib/python3.10/importlib/__init__.py:126: in import_module\n    return _bootstrap._gcd_import(name[level:], package, level)\n<frozen importlib._bootstrap>:1050: in _gcd_import\n    ???\n<frozen importlib._bootstrap>:1027: in _find_and_load\n    ???\n<frozen importlib._bootstrap>:1006: in _find_and_load_unlocked\n    ???\n<frozen importlib._bootstrap>:688: in _load_unlocked\n    ???\n.venv/lib/python3.10/site-packages/_pytest/assertion/rewrite.py:177: in exec_module\n    source_stat, co = _rewrite_test(fn, self.config)\n.venv/lib/python3.10/site-packages/_pytest/assertion/rewrite.py:357: in _rewrite_test\n    tree = ast.parse(source, filename=strfn)\n../../../.local/share/uv/python/cpython-3.10.11-linux-x86_64-gnu/lib/python3.10/ast.py:50: in parse\n    return compile(source, filename, mode, flags,\nE     File \"/home/graham/workspace/experiments/world_model/tests/test_honeypot.py\", line 30\nE       async def test_fake_db_connection(self):\nE   IndentationError: unexpected unindent\n________________ ERROR collecting tests/test_module_creation.py ________________\n.venv/lib/python3.10/site-packages/_pytest/python.py:497: in importtestmodule\n    mod = import_path(\n.venv/lib/python3.10/site-packages/_pytest/pathlib.py:587: in import_path\n    importlib.import_module(module_name)\n../../../.local/share/uv/python/cpython-3.10.11-linux-x86_64-gnu/lib/python3.10/importlib/__init__.py:126: in import_module\n    return _bootstrap._gcd_import(name[level:], package, level)\n<frozen importlib._bootstrap>:1050: in _gcd_import\n    ???\n<frozen importlib._bootstrap>:1027: in _find_and_load\n    ???\n<frozen importlib._bootstrap>:1006: in _find_and_load_unlocked\n    ???\n<frozen importlib._bootstrap>:688: in _load_unlocked\n    ???\n.venv/lib/python3.10/site-packages/_pytest/assertion/rewrite.py:177: in exec_module\n    source_stat, co = _rewrite_test(fn, self.config)\n.venv/lib/python3.10/site-packages/_pytest/assertion/rewrite.py:357: in _rewrite_test\n    tree = ast.parse(source, filename=strfn)\n../../../.local/share/uv/python/cpython-3.10.11-linux-x86_64-gnu/lib/python3.10/ast.py:50: in parse\n    return compile(source, filename, mode, flags,\nE     File \"/home/graham/workspace/experiments/world_model/tests/test_module_creation.py\", line 82\nE       async def test_arangodb_connection(self):\nE   IndentationError: unexpected unindent\n--------------------------------- JSON report ----------------------------------\nreport saved to: test-report.json\n=========================== short test summary info ============================\nERROR tests/test_honeypot.py\nERROR tests/test_module_creation.py\n!!!!!!!!!!!!!!!!!!! Interrupted: 2 errors during collection !!!!!!!!!!!!!!!!!!!!\n============================== 2 errors in 0.23s ===============================\n"
  },
  {
    "project": "claude-test-reporter",
    "status": "failed",
    "tests": {
      "total": 9,
      "passed": 7,
      "failed": 2,
      "skipped": 0,
      "error": 0,
      "deselected": 0,
      "collection_errors": 0
    },
    "duration": 0.06148481369018555,
    "output": "Cannot read termcap database;\nusing dumb terminal settings.\n============================= test session starts ==============================\nplatform linux -- Python 3.10.11, pytest-8.4.0, pluggy-1.6.0 -- /home/graham/workspace/experiments/claude-test-reporter/.venv/bin/python\ncachedir: .pytest_cache\nmetadata: {'Python': '3.10.11', 'Platform': 'Linux-6.8.0-57-generic-x86_64-with-glibc2.39', 'Packages': {'pytest': '8.4.0', 'pluggy': '1.6.0'}, 'Plugins': {'metadata': '3.1.1', 'claude-test-reporter': '0.2.1', 'json-report': '1.5.0', 'asyncio': '1.0.0'}}\nrootdir: /home/graham/workspace/experiments/claude-test-reporter\nconfigfile: pytest.ini\ntestpaths: tests\nplugins: metadata-3.1.1, claude-test-reporter-0.2.1, json-report-1.5.0, asyncio-1.0.0\nasyncio: mode=strict, asyncio_default_fixture_loop_scope=None, asyncio_default_test_loop_scope=function\ncollecting ... collected 9 items\n\ntests/core/test_test_result_verifier.py::TestTestResultVerifier::test_create_immutable_test_record FAILED [ 11%]\ntests/core/test_test_result_verifier.py::TestTestResultVerifier::test_verify_from_hash PASSED [ 22%]\ntests/core/test_test_result_verifier.py::TestHallucinationDetector::test_check_response_basic FAILED [ 33%]\ntests/monitoring/test_hallucination_monitor.py::TestHallucinationMonitor::test_init PASSED [ 44%]\ntests/monitoring/test_hallucination_monitor.py::TestHallucinationMonitor::test_log_hallucination PASSED [ 55%]\ntests/monitoring/test_hallucination_monitor.py::TestHallucinationMonitor::test_get_metrics PASSED [ 66%]\ntests/monitoring/test_hallucination_monitor.py::TestHallucinationMonitor::test_dashboard_generation PASSED [ 77%]\ntests/test_basic.py::test_basic_import PASSED                            [ 88%]\ntests/test_basic.py::test_module_structure PASSED                        [100%]\n\n=================================== FAILURES ===================================\n___________ TestTestResultVerifier.test_create_immutable_test_record ___________\ntests/core/test_test_result_verifier.py:37: in test_create_immutable_test_record\n    assert record[\"immutable_facts\"][\"total_test_count\"] == 2\nE   KeyError: 'total_test_count'\n_____________ TestHallucinationDetector.test_check_response_basic ______________\ntests/core/test_test_result_verifier.py:82: in test_check_response_basic\n    assert result[\"detection_count\"] > 0\nE   KeyError: 'detection_count'\n=============================== warnings summary ===============================\nsrc/claude_test_reporter/core/test_result_verifier.py:26\n  /home/graham/workspace/experiments/claude-test-reporter/src/claude_test_reporter/core/test_result_verifier.py:26: PytestCollectionWarning: cannot collect test class 'TestResultVerifier' because it has a __init__ constructor (from: tests/core/test_test_result_verifier.py)\n    @dataclass\n\n-- Docs: https://docs.pytest.org/en/stable/how-to/capture-warnings.html\n--------------------------------- JSON report ----------------------------------\nreport saved to: test-report.json\n=========================== short test summary info ============================\nFAILED tests/core/test_test_result_verifier.py::TestTestResultVerifier::test_create_immutable_test_record - KeyError: 'total_test_count'\nFAILED tests/core/test_test_result_verifier.py::TestHallucinationDetector::test_check_response_basic - KeyError: 'detection_count'\n==================== 2 failed, 7 passed, 1 warning in 0.06s ====================\n"
  },
  {
    "project": "sparta",
    "status": "failed",
    "tests": {
      "total": 1,
      "passed": 0,
      "failed": 0,
      "skipped": 0,
      "error": 0,
      "deselected": 3,
      "collection_errors": 0
    },
    "duration": 0.5388011932373047,
    "output": "Cannot read termcap database;\nusing dumb terminal settings.\n============================= test session starts ==============================\nplatform linux -- Python 3.10.11, pytest-8.4.0, pluggy-1.6.0 -- /home/graham/workspace/experiments/sparta/.venv/bin/python\ncachedir: .pytest_cache\nmetadata: {'Python': '3.10.11', 'Platform': 'Linux-6.8.0-57-generic-x86_64-with-glibc2.39', 'Packages': {'pytest': '8.4.0', 'pluggy': '1.6.0'}, 'Plugins': {'metadata': '3.1.1', 'claude-test-reporter': '0.2.1', 'cov': '6.1.1', 'allure-pytest': '2.14.2', 'json-report': '1.5.0', 'asyncio': '1.0.0', 'anyio': '4.9.0'}}\nrootdir: /home/graham/workspace/experiments/sparta\nconfigfile: pytest.ini\ntestpaths: tests\nplugins: metadata-3.1.1, claude-test-reporter-0.2.1, cov-6.1.1, allure-pytest-2.14.2, json-report-1.5.0, asyncio-1.0.0, anyio-4.9.0\nasyncio: mode=strict, asyncio_default_fixture_loop_scope=None, asyncio_default_test_loop_scope=function\ncollecting ... collected 4 items / 1 error / 3 deselected / 1 selected\n\n==================================== ERRORS ====================================\n__________ ERROR collecting tests/sparta/integration/test_honeypot.py __________\n.venv/lib/python3.10/site-packages/_pytest/python.py:497: in importtestmodule\n    mod = import_path(\n.venv/lib/python3.10/site-packages/_pytest/pathlib.py:587: in import_path\n    importlib.import_module(module_name)\n../../../.local/share/uv/python/cpython-3.10.11-linux-x86_64-gnu/lib/python3.10/importlib/__init__.py:126: in import_module\n    return _bootstrap._gcd_import(name[level:], package, level)\n<frozen importlib._bootstrap>:1050: in _gcd_import\n    ???\n<frozen importlib._bootstrap>:1027: in _find_and_load\n    ???\n<frozen importlib._bootstrap>:1006: in _find_and_load_unlocked\n    ???\n<frozen importlib._bootstrap>:688: in _load_unlocked\n    ???\n.venv/lib/python3.10/site-packages/_pytest/assertion/rewrite.py:177: in exec_module\n    source_stat, co = _rewrite_test(fn, self.config)\n.venv/lib/python3.10/site-packages/_pytest/assertion/rewrite.py:357: in _rewrite_test\n    tree = ast.parse(source, filename=strfn)\n../../../.local/share/uv/python/cpython-3.10.11-linux-x86_64-gnu/lib/python3.10/ast.py:50: in parse\n    return compile(source, filename, mode, flags,\nE     File \"/home/graham/workspace/experiments/sparta/tests/sparta/integration/test_honeypot.py\", line 26\nE       for module in # REMOVED: mock_modules:\nE                     ^^^^^^^^^^^^^^^^^^^^^^^^\nE   SyntaxError: invalid syntax\n--------------------------------- JSON report ----------------------------------\nreport saved to: test-report.json\n=========================== short test summary info ============================\nERROR tests/sparta/integration/test_honeypot.py\n!!!!!!!!!!!!!!!!!!!! Interrupted: 1 error during collection !!!!!!!!!!!!!!!!!!!!\n======================== 3 deselected, 1 error in 0.54s ========================\n"
  },
  {
    "project": "marker",
    "status": "failed",
    "output": "Cannot read termcap database;\nusing dumb terminal settings.\nImportError while loading conftest '/home/graham/workspace/experiments/marker/tests/conftest.py'.\ntests/conftest.py:18: in <module>\n    from marker.core.providers.pdf import PdfProvider\nsrc/marker/__init__.py:19: in <module>\n    from marker.core.schema.document import Document\nsrc/marker/core/schema/document.py:31: in <module>\n    from marker.core.schema.blocks import Block, BlockId, BlockOutput\nsrc/marker/core/schema/blocks/__init__.py:21: in <module>\n    from marker.core.schema.blocks.base import Block, BlockId, BlockOutput\nsrc/marker/core/schema/blocks/base.py:26: in <module>\n    from PIL import Image\n.venv/lib/python3.10/site-packages/PIL/Image.py:72: in <module>\n    from . import (\nE     File \"/home/graham/workspace/experiments/marker/.venv/lib/python3.10/site-packages/PIL/ExifTags.py\", line 30\nE       from __future__ import annotations\nE       ^^^^^^^^^^^^^^^^^^^^^^^^^^^^^^^^^^\nE   SyntaxError: from __future__ imports must occur at the beginning of the file\n"
  },
  {
    "project": "arangodb",
    "status": "failed",
    "tests": {
      "total": 15,
      "passed": 0,
      "failed": 0,
      "skipped": 0,
      "error": 0,
      "deselected": 3,
      "collection_errors": 0
    },
    "duration": 1.402684211730957,
    "output": "Cannot read termcap database;\nusing dumb terminal settings.\n============================= test session starts ==============================\nplatform linux -- Python 3.10.11, pytest-8.4.0, pluggy-1.6.0 -- /home/graham/workspace/experiments/arangodb/.venv/bin/python\ncachedir: .pytest_cache\nmetadata: {'Python': '3.10.11', 'Platform': 'Linux-6.8.0-57-generic-x86_64-with-glibc2.39', 'Packages': {'pytest': '8.4.0', 'pluggy': '1.6.0'}, 'Plugins': {'metadata': '3.1.1', 'claude-test-reporter': '0.2.1', 'cov': '6.1.1', 'json-report': '1.5.0', 'asyncio': '1.0.0', 'anyio': '4.9.0'}}\nrootdir: /home/graham/workspace/experiments/arangodb\nconfigfile: pytest.ini\ntestpaths: tests\nplugins: metadata-3.1.1, claude-test-reporter-0.2.1, cov-6.1.1, json-report-1.5.0, asyncio-1.0.0, anyio-4.9.0\nasyncio: mode=strict, asyncio_default_fixture_loop_scope=None, asyncio_default_test_loop_scope=function\ncollecting ... collected 18 items / 5 errors / 3 deselected / 15 selected\n\n==================================== ERRORS ====================================\n_______ ERROR collecting tests/integration/test_entity_deduplication.py ________\n.venv/lib/python3.10/site-packages/_pytest/python.py:497: in importtestmodule\n    mod = import_path(\n.venv/lib/python3.10/site-packages/_pytest/pathlib.py:587: in import_path\n    importlib.import_module(module_name)\n../../../.local/share/uv/python/cpython-3.10.11-linux-x86_64-gnu/lib/python3.10/importlib/__init__.py:126: in import_module\n    return _bootstrap._gcd_import(name[level:], package, level)\n<frozen importlib._bootstrap>:1050: in _gcd_import\n    ???\n<frozen importlib._bootstrap>:1027: in _find_and_load\n    ???\n<frozen importlib._bootstrap>:1006: in _find_and_load_unlocked\n    ???\n<frozen importlib._bootstrap>:688: in _load_unlocked\n    ???\n.venv/lib/python3.10/site-packages/_pytest/assertion/rewrite.py:177: in exec_module\n    source_stat, co = _rewrite_test(fn, self.config)\n.venv/lib/python3.10/site-packages/_pytest/assertion/rewrite.py:357: in _rewrite_test\n    tree = ast.parse(source, filename=strfn)\n../../../.local/share/uv/python/cpython-3.10.11-linux-x86_64-gnu/lib/python3.10/ast.py:50: in parse\n    return compile(source, filename, mode, flags,\nE     File \"/home/graham/workspace/experiments/arangodb/tests/integration/test_entity_deduplication.py\", line 158\nE       test_entity_deduplication()\nE   IndentationError: unexpected indent\n______ ERROR collecting tests/integration/test_entity_extraction_debug.py ______\n.venv/lib/python3.10/site-packages/_pytest/python.py:497: in importtestmodule\n    mod = import_path(\n.venv/lib/python3.10/site-packages/_pytest/pathlib.py:587: in import_path\n    importlib.import_module(module_name)\n../../../.local/share/uv/python/cpython-3.10.11-linux-x86_64-gnu/lib/python3.10/importlib/__init__.py:126: in import_module\n    return _bootstrap._gcd_import(name[level:], package, level)\n<frozen importlib._bootstrap>:1050: in _gcd_import\n    ???\n<frozen importlib._bootstrap>:1027: in _find_and_load\n    ???\n<frozen importlib._bootstrap>:1006: in _find_and_load_unlocked\n    ???\n<frozen importlib._bootstrap>:688: in _load_unlocked\n    ???\n.venv/lib/python3.10/site-packages/_pytest/assertion/rewrite.py:177: in exec_module\n    source_stat, co = _rewrite_test(fn, self.config)\n.venv/lib/python3.10/site-packages/_pytest/assertion/rewrite.py:357: in _rewrite_test\n    tree = ast.parse(source, filename=strfn)\n../../../.local/share/uv/python/cpython-3.10.11-linux-x86_64-gnu/lib/python3.10/ast.py:50: in parse\n    return compile(source, filename, mode, flags,\nE     File \"/home/graham/workspace/experiments/arangodb/tests/integration/test_entity_extraction_debug.py\", line 27\nE       from arangodb.core.memory.memory_agent import MemoryAgent\nE   IndentationError: unexpected indent\n____ ERROR collecting tests/integration/test_graphiti_memory_integration.py ____\n.venv/lib/python3.10/site-packages/_pytest/python.py:497: in importtestmodule\n    mod = import_path(\n.venv/lib/python3.10/site-packages/_pytest/pathlib.py:587: in import_path\n    importlib.import_module(module_name)\n../../../.local/share/uv/python/cpython-3.10.11-linux-x86_64-gnu/lib/python3.10/importlib/__init__.py:126: in import_module\n    return _bootstrap._gcd_import(name[level:], package, level)\n<frozen importlib._bootstrap>:1050: in _gcd_import\n    ???\n<frozen importlib._bootstrap>:1027: in _find_and_load\n    ???\n<frozen importlib._bootstrap>:1006: in _find_and_load_unlocked\n    ???\n<frozen importlib._bootstrap>:688: in _load_unlocked\n    ???\n.venv/lib/python3.10/site-packages/_pytest/assertion/rewrite.py:177: in exec_module\n    source_stat, co = _rewrite_test(fn, self.config)\n.venv/lib/python3.10/site-packages/_pytest/assertion/rewrite.py:357: in _rewrite_test\n    tree = ast.parse(source, filename=strfn)\n../../../.local/share/uv/python/cpython-3.10.11-linux-x86_64-gnu/lib/python3.10/ast.py:50: in parse\n    return compile(source, filename, mode, flags,\nE     File \"/home/graham/workspace/experiments/arangodb/tests/integration/test_graphiti_memory_integration.py\", line 33\nE       import traceback\nE   IndentationError: unexpected indent\n________ ERROR collecting tests/integration/test_qa_edge_integration.py ________\n.venv/lib/python3.10/site-packages/_pytest/python.py:497: in importtestmodule\n    mod = import_path(\n.venv/lib/python3.10/site-packages/_pytest/pathlib.py:587: in import_path\n    importlib.import_module(module_name)\n../../../.local/share/uv/python/cpython-3.10.11-linux-x86_64-gnu/lib/python3.10/importlib/__init__.py:126: in import_module\n    return _bootstrap._gcd_import(name[level:], package, level)\n<frozen importlib._bootstrap>:1050: in _gcd_import\n    ???\n<frozen importlib._bootstrap>:1027: in _find_and_load\n    ???\n<frozen importlib._bootstrap>:1006: in _find_and_load_unlocked\n    ???\n<frozen importlib._bootstrap>:688: in _load_unlocked\n    ???\n.venv/lib/python3.10/site-packages/_pytest/assertion/rewrite.py:177: in exec_module\n    source_stat, co = _rewrite_test(fn, self.config)\n.venv/lib/python3.10/site-packages/_pytest/assertion/rewrite.py:357: in _rewrite_test\n    tree = ast.parse(source, filename=strfn)\n../../../.local/share/uv/python/cpython-3.10.11-linux-x86_64-gnu/lib/python3.10/ast.py:50: in parse\n    return compile(source, filename, mode, flags,\nE     File \"/home/graham/workspace/experiments/arangodb/tests/integration/test_qa_edge_integration.py\", line 34\nE       from arango import ArangoClient\nE   IndentationError: unexpected indent\n__________ ERROR collecting tests/integration/test_unsloth_export.py ___________\n.venv/lib/python3.10/site-packages/_pytest/python.py:497: in importtestmodule\n    mod = import_path(\n.venv/lib/python3.10/site-packages/_pytest/pathlib.py:587: in import_path\n    importlib.import_module(module_name)\n../../../.local/share/uv/python/cpython-3.10.11-linux-x86_64-gnu/lib/python3.10/importlib/__init__.py:126: in import_module\n    return _bootstrap._gcd_import(name[level:], package, level)\n<frozen importlib._bootstrap>:1050: in _gcd_import\n    ???\n<frozen importlib._bootstrap>:1027: in _find_and_load\n    ???\n<frozen importlib._bootstrap>:1006: in _find_and_load_unlocked\n    ???\n<frozen importlib._bootstrap>:688: in _load_unlocked\n    ???\n.venv/lib/python3.10/site-packages/_pytest/assertion/rewrite.py:177: in exec_module\n    source_stat, co = _rewrite_test(fn, self.config)\n.venv/lib/python3.10/site-packages/_pytest/assertion/rewrite.py:357: in _rewrite_test\n    tree = ast.parse(source, filename=strfn)\n../../../.local/share/uv/python/cpython-3.10.11-linux-x86_64-gnu/lib/python3.10/ast.py:50: in parse\n    return compile(source, filename, mode, flags,\nE     File \"/home/graham/workspace/experiments/arangodb/tests/integration/test_unsloth_export.py\", line 31\nE       import json\nE   IndentationError: unexpected indent\n=============================== warnings summary ===============================\nsrc/arangodb/core/utils/config_validator.py:26\n  /home/graham/workspace/experiments/arangodb/src/arangodb/core/utils/config_validator.py:26: PydanticDeprecatedSince20: Pydantic V1 style `@validator` validators are deprecated. You should migrate to Pydantic V2 style `@field_validator` validators, see the migration guide for more details. Deprecated in Pydantic V2.0 to be removed in V3.0. See Pydantic V2 Migration Guide at https://errors.pydantic.dev/2.11/migration/\n    @validator('host')\n\nsrc/arangodb/core/utils/config_validator.py:40\n  /home/graham/workspace/experiments/arangodb/src/arangodb/core/utils/config_validator.py:40: PydanticDeprecatedSince20: Pydantic V1 style `@validator` validators are deprecated. You should migrate to Pydantic V2 style `@field_validator` validators, see the migration guide for more details. Deprecated in Pydantic V2.0 to be removed in V3.0. See Pydantic V2 Migration Guide at https://errors.pydantic.dev/2.11/migration/\n    @validator('dimensions')\n\nsrc/arangodb/core/utils/config_validator.py:47\n  /home/graham/workspace/experiments/arangodb/src/arangodb/core/utils/config_validator.py:47: PydanticDeprecatedSince20: Pydantic V1 style `@validator` validators are deprecated. You should migrate to Pydantic V2 style `@field_validator` validators, see the migration guide for more details. Deprecated in Pydantic V2.0 to be removed in V3.0. See Pydantic V2 Migration Guide at https://errors.pydantic.dev/2.11/migration/\n    @validator('batch_size')\n\nsrc/arangodb/core/utils/config_validator.py:64\n  /home/graham/workspace/experiments/arangodb/src/arangodb/core/utils/config_validator.py:64: PydanticDeprecatedSince20: Pydantic V1 style `@validator` validators are deprecated. You should migrate to Pydantic V2 style `@field_validator` validators, see the migration guide for more details. Deprecated in Pydantic V2.0 to be removed in V3.0. See Pydantic V2 Migration Guide at https://errors.pydantic.dev/2.11/migration/\n    @validator('vector_index_nlists')\n\nsrc/arangodb/core/utils/config_validator.py:71\n  /home/graham/workspace/experiments/arangodb/src/arangodb/core/utils/config_validator.py:71: PydanticDeprecatedSince20: Pydantic V1 style `@validator` validators are deprecated. You should migrate to Pydantic V2 style `@field_validator` validators, see the migration guide for more details. Deprecated in Pydantic V2.0 to be removed in V3.0. See Pydantic V2 Migration Guide at https://errors.pydantic.dev/2.11/migration/\n    @validator('insert_batch_size')\n\nsrc/arangodb/core/utils/config_validator.py:78\n  /home/graham/workspace/experiments/arangodb/src/arangodb/core/utils/config_validator.py:78: PydanticDeprecatedSince20: Pydantic V1 style `@validator` validators are deprecated. You should migrate to Pydantic V2 style `@field_validator` validators, see the migration guide for more details. Deprecated in Pydantic V2.0 to be removed in V3.0. See Pydantic V2 Migration Guide at https://errors.pydantic.dev/2.11/migration/\n    @validator('fields')\n\nsrc/arangodb/core/utils/config_validator.py:92\n  /home/graham/workspace/experiments/arangodb/src/arangodb/core/utils/config_validator.py:92: PydanticDeprecatedSince20: Pydantic V1 style `@validator` validators are deprecated. You should migrate to Pydantic V2 style `@field_validator` validators, see the migration guide for more details. Deprecated in Pydantic V2.0 to be removed in V3.0. See Pydantic V2 Migration Guide at https://errors.pydantic.dev/2.11/migration/\n    @validator('default_max_tokens')\n\nsrc/arangodb/core/utils/config_validator.py:99\n  /home/graham/workspace/experiments/arangodb/src/arangodb/core/utils/config_validator.py:99: PydanticDeprecatedSince20: Pydantic V1 style `@validator` validators are deprecated. You should migrate to Pydantic V2 style `@field_validator` validators, see the migration guide for more details. Deprecated in Pydantic V2.0 to be removed in V3.0. See Pydantic V2 Migration Guide at https://errors.pydantic.dev/2.11/migration/\n    @validator('default_min_overlap')\n\nsrc/arangodb/core/utils/config_validator.py:106\n  /home/graham/workspace/experiments/arangodb/src/arangodb/core/utils/config_validator.py:106: PydanticDeprecatedSince20: Pydantic V1 style `@validator` validators are deprecated. You should migrate to Pydantic V2 style `@field_validator` validators, see the migration guide for more details. Deprecated in Pydantic V2.0 to be removed in V3.0. See Pydantic V2 Migration Guide at https://errors.pydantic.dev/2.11/migration/\n    @validator('default_method')\n\nsrc/arangodb/core/utils/config_validator.py:122\n  /home/graham/workspace/experiments/arangodb/src/arangodb/core/utils/config_validator.py:122: PydanticDeprecatedSince20: Pydantic V1 style `@validator` validators are deprecated. You should migrate to Pydantic V2 style `@field_validator` validators, see the migration guide for more details. Deprecated in Pydantic V2.0 to be removed in V3.0. See Pydantic V2 Migration Guide at https://errors.pydantic.dev/2.11/migration/\n    @validator('max_traversal_depth')\n\nsrc/arangodb/core/utils/config_validator.py:129\n  /home/graham/workspace/experiments/arangodb/src/arangodb/core/utils/config_validator.py:129: PydanticDeprecatedSince20: Pydantic V1 style `@validator` validators are deprecated. You should migrate to Pydantic V2 style `@field_validator` validators, see the migration guide for more details. Deprecated in Pydantic V2.0 to be removed in V3.0. See Pydantic V2 Migration Guide at https://errors.pydantic.dev/2.11/migration/\n    @validator('relationship_confidence_threshold', 'semantic_weight', 'graph_weight', 'auto_relationship_threshold')\n\nsrc/arangodb/core/utils/config_validator.py:137\n  /home/graham/workspace/experiments/arangodb/src/arangodb/core/utils/config_validator.py:137: PydanticDeprecatedSince20: Pydantic V1 style `@root_validator` validators are deprecated. You should migrate to Pydantic V2 style `@model_validator` validators, see the migration guide for more details. Deprecated in Pydantic V2.0 to be removed in V3.0. See Pydantic V2 Migration Guide at https://errors.pydantic.dev/2.11/migration/\n    def validate_weights(cls, values):\n\n.venv/lib/python3.10/site-packages/pydantic/deprecated/class_validators.py:234\n  /home/graham/workspace/experiments/arangodb/.venv/lib/python3.10/site-packages/pydantic/deprecated/class_validators.py:234: PydanticDeprecatedSince20: Pydantic V1 style `@root_validator` validators are deprecated. You should migrate to Pydantic V2 style `@model_validator` validators, see the migration guide for more details. Deprecated in Pydantic V2.0 to be removed in V3.0. See Pydantic V2 Migration Guide at https://errors.pydantic.dev/2.11/migration/\n    return root_validator()(*__args)  # type: ignore\n\n-- Docs: https://docs.pytest.org/en/stable/how-to/capture-warnings.html\n--------------------------------- JSON report ----------------------------------\nreport saved to: test-report.json\n=========================== short test summary info ============================\nERROR tests/integration/test_entity_deduplication.py\nERROR tests/integration/test_entity_extraction_debug.py\nERROR tests/integration/test_graphiti_memory_integration.py\nERROR tests/integration/test_qa_edge_integration.py\nERROR tests/integration/test_unsloth_export.py\n!!!!!!!!!!!!!!!!!!! Interrupted: 5 errors during collection !!!!!!!!!!!!!!!!!!!!\n================= 3 deselected, 13 warnings, 5 errors in 1.40s =================\n"
  },
  {
    "project": "llm_call",
    "status": "failed",
    "output": "Cannot read termcap database;\nusing dumb terminal settings.\nImportError while loading conftest '/home/graham/workspace/experiments/llm_call/tests/conftest.py'.\ntests/conftest.py:27: in <module>\n    from llm_call.core.utils.initialize_litellm_cache import initialize_litellm_cache\nsrc/llm_call/__init__.py:10: in <module>\n    from llm_call.core.caller import make_llm_request\nsrc/llm_call/core/__init__.py:11: in <module>\n    from llm_call.core.retry import retry_with_validation, RetryConfig\nsrc/llm_call/core/retry.py:77: in <module>\n    import litellm\n.venv/lib/python3.10/site-packages/litellm/__init__.py:814: in <module>\n    from litellm.litellm_core_utils.litellm_logging import Logging, modify_integration\n.venv/lib/python3.10/site-packages/litellm/litellm_core_utils/litellm_logging.py:126: in <module>\n    from ..integrations.langfuse.langfuse import LangFuseLogger\n.venv/lib/python3.10/site-packages/litellm/integrations/langfuse/langfuse.py:9: in <module>\n    from packaging.version import Version\nE     File \"/home/graham/workspace/experiments/llm_call/.venv/lib/python3.10/site-packages/packaging/version.py\", line 24\nE       from __future__ import annotations\nE       ^^^^^^^^^^^^^^^^^^^^^^^^^^^^^^^^^^\nE   SyntaxError: from __future__ imports must occur at the beginning of the file\n"
  },
  {
    "project": "unsloth_wip",
    "status": "failed",
    "tests": {
      "total": 12,
      "passed": 0,
      "failed": 0,
      "skipped": 0,
      "error": 0,
      "deselected": 3,
      "collection_errors": 0
    },
    "duration": 4.072260141372681,
    "output": "Cannot read termcap database;\nusing dumb terminal settings.\n============================= test session starts ==============================\nplatform linux -- Python 3.10.11, pytest-8.4.0, pluggy-1.6.0 -- /home/graham/workspace/experiments/unsloth_wip/.venv/bin/python\ncachedir: .pytest_cache\nmetadata: {'Python': '3.10.11', 'Platform': 'Linux-6.8.0-57-generic-x86_64-with-glibc2.39', 'Packages': {'pytest': '8.4.0', 'pluggy': '1.6.0'}, 'Plugins': {'repeat': '0.9.4', 'metadata': '3.1.1', 'claude-test-reporter': '0.2.1', 'html': '4.1.1', 'cov': '6.1.1', 'timeout': '2.4.0', 'deepeval': '3.0.6', 'xdist': '3.7.0', 'rerunfailures': '12.0', 'json-report': '1.5.0', 'asyncio': '1.0.0', 'anyio': '4.9.0'}}\nrootdir: /home/graham/workspace/experiments/unsloth_wip\nconfigfile: pytest.ini\ntestpaths: tests\nplugins: repeat-0.9.4, metadata-3.1.1, claude-test-reporter-0.2.1, html-4.1.1, cov-6.1.1, timeout-2.4.0, deepeval-3.0.6, xdist-3.7.0, rerunfailures-12.0, json-report-1.5.0, asyncio-1.0.0, anyio-4.9.0\nasyncio: mode=strict, asyncio_default_fixture_loop_scope=None, asyncio_default_test_loop_scope=function\ncollecting ... collected 15 items / 2 errors / 3 deselected / 12 selected\nRunning teardown with pytest sessionfinish...\n\n==================================== ERRORS ====================================\n__________________ ERROR collecting tests/mcp/test_prompts.py __________________\n.venv/lib/python3.10/site-packages/_pytest/python.py:497: in importtestmodule\n    mod = import_path(\n.venv/lib/python3.10/site-packages/_pytest/pathlib.py:587: in import_path\n    importlib.import_module(module_name)\n../../../.local/share/uv/python/cpython-3.10.11-linux-x86_64-gnu/lib/python3.10/importlib/__init__.py:126: in import_module\n    return _bootstrap._gcd_import(name[level:], package, level)\n<frozen importlib._bootstrap>:1050: in _gcd_import\n    ???\n<frozen importlib._bootstrap>:1027: in _find_and_load\n    ???\n<frozen importlib._bootstrap>:1006: in _find_and_load_unlocked\n    ???\n<frozen importlib._bootstrap>:688: in _load_unlocked\n    ???\n.venv/lib/python3.10/site-packages/_pytest/assertion/rewrite.py:177: in exec_module\n    source_stat, co = _rewrite_test(fn, self.config)\n.venv/lib/python3.10/site-packages/_pytest/assertion/rewrite.py:357: in _rewrite_test\n    tree = ast.parse(source, filename=strfn)\n../../../.local/share/uv/python/cpython-3.10.11-linux-x86_64-gnu/lib/python3.10/ast.py:50: in parse\n    return compile(source, filename, mode, flags,\nE     File \"/home/graham/workspace/experiments/unsloth_wip/tests/mcp/test_prompts.py\", line 42\nE       async def test_capabilities_prompt(self):\nE   IndentationError: unexpected unindent\n______________ ERROR collecting tests/unit/test_msmarco_loader.py ______________\n.venv/lib/python3.10/site-packages/_pytest/python.py:497: in importtestmodule\n    mod = import_path(\n.venv/lib/python3.10/site-packages/_pytest/pathlib.py:587: in import_path\n    importlib.import_module(module_name)\n../../../.local/share/uv/python/cpython-3.10.11-linux-x86_64-gnu/lib/python3.10/importlib/__init__.py:126: in import_module\n    return _bootstrap._gcd_import(name[level:], package, level)\n<frozen importlib._bootstrap>:1050: in _gcd_import\n    ???\n<frozen importlib._bootstrap>:1027: in _find_and_load\n    ???\n<frozen importlib._bootstrap>:1006: in _find_and_load_unlocked\n    ???\n<frozen importlib._bootstrap>:688: in _load_unlocked\n    ???\n.venv/lib/python3.10/site-packages/_pytest/assertion/rewrite.py:177: in exec_module\n    source_stat, co = _rewrite_test(fn, self.config)\n.venv/lib/python3.10/site-packages/_pytest/assertion/rewrite.py:357: in _rewrite_test\n    tree = ast.parse(source, filename=strfn)\n../../../.local/share/uv/python/cpython-3.10.11-linux-x86_64-gnu/lib/python3.10/ast.py:50: in parse\n    return compile(source, filename, mode, flags,\nE     File \"/home/graham/workspace/experiments/unsloth_wip/tests/unit/test_msmarco_loader.py\", line 42\nE       }\nE       ^\nE   SyntaxError: closing parenthesis '}' does not match opening parenthesis '(' on line 32\n=============================== warnings summary ===============================\n.venv/lib/python3.10/site-packages/pydantic/_internal/_config.py:323\n  /home/graham/workspace/experiments/unsloth_wip/.venv/lib/python3.10/site-packages/pydantic/_internal/_config.py:323: PydanticDeprecatedSince20: Support for class-based `config` is deprecated, use ConfigDict instead. Deprecated in Pydantic V2.0 to be removed in V3.0. See Pydantic V2 Migration Guide at https://errors.pydantic.dev/2.11/migration/\n    warnings.warn(DEPRECATION_MESSAGE, DeprecationWarning)\n\n-- Docs: https://docs.pytest.org/en/stable/how-to/capture-warnings.html\n--------------------------------- JSON report ----------------------------------\nreport saved to: test-report.json\n=========================== short test summary info ============================\nERROR tests/mcp/test_prompts.py\nERROR tests/unit/test_msmarco_loader.py\n!!!!!!!!!!!!!!!!!!! Interrupted: 2 errors during collection !!!!!!!!!!!!!!!!!!!!\n================== 3 deselected, 1 warning, 2 errors in 4.07s ==================\n"
  },
  {
    "project": "youtube_transcripts",
    "status": "failed",
    "tests": {
      "total": 130,
      "passed": 0,
      "failed": 0,
      "skipped": 0,
      "error": 0,
      "deselected": 5,
      "collection_errors": 0
    },
    "duration": 6.8944995403289795,
    "output": "Cannot read termcap database;\nusing dumb terminal settings.\n============================= test session starts ==============================\nplatform linux -- Python 3.10.11, pytest-8.4.0, pluggy-1.6.0 -- /home/graham/workspace/experiments/youtube_transcripts/.venv/bin/python\ncachedir: .pytest_cache\nmetadata: {'Python': '3.10.11', 'Platform': 'Linux-6.8.0-57-generic-x86_64-with-glibc2.39', 'Packages': {'pytest': '8.4.0', 'pluggy': '1.6.0'}, 'Plugins': {'metadata': '3.1.1', 'claude-test-reporter': '0.2.1', 'cov': '6.1.1', 'allure-pytest': '2.14.2', 'json-report': '1.5.0', 'asyncio': '1.0.0', 'anyio': '4.9.0'}}\nrootdir: /home/graham/workspace/experiments/youtube_transcripts\nconfigfile: pytest.ini\ntestpaths: tests\nplugins: metadata-3.1.1, claude-test-reporter-0.2.1, cov-6.1.1, allure-pytest-2.14.2, json-report-1.5.0, asyncio-1.0.0, anyio-4.9.0\nasyncio: mode=strict, asyncio_default_fixture_loop_scope=None, asyncio_default_test_loop_scope=function\ncollecting ... collected 135 items / 8 errors / 5 deselected / 130 selected\n\n==================================== ERRORS ====================================\n_________________ ERROR collecting tests/agents/test_agents.py _________________\n.venv/lib/python3.10/site-packages/_pytest/python.py:497: in importtestmodule\n    mod = import_path(\n.venv/lib/python3.10/site-packages/_pytest/pathlib.py:587: in import_path\n    importlib.import_module(module_name)\n../../../.local/share/uv/python/cpython-3.10.11-linux-x86_64-gnu/lib/python3.10/importlib/__init__.py:126: in import_module\n    return _bootstrap._gcd_import(name[level:], package, level)\n<frozen importlib._bootstrap>:1050: in _gcd_import\n    ???\n<frozen importlib._bootstrap>:1027: in _find_and_load\n    ???\n<frozen importlib._bootstrap>:1006: in _find_and_load_unlocked\n    ???\n<frozen importlib._bootstrap>:688: in _load_unlocked\n    ???\n.venv/lib/python3.10/site-packages/_pytest/assertion/rewrite.py:177: in exec_module\n    source_stat, co = _rewrite_test(fn, self.config)\n.venv/lib/python3.10/site-packages/_pytest/assertion/rewrite.py:357: in _rewrite_test\n    tree = ast.parse(source, filename=strfn)\n../../../.local/share/uv/python/cpython-3.10.11-linux-x86_64-gnu/lib/python3.10/ast.py:50: in parse\n    return compile(source, filename, mode, flags,\nE     File \"/home/graham/workspace/experiments/youtube_transcripts/tests/agents/test_agents.py\", line 49\nE       async def test_agent_manager_task_submission(self, agent_db):\nE   IndentationError: unexpected unindent\n_ ERROR collecting tests/archive/deprecated_2025_06_06/test_youtube_error_handling.py _\ntests/archive/deprecated_2025_06_06/test_youtube_error_handling.py:37: in <module>\n    class TestYouTubeErrorHandling:\ntests/archive/deprecated_2025_06_06/test_youtube_error_handling.py:162: in TestYouTubeErrorHandling\n    @patch('time.sleep')\nE   NameError: name 'patch' is not defined\n_________ ERROR collecting tests/integration/test_arangodb_features.py _________\n.venv/lib/python3.10/site-packages/_pytest/python.py:497: in importtestmodule\n    mod = import_path(\n.venv/lib/python3.10/site-packages/_pytest/pathlib.py:587: in import_path\n    importlib.import_module(module_name)\n../../../.local/share/uv/python/cpython-3.10.11-linux-x86_64-gnu/lib/python3.10/importlib/__init__.py:126: in import_module\n    return _bootstrap._gcd_import(name[level:], package, level)\n<frozen importlib._bootstrap>:1050: in _gcd_import\n    ???\n<frozen importlib._bootstrap>:1027: in _find_and_load\n    ???\n<frozen importlib._bootstrap>:1006: in _find_and_load_unlocked\n    ???\n<frozen importlib._bootstrap>:688: in _load_unlocked\n    ???\n.venv/lib/python3.10/site-packages/_pytest/assertion/rewrite.py:177: in exec_module\n    source_stat, co = _rewrite_test(fn, self.config)\n.venv/lib/python3.10/site-packages/_pytest/assertion/rewrite.py:357: in _rewrite_test\n    tree = ast.parse(source, filename=strfn)\n../../../.local/share/uv/python/cpython-3.10.11-linux-x86_64-gnu/lib/python3.10/ast.py:50: in parse\n    return compile(source, filename, mode, flags,\nE     File \"/home/graham/workspace/experiments/youtube_transcripts/tests/integration/test_arangodb_features.py\", line 173\nE       async def test_store_and_retrieve_with_embeddings(self, youtube_graph, sample_videos):\nE   IndentationError: unexpected unindent\n_________ ERROR collecting tests/integration/test_database_adapter.py __________\n.venv/lib/python3.10/site-packages/_pytest/python.py:497: in importtestmodule\n    mod = import_path(\n.venv/lib/python3.10/site-packages/_pytest/pathlib.py:587: in import_path\n    importlib.import_module(module_name)\n../../../.local/share/uv/python/cpython-3.10.11-linux-x86_64-gnu/lib/python3.10/importlib/__init__.py:126: in import_module\n    return _bootstrap._gcd_import(name[level:], package, level)\n<frozen importlib._bootstrap>:1050: in _gcd_import\n    ???\n<frozen importlib._bootstrap>:1027: in _find_and_load\n    ???\n<frozen importlib._bootstrap>:1006: in _find_and_load_unlocked\n    ???\n<frozen importlib._bootstrap>:688: in _load_unlocked\n    ???\n.venv/lib/python3.10/site-packages/_pytest/assertion/rewrite.py:177: in exec_module\n    source_stat, co = _rewrite_test(fn, self.config)\n.venv/lib/python3.10/site-packages/_pytest/assertion/rewrite.py:357: in _rewrite_test\n    tree = ast.parse(source, filename=strfn)\n../../../.local/share/uv/python/cpython-3.10.11-linux-x86_64-gnu/lib/python3.10/ast.py:50: in parse\n    return compile(source, filename, mode, flags,\nE     File \"/home/graham/workspace/experiments/youtube_transcripts/tests/integration/test_database_adapter.py\", line 126\nE       async def test_sqlite_initialization(self, sqlite_db_path, test_report):\nE   IndentationError: unexpected unindent\n___ ERROR collecting tests/integration/test_research_pipeline_edge_cases.py ____\n.venv/lib/python3.10/site-packages/_pytest/python.py:497: in importtestmodule\n    mod = import_path(\n.venv/lib/python3.10/site-packages/_pytest/pathlib.py:587: in import_path\n    importlib.import_module(module_name)\n../../../.local/share/uv/python/cpython-3.10.11-linux-x86_64-gnu/lib/python3.10/importlib/__init__.py:126: in import_module\n    return _bootstrap._gcd_import(name[level:], package, level)\n<frozen importlib._bootstrap>:1050: in _gcd_import\n    ???\n<frozen importlib._bootstrap>:1027: in _find_and_load\n    ???\n<frozen importlib._bootstrap>:1006: in _find_and_load_unlocked\n    ???\n<frozen importlib._bootstrap>:688: in _load_unlocked\n    ???\n.venv/lib/python3.10/site-packages/_pytest/assertion/rewrite.py:177: in exec_module\n    source_stat, co = _rewrite_test(fn, self.config)\n.venv/lib/python3.10/site-packages/_pytest/assertion/rewrite.py:357: in _rewrite_test\n    tree = ast.parse(source, filename=strfn)\n../../../.local/share/uv/python/cpython-3.10.11-linux-x86_64-gnu/lib/python3.10/ast.py:50: in parse\n    return compile(source, filename, mode, flags,\nE     File \"/home/graham/workspace/experiments/youtube_transcripts/tests/integration/test_research_pipeline_edge_cases.py\", line 51\nE       async def test_malformed_links_extraction(self):\nE   IndentationError: unexpected unindent\n___ ERROR collecting tests/level_0/test_youtube_transcripts_standardized.py ____\n.venv/lib/python3.10/site-packages/_pytest/python.py:497: in importtestmodule\n    mod = import_path(\n.venv/lib/python3.10/site-packages/_pytest/pathlib.py:587: in import_path\n    importlib.import_module(module_name)\n../../../.local/share/uv/python/cpython-3.10.11-linux-x86_64-gnu/lib/python3.10/importlib/__init__.py:126: in import_module\n    return _bootstrap._gcd_import(name[level:], package, level)\n<frozen importlib._bootstrap>:1050: in _gcd_import\n    ???\n<frozen importlib._bootstrap>:1027: in _find_and_load\n    ???\n<frozen importlib._bootstrap>:1006: in _find_and_load_unlocked\n    ???\n<frozen importlib._bootstrap>:688: in _load_unlocked\n    ???\n.venv/lib/python3.10/site-packages/_pytest/assertion/rewrite.py:177: in exec_module\n    source_stat, co = _rewrite_test(fn, self.config)\n.venv/lib/python3.10/site-packages/_pytest/assertion/rewrite.py:357: in _rewrite_test\n    tree = ast.parse(source, filename=strfn)\n../../../.local/share/uv/python/cpython-3.10.11-linux-x86_64-gnu/lib/python3.10/ast.py:50: in parse\n    return compile(source, filename, mode, flags,\nE     File \"/home/graham/workspace/experiments/youtube_transcripts/tests/level_0/test_youtube_transcripts_standardized.py\", line 33\nE       async def test_module_attributes(self, module):\nE   IndentationError: unexpected unindent\n______ ERROR collecting tests/level_3/test_multi_module_orchestration.py _______\n.venv/lib/python3.10/site-packages/_pytest/python.py:497: in importtestmodule\n    mod = import_path(\n.venv/lib/python3.10/site-packages/_pytest/pathlib.py:587: in import_path\n    importlib.import_module(module_name)\n../../../.local/share/uv/python/cpython-3.10.11-linux-x86_64-gnu/lib/python3.10/importlib/__init__.py:126: in import_module\n    return _bootstrap._gcd_import(name[level:], package, level)\n<frozen importlib._bootstrap>:1050: in _gcd_import\n    ???\n<frozen importlib._bootstrap>:1027: in _find_and_load\n    ???\n<frozen importlib._bootstrap>:1006: in _find_and_load_unlocked\n    ???\n<frozen importlib._bootstrap>:688: in _load_unlocked\n    ???\n.venv/lib/python3.10/site-packages/_pytest/assertion/rewrite.py:177: in exec_module\n    source_stat, co = _rewrite_test(fn, self.config)\n.venv/lib/python3.10/site-packages/_pytest/assertion/rewrite.py:357: in _rewrite_test\n    tree = ast.parse(source, filename=strfn)\n../../../.local/share/uv/python/cpython-3.10.11-linux-x86_64-gnu/lib/python3.10/ast.py:50: in parse\n    return compile(source, filename, mode, flags,\nE     File \"/home/graham/workspace/experiments/youtube_transcripts/tests/level_3/test_multi_module_orchestration.py\", line 50\nE       async def test_flexible_module_ordering(self):\nE   IndentationError: unexpected unindent\n__________________ ERROR collecting tests/mcp/test_prompts.py __________________\n.venv/lib/python3.10/site-packages/_pytest/python.py:497: in importtestmodule\n    mod = import_path(\n.venv/lib/python3.10/site-packages/_pytest/pathlib.py:587: in import_path\n    importlib.import_module(module_name)\n../../../.local/share/uv/python/cpython-3.10.11-linux-x86_64-gnu/lib/python3.10/importlib/__init__.py:126: in import_module\n    return _bootstrap._gcd_import(name[level:], package, level)\n<frozen importlib._bootstrap>:1050: in _gcd_import\n    ???\n<frozen importlib._bootstrap>:1027: in _find_and_load\n    ???\n<frozen importlib._bootstrap>:1006: in _find_and_load_unlocked\n    ???\n<frozen importlib._bootstrap>:688: in _load_unlocked\n    ???\n.venv/lib/python3.10/site-packages/_pytest/assertion/rewrite.py:177: in exec_module\n    source_stat, co = _rewrite_test(fn, self.config)\n.venv/lib/python3.10/site-packages/_pytest/assertion/rewrite.py:357: in _rewrite_test\n    tree = ast.parse(source, filename=strfn)\n../../../.local/share/uv/python/cpython-3.10.11-linux-x86_64-gnu/lib/python3.10/ast.py:50: in parse\n    return compile(source, filename, mode, flags,\nE     File \"/home/graham/workspace/experiments/youtube_transcripts/tests/mcp/test_prompts.py\", line 78\nE       async def test_execute_prompt(self):\nE   IndentationError: unexpected unindent\n=============================== warnings summary ===============================\n.venv/lib/python3.10/site-packages/spacy/cli/_util.py:23\n  /home/graham/workspace/experiments/youtube_transcripts/.venv/lib/python3.10/site-packages/spacy/cli/_util.py:23: DeprecationWarning: Importing 'parser.split_arg_string' is deprecated, it will only be available in 'shell_completion' in Click 9.0.\n    from click.parser import split_arg_string\n\n.venv/lib/python3.10/site-packages/weasel/util/config.py:8\n  /home/graham/workspace/experiments/youtube_transcripts/.venv/lib/python3.10/site-packages/weasel/util/config.py:8: DeprecationWarning: Importing 'parser.split_arg_string' is deprecated, it will only be available in 'shell_completion' in Click 9.0.\n    from click.parser import split_arg_string\n\n.venv/lib/python3.10/site-packages/pydantic/_internal/_config.py:323\n  /home/graham/workspace/experiments/youtube_transcripts/.venv/lib/python3.10/site-packages/pydantic/_internal/_config.py:323: PydanticDeprecatedSince20: Support for class-based `config` is deprecated, use ConfigDict instead. Deprecated in Pydantic V2.0 to be removed in V3.0. See Pydantic V2 Migration Guide at https://errors.pydantic.dev/2.11/migration/\n    warnings.warn(DEPRECATION_MESSAGE, DeprecationWarning)\n\ntests/level_0/test_link_extraction_unit.py:41\n  /home/graham/workspace/experiments/youtube_transcripts/tests/level_0/test_link_extraction_unit.py:41: PytestUnknownMarkWarning: Unknown pytest.mark.level_0 - is this a typo?  You can register custom marks to avoid this warning - for details, see https://docs.pytest.org/en/stable/how-to/mark.html\n    @pytest.mark.level_0\n\ntests/level_0/test_link_extraction_unit.py:59\n  /home/graham/workspace/experiments/youtube_transcripts/tests/level_0/test_link_extraction_unit.py:59: PytestUnknownMarkWarning: Unknown pytest.mark.level_0 - is this a typo?  You can register custom marks to avoid this warning - for details, see https://docs.pytest.org/en/stable/how-to/mark.html\n    @pytest.mark.level_0\n\ntests/level_0/test_link_extraction_unit.py:82\n  /home/graham/workspace/experiments/youtube_transcripts/tests/level_0/test_link_extraction_unit.py:82: PytestUnknownMarkWarning: Unknown pytest.mark.level_0 - is this a typo?  You can register custom marks to avoid this warning - for details, see https://docs.pytest.org/en/stable/how-to/mark.html\n    @pytest.mark.level_0\n\ntests/level_0/test_link_extraction_unit.py:112\n  /home/graham/workspace/experiments/youtube_transcripts/tests/level_0/test_link_extraction_unit.py:112: PytestUnknownMarkWarning: Unknown pytest.mark.level_0 - is this a typo?  You can register custom marks to avoid this warning - for details, see https://docs.pytest.org/en/stable/how-to/mark.html\n    @pytest.mark.level_0\n\ntests/level_0/test_link_extraction_unit.py:141\n  /home/graham/workspace/experiments/youtube_transcripts/tests/level_0/test_link_extraction_unit.py:141: PytestUnknownMarkWarning: Unknown pytest.mark.level_0 - is this a typo?  You can register custom marks to avoid this warning - for details, see https://docs.pytest.org/en/stable/how-to/mark.html\n    @pytest.mark.level_0\n\ntests/level_0/test_link_extraction_unit.py:165\n  /home/graham/workspace/experiments/youtube_transcripts/tests/level_0/test_link_extraction_unit.py:165: PytestUnknownMarkWarning: Unknown pytest.mark.level_0 - is this a typo?  You can register custom marks to avoid this warning - for details, see https://docs.pytest.org/en/stable/how-to/mark.html\n    @pytest.mark.level_0\n\ntests/level_0/test_link_extraction_unit.py:190\n  /home/graham/workspace/experiments/youtube_transcripts/tests/level_0/test_link_extraction_unit.py:190: PytestUnknownMarkWarning: Unknown pytest.mark.level_0 - is this a typo?  You can register custom marks to avoid this warning - for details, see https://docs.pytest.org/en/stable/how-to/mark.html\n    @pytest.mark.level_0\n\ntests/level_0/test_link_extraction_unit.py:219\n  /home/graham/workspace/experiments/youtube_transcripts/tests/level_0/test_link_extraction_unit.py:219: PytestUnknownMarkWarning: Unknown pytest.mark.level_0 - is this a typo?  You can register custom marks to avoid this warning - for details, see https://docs.pytest.org/en/stable/how-to/mark.html\n    @pytest.mark.level_0\n\ntests/level_0/test_sanitization_unit.py:38\n  /home/graham/workspace/experiments/youtube_transcripts/tests/level_0/test_sanitization_unit.py:38: PytestUnknownMarkWarning: Unknown pytest.mark.level_0 - is this a typo?  You can register custom marks to avoid this warning - for details, see https://docs.pytest.org/en/stable/how-to/mark.html\n    @pytest.mark.level_0\n\ntests/level_0/test_sanitization_unit.py:68\n  /home/graham/workspace/experiments/youtube_transcripts/tests/level_0/test_sanitization_unit.py:68: PytestUnknownMarkWarning: Unknown pytest.mark.level_0 - is this a typo?  You can register custom marks to avoid this warning - for details, see https://docs.pytest.org/en/stable/how-to/mark.html\n    @pytest.mark.level_0\n\ntests/level_0/test_sanitization_unit.py:97\n  /home/graham/workspace/experiments/youtube_transcripts/tests/level_0/test_sanitization_unit.py:97: PytestUnknownMarkWarning: Unknown pytest.mark.level_0 - is this a typo?  You can register custom marks to avoid this warning - for details, see https://docs.pytest.org/en/stable/how-to/mark.html\n    @pytest.mark.level_0\n\ntests/level_0/test_sanitization_unit.py:127\n  /home/graham/workspace/experiments/youtube_transcripts/tests/level_0/test_sanitization_unit.py:127: PytestUnknownMarkWarning: Unknown pytest.mark.level_0 - is this a typo?  You can register custom marks to avoid this warning - for details, see https://docs.pytest.org/en/stable/how-to/mark.html\n    @pytest.mark.level_0\n\ntests/level_0/test_sanitization_unit.py:152\n  /home/graham/workspace/experiments/youtube_transcripts/tests/level_0/test_sanitization_unit.py:152: PytestUnknownMarkWarning: Unknown pytest.mark.level_0 - is this a typo?  You can register custom marks to avoid this warning - for details, see https://docs.pytest.org/en/stable/how-to/mark.html\n    @pytest.mark.level_0\n\ntests/level_0/test_sanitization_unit.py:172\n  /home/graham/workspace/experiments/youtube_transcripts/tests/level_0/test_sanitization_unit.py:172: PytestUnknownMarkWarning: Unknown pytest.mark.level_0 - is this a typo?  You can register custom marks to avoid this warning - for details, see https://docs.pytest.org/en/stable/how-to/mark.html\n    @pytest.mark.level_0\n\ntests/level_0/test_sanitization_unit.py:201\n  /home/graham/workspace/experiments/youtube_transcripts/tests/level_0/test_sanitization_unit.py:201: PytestUnknownMarkWarning: Unknown pytest.mark.level_0 - is this a typo?  You can register custom marks to avoid this warning - for details, see https://docs.pytest.org/en/stable/how-to/mark.html\n    @pytest.mark.level_0\n\ntests/level_0/test_sanitization_unit.py:226\n  /home/graham/workspace/experiments/youtube_transcripts/tests/level_0/test_sanitization_unit.py:226: PytestUnknownMarkWarning: Unknown pytest.mark.level_0 - is this a typo?  You can register custom marks to avoid this warning - for details, see https://docs.pytest.org/en/stable/how-to/mark.html\n    @pytest.mark.level_0\n\ntests/level_0/test_video_id_unit.py:37\n  /home/graham/workspace/experiments/youtube_transcripts/tests/level_0/test_video_id_unit.py:37: PytestUnknownMarkWarning: Unknown pytest.mark.level_0 - is this a typo?  You can register custom marks to avoid this warning - for details, see https://docs.pytest.org/en/stable/how-to/mark.html\n    @pytest.mark.level_0\n\ntests/level_0/test_video_id_unit.py:66\n  /home/graham/workspace/experiments/youtube_transcripts/tests/level_0/test_video_id_unit.py:66: PytestUnknownMarkWarning: Unknown pytest.mark.level_0 - is this a typo?  You can register custom marks to avoid this warning - for details, see https://docs.pytest.org/en/stable/how-to/mark.html\n    @pytest.mark.level_0\n\ntests/level_0/test_video_id_unit.py:91\n  /home/graham/workspace/experiments/youtube_transcripts/tests/level_0/test_video_id_unit.py:91: PytestUnknownMarkWarning: Unknown pytest.mark.level_0 - is this a typo?  You can register custom marks to avoid this warning - for details, see https://docs.pytest.org/en/stable/how-to/mark.html\n    @pytest.mark.level_0\n\ntests/level_0/test_video_id_unit.py:116\n  /home/graham/workspace/experiments/youtube_transcripts/tests/level_0/test_video_id_unit.py:116: PytestUnknownMarkWarning: Unknown pytest.mark.level_0 - is this a typo?  You can register custom marks to avoid this warning - for details, see https://docs.pytest.org/en/stable/how-to/mark.html\n    @pytest.mark.level_0\n\ntests/level_0/test_video_id_unit.py:135\n  /home/graham/workspace/experiments/youtube_transcripts/tests/level_0/test_video_id_unit.py:135: PytestUnknownMarkWarning: Unknown pytest.mark.level_0 - is this a typo?  You can register custom marks to avoid this warning - for details, see https://docs.pytest.org/en/stable/how-to/mark.html\n    @pytest.mark.level_0\n\ntests/level_0/test_video_id_unit.py:175\n  /home/graham/workspace/experiments/youtube_transcripts/tests/level_0/test_video_id_unit.py:175: PytestUnknownMarkWarning: Unknown pytest.mark.level_0 - is this a typo?  You can register custom marks to avoid this warning - for details, see https://docs.pytest.org/en/stable/how-to/mark.html\n    @pytest.mark.level_0\n\ntests/level_0/test_video_id_unit.py:202\n  /home/graham/workspace/experiments/youtube_transcripts/tests/level_0/test_video_id_unit.py:202: PytestUnknownMarkWarning: Unknown pytest.mark.level_0 - is this a typo?  You can register custom marks to avoid this warning - for details, see https://docs.pytest.org/en/stable/how-to/mark.html\n    @pytest.mark.level_0\n\ntests/level_1/test_arangodb_integration.py:44\n  /home/graham/workspace/experiments/youtube_transcripts/tests/level_1/test_arangodb_integration.py:44: PytestUnknownMarkWarning: Unknown pytest.mark.level_1 - is this a typo?  You can register custom marks to avoid this warning - for details, see https://docs.pytest.org/en/stable/how-to/mark.html\n    @pytest.mark.level_1\n\ntests/level_1/test_arangodb_integration.py:66\n  /home/graham/workspace/experiments/youtube_transcripts/tests/level_1/test_arangodb_integration.py:66: PytestUnknownMarkWarning: Unknown pytest.mark.level_1 - is this a typo?  You can register custom marks to avoid this warning - for details, see https://docs.pytest.org/en/stable/how-to/mark.html\n    @pytest.mark.level_1\n\ntests/level_1/test_arangodb_integration.py:96\n  /home/graham/workspace/experiments/youtube_transcripts/tests/level_1/test_arangodb_integration.py:96: PytestUnknownMarkWarning: Unknown pytest.mark.level_1 - is this a typo?  You can register custom marks to avoid this warning - for details, see https://docs.pytest.org/en/stable/how-to/mark.html\n    @pytest.mark.level_1\n\ntests/level_1/test_arangodb_integration.py:133\n  /home/graham/workspace/experiments/youtube_transcripts/tests/level_1/test_arangodb_integration.py:133: PytestUnknownMarkWarning: Unknown pytest.mark.level_1 - is this a typo?  You can register custom marks to avoid this warning - for details, see https://docs.pytest.org/en/stable/how-to/mark.html\n    @pytest.mark.level_1\n\ntests/level_1/test_arangodb_integration.py:201\n  /home/graham/workspace/experiments/youtube_transcripts/tests/level_1/test_arangodb_integration.py:201: PytestUnknownMarkWarning: Unknown pytest.mark.level_1 - is this a typo?  You can register custom marks to avoid this warning - for details, see https://docs.pytest.org/en/stable/how-to/mark.html\n    @pytest.mark.level_1\n\ntests/level_1/test_arangodb_integration.py:226\n  /home/graham/workspace/experiments/youtube_transcripts/tests/level_1/test_arangodb_integration.py:226: PytestUnknownMarkWarning: Unknown pytest.mark.level_1 - is this a typo?  You can register custom marks to avoid this warning - for details, see https://docs.pytest.org/en/stable/how-to/mark.html\n    @pytest.mark.level_1\n\ntests/level_1/test_extraction_pipeline.py:42\n  /home/graham/workspace/experiments/youtube_transcripts/tests/level_1/test_extraction_pipeline.py:42: PytestUnknownMarkWarning: Unknown pytest.mark.level_1 - is this a typo?  You can register custom marks to avoid this warning - for details, see https://docs.pytest.org/en/stable/how-to/mark.html\n    @pytest.mark.level_1\n\ntests/level_1/test_extraction_pipeline.py:85\n  /home/graham/workspace/experiments/youtube_transcripts/tests/level_1/test_extraction_pipeline.py:85: PytestUnknownMarkWarning: Unknown pytest.mark.level_1 - is this a typo?  You can register custom marks to avoid this warning - for details, see https://docs.pytest.org/en/stable/how-to/mark.html\n    @pytest.mark.level_1\n\ntests/level_1/test_extraction_pipeline.py:112\n  /home/graham/workspace/experiments/youtube_transcripts/tests/level_1/test_extraction_pipeline.py:112: PytestUnknownMarkWarning: Unknown pytest.mark.level_1 - is this a typo?  You can register custom marks to avoid this warning - for details, see https://docs.pytest.org/en/stable/how-to/mark.html\n    @pytest.mark.level_1\n\ntests/level_1/test_extraction_pipeline.py:158\n  /home/graham/workspace/experiments/youtube_transcripts/tests/level_1/test_extraction_pipeline.py:158: PytestUnknownMarkWarning: Unknown pytest.mark.level_1 - is this a typo?  You can register custom marks to avoid this warning - for details, see https://docs.pytest.org/en/stable/how-to/mark.html\n    @pytest.mark.level_1\n\ntests/level_1/test_extraction_pipeline.py:203\n  /home/graham/workspace/experiments/youtube_transcripts/tests/level_1/test_extraction_pipeline.py:203: PytestUnknownMarkWarning: Unknown pytest.mark.level_1 - is this a typo?  You can register custom marks to avoid this warning - for details, see https://docs.pytest.org/en/stable/how-to/mark.html\n    @pytest.mark.level_1\n\ntests/level_1/test_youtube_api_integration.py:36\n  /home/graham/workspace/experiments/youtube_transcripts/tests/level_1/test_youtube_api_integration.py:36: PytestUnknownMarkWarning: Unknown pytest.mark.level_1 - is this a typo?  You can register custom marks to avoid this warning - for details, see https://docs.pytest.org/en/stable/how-to/mark.html\n    @pytest.mark.level_1\n\ntests/level_1/test_youtube_api_integration.py:77\n  /home/graham/workspace/experiments/youtube_transcripts/tests/level_1/test_youtube_api_integration.py:77: PytestUnknownMarkWarning: Unknown pytest.mark.level_1 - is this a typo?  You can register custom marks to avoid this warning - for details, see https://docs.pytest.org/en/stable/how-to/mark.html\n    @pytest.mark.level_1\n\ntests/level_1/test_youtube_api_integration.py:105\n  /home/graham/workspace/experiments/youtube_transcripts/tests/level_1/test_youtube_api_integration.py:105: PytestUnknownMarkWarning: Unknown pytest.mark.level_1 - is this a typo?  You can register custom marks to avoid this warning - for details, see https://docs.pytest.org/en/stable/how-to/mark.html\n    @pytest.mark.level_1\n\ntests/level_1/test_youtube_api_integration.py:126\n  /home/graham/workspace/experiments/youtube_transcripts/tests/level_1/test_youtube_api_integration.py:126: PytestUnknownMarkWarning: Unknown pytest.mark.level_1 - is this a typo?  You can register custom marks to avoid this warning - for details, see https://docs.pytest.org/en/stable/how-to/mark.html\n    @pytest.mark.level_1\n\ntests/level_1/test_youtube_api_integration.py:152\n  /home/graham/workspace/experiments/youtube_transcripts/tests/level_1/test_youtube_api_integration.py:152: PytestUnknownMarkWarning: Unknown pytest.mark.level_1 - is this a typo?  You can register custom marks to avoid this warning - for details, see https://docs.pytest.org/en/stable/how-to/mark.html\n    @pytest.mark.level_1\n\ntests/level_1/test_youtube_api_integration.py:175\n  /home/graham/workspace/experiments/youtube_transcripts/tests/level_1/test_youtube_api_integration.py:175: PytestUnknownMarkWarning: Unknown pytest.mark.level_1 - is this a typo?  You can register custom marks to avoid this warning - for details, see https://docs.pytest.org/en/stable/how-to/mark.html\n    @pytest.mark.level_1\n\ntests/level_2/test_links_to_storage_flow.py:89\n  /home/graham/workspace/experiments/youtube_transcripts/tests/level_2/test_links_to_storage_flow.py:89: PytestUnknownMarkWarning: Unknown pytest.mark.level_2 - is this a typo?  You can register custom marks to avoid this warning - for details, see https://docs.pytest.org/en/stable/how-to/mark.html\n    @pytest.mark.level_2\n\ntests/level_2/test_links_to_storage_flow.py:175\n  /home/graham/workspace/experiments/youtube_transcripts/tests/level_2/test_links_to_storage_flow.py:175: PytestUnknownMarkWarning: Unknown pytest.mark.level_2 - is this a typo?  You can register custom marks to avoid this warning - for details, see https://docs.pytest.org/en/stable/how-to/mark.html\n    @pytest.mark.level_2\n\ntests/level_2/test_links_to_storage_flow.py:287\n  /home/graham/workspace/experiments/youtube_transcripts/tests/level_2/test_links_to_storage_flow.py:287: PytestUnknownMarkWarning: Unknown pytest.mark.level_2 - is this a typo?  You can register custom marks to avoid this warning - for details, see https://docs.pytest.org/en/stable/how-to/mark.html\n    @pytest.mark.level_2\n\ntests/level_2/test_links_to_storage_flow.py:441\n  /home/graham/workspace/experiments/youtube_transcripts/tests/level_2/test_links_to_storage_flow.py:441: PytestUnknownMarkWarning: Unknown pytest.mark.level_2 - is this a typo?  You can register custom marks to avoid this warning - for details, see https://docs.pytest.org/en/stable/how-to/mark.html\n    @pytest.mark.level_2\n\n-- Docs: https://docs.pytest.org/en/stable/how-to/capture-warnings.html\n--------------------------------- JSON report ----------------------------------\nreport saved to: test-report.json\n=========================== short test summary info ============================\nERROR tests/agents/test_agents.py\nERROR tests/archive/deprecated_2025_06_06/test_youtube_error_handling.py - Na...\nERROR tests/integration/test_arangodb_features.py\nERROR tests/integration/test_database_adapter.py\nERROR tests/integration/test_research_pipeline_edge_cases.py\nERROR tests/level_0/test_youtube_transcripts_standardized.py\nERROR tests/level_3/test_multi_module_orchestration.py\nERROR tests/mcp/test_prompts.py\n!!!!!!!!!!!!!!!!!!! Interrupted: 8 errors during collection !!!!!!!!!!!!!!!!!!!!\n================= 5 deselected, 47 warnings, 8 errors in 6.90s =================\n"
  },
  {
    "project": "darpa_crawl",
    "status": "failed",
    "tests": {
      "total": 7,
      "passed": 4,
      "failed": 3,
      "skipped": 0,
      "error": 0,
      "deselected": 0,
      "collection_errors": 0
    },
    "duration": 1.2338566780090332,
    "output": "Cannot read termcap database;\nusing dumb terminal settings.\n============================= test session starts ==============================\nplatform linux -- Python 3.10.11, pytest-8.4.0, pluggy-1.6.0 -- /home/graham/workspace/experiments/darpa_crawl/.venv/bin/python\ncachedir: .pytest_cache\nmetadata: {'Python': '3.10.11', 'Platform': 'Linux-6.8.0-57-generic-x86_64-with-glibc2.39', 'Packages': {'pytest': '8.4.0', 'pluggy': '1.6.0'}, 'Plugins': {'metadata': '3.1.1', 'claude-test-reporter': '0.2.1', 'cov': '6.1.1', 'allure-pytest': '2.14.2', 'json-report': '1.5.0', 'asyncio': '1.0.0', 'anyio': '4.9.0'}}\nrootdir: /home/graham/workspace/experiments/darpa_crawl\nconfigfile: pytest.ini\ntestpaths: tests\nplugins: metadata-3.1.1, claude-test-reporter-0.2.1, cov-6.1.1, allure-pytest-2.14.2, json-report-1.5.0, asyncio-1.0.0, anyio-4.9.0\nasyncio: mode=auto, asyncio_default_fixture_loop_scope=None, asyncio_default_test_loop_scope=function\ncollecting ... collected 7 items\n\ntests/darpa_crawl/core/scrapers/test_darpa_rss.py::test_darpa_rss PASSED [ 14%]\ntests/darpa_crawl/core/scrapers/test_darpa_specific_search.py::test_darpa_search PASSED [ 28%]\ntests/darpa_crawl/core/scrapers/test_sam_gov_api.py::test_sam_gov_api PASSED [ 42%]\ntests/integration/test_full_system.py::test_core_functionality PASSED    [ 57%]\ntests/test_basic_functionality.py::test_imports FAILED                   [ 71%]\ntests/test_basic_functionality.py::test_database FAILED                  [ 85%]\ntests/test_basic_functionality.py::test_scraper_structure FAILED         [100%]\n\n=================================== FAILURES ===================================\n_________________________________ test_imports _________________________________\nExpected None, but test returned False. Did you mean to use `assert` instead of `return`?\n----------------------------- Captured stdout call -----------------------------\nTesting imports...\n\u2717 Import failed: No module named 'darpa_crawl.models'\n________________________________ test_database _________________________________\nExpected None, but test returned False. Did you mean to use `assert` instead of `return`?\n----------------------------- Captured stdout call -----------------------------\n\nTesting database...\n\u2717 Database test failed: invalid syntax (__init__.py, line 3)\n____________________________ test_scraper_structure ____________________________\nExpected None, but test returned False. Did you mean to use `assert` instead of `return`?\n----------------------------- Captured stdout call -----------------------------\n\nTesting scraper structure...\n\u2717 Scraper test failed: invalid syntax (__init__.py, line 3)\n--------------------------------- JSON report ----------------------------------\nreport saved to: test-report.json\n=========================== short test summary info ============================\nFAILED tests/test_basic_functionality.py::test_imports - Failed: Expected None, but test returned False. Did you mean to use `assert` instead of `return`?\nFAILED tests/test_basic_functionality.py::test_database - Failed: Expected None, but test returned False. Did you mean to use `assert` instead of `return`?\nFAILED tests/test_basic_functionality.py::test_scraper_structure - Failed: Expected None, but test returned False. Did you mean to use `assert` instead of `return`?\n========================= 3 failed, 4 passed in 1.23s ==========================\n"
  },
  {
    "project": "gitget",
    "status": "failed",
    "tests": {
      "total": 86,
      "passed": 0,
      "failed": 0,
      "skipped": 0,
      "error": 0,
      "deselected": 3,
      "collection_errors": 0
    },
    "duration": 7.557358503341675,
    "output": "Cannot read termcap database;\nusing dumb terminal settings.\n============================= test session starts ==============================\nplatform linux -- Python 3.10.11, pytest-8.4.0, pluggy-1.6.0 -- /home/graham/workspace/experiments/gitget/.venv/bin/python\ncachedir: .pytest_cache\nmetadata: {'Python': '3.10.11', 'Platform': 'Linux-6.8.0-57-generic-x86_64-with-glibc2.39', 'Packages': {'pytest': '8.4.0', 'pluggy': '1.6.0'}, 'Plugins': {'metadata': '3.1.1', 'claude-test-reporter': '0.2.1', 'cov': '6.1.1', 'json-report': '1.5.0', 'asyncio': '1.0.0', 'anyio': '4.9.0'}}\nrootdir: /home/graham/workspace/experiments/gitget\nconfigfile: pytest.ini\ntestpaths: tests\nplugins: metadata-3.1.1, claude-test-reporter-0.2.1, cov-6.1.1, json-report-1.5.0, asyncio-1.0.0, anyio-4.9.0\nasyncio: mode=auto, asyncio_default_fixture_loop_scope=None, asyncio_default_test_loop_scope=function\ncollecting ... collected 89 items / 8 errors / 3 deselected / 86 selected\n\n==================================== ERRORS ====================================\n_________________ ERROR collecting tests/e2e/test_workflows.py _________________\n.venv/lib/python3.10/site-packages/_pytest/python.py:497: in importtestmodule\n    mod = import_path(\n.venv/lib/python3.10/site-packages/_pytest/pathlib.py:587: in import_path\n    importlib.import_module(module_name)\n../../../.local/share/uv/python/cpython-3.10.11-linux-x86_64-gnu/lib/python3.10/importlib/__init__.py:126: in import_module\n    return _bootstrap._gcd_import(name[level:], package, level)\n<frozen importlib._bootstrap>:1050: in _gcd_import\n    ???\n<frozen importlib._bootstrap>:1027: in _find_and_load\n    ???\n<frozen importlib._bootstrap>:1006: in _find_and_load_unlocked\n    ???\n<frozen importlib._bootstrap>:688: in _load_unlocked\n    ???\n.venv/lib/python3.10/site-packages/_pytest/assertion/rewrite.py:177: in exec_module\n    source_stat, co = _rewrite_test(fn, self.config)\n.venv/lib/python3.10/site-packages/_pytest/assertion/rewrite.py:357: in _rewrite_test\n    tree = ast.parse(source, filename=strfn)\n../../../.local/share/uv/python/cpython-3.10.11-linux-x86_64-gnu/lib/python3.10/ast.py:50: in parse\n    return compile(source, filename, mode, flags,\nE     File \"/home/graham/workspace/experiments/gitget/tests/e2e/test_workflows.py\", line 43\nE       async def test_gitget_marker(self, test_repo_url):\nE   IndentationError: unexpected unindent\n____________ ERROR collecting tests/integration/test_mcp_server.py _____________\n.venv/lib/python3.10/site-packages/_pytest/python.py:497: in importtestmodule\n    mod = import_path(\n.venv/lib/python3.10/site-packages/_pytest/pathlib.py:587: in import_path\n    importlib.import_module(module_name)\n../../../.local/share/uv/python/cpython-3.10.11-linux-x86_64-gnu/lib/python3.10/importlib/__init__.py:126: in import_module\n    return _bootstrap._gcd_import(name[level:], package, level)\n<frozen importlib._bootstrap>:1050: in _gcd_import\n    ???\n<frozen importlib._bootstrap>:1027: in _find_and_load\n    ???\n<frozen importlib._bootstrap>:1006: in _find_and_load_unlocked\n    ???\n<frozen importlib._bootstrap>:688: in _load_unlocked\n    ???\n.venv/lib/python3.10/site-packages/_pytest/assertion/rewrite.py:177: in exec_module\n    source_stat, co = _rewrite_test(fn, self.config)\n.venv/lib/python3.10/site-packages/_pytest/assertion/rewrite.py:357: in _rewrite_test\n    tree = ast.parse(source, filename=strfn)\n../../../.local/share/uv/python/cpython-3.10.11-linux-x86_64-gnu/lib/python3.10/ast.py:50: in parse\n    return compile(source, filename, mode, flags,\nE     File \"/home/graham/workspace/experiments/gitget/tests/integration/test_mcp_server.py\", line 48\nE       async def test_server_init(self, server):\nE   IndentationError: unexpected unindent\n_________ ERROR collecting tests/integration/test_module_interface.py __________\n.venv/lib/python3.10/site-packages/_pytest/python.py:497: in importtestmodule\n    mod = import_path(\n.venv/lib/python3.10/site-packages/_pytest/pathlib.py:587: in import_path\n    importlib.import_module(module_name)\n../../../.local/share/uv/python/cpython-3.10.11-linux-x86_64-gnu/lib/python3.10/importlib/__init__.py:126: in import_module\n    return _bootstrap._gcd_import(name[level:], package, level)\n<frozen importlib._bootstrap>:1050: in _gcd_import\n    ???\n<frozen importlib._bootstrap>:1027: in _find_and_load\n    ???\n<frozen importlib._bootstrap>:1006: in _find_and_load_unlocked\n    ???\n<frozen importlib._bootstrap>:688: in _load_unlocked\n    ???\n.venv/lib/python3.10/site-packages/_pytest/assertion/rewrite.py:177: in exec_module\n    source_stat, co = _rewrite_test(fn, self.config)\n.venv/lib/python3.10/site-packages/_pytest/assertion/rewrite.py:357: in _rewrite_test\n    tree = ast.parse(source, filename=strfn)\n../../../.local/share/uv/python/cpython-3.10.11-linux-x86_64-gnu/lib/python3.10/ast.py:50: in parse\n    return compile(source, filename, mode, flags,\nE     File \"/home/graham/workspace/experiments/gitget/tests/integration/test_module_interface.py\", line 54\nE       async def test_module_init(self, module):\nE   IndentationError: unexpected unindent\n__________________ ERROR collecting tests/mcp/test_prompts.py __________________\n.venv/lib/python3.10/site-packages/_pytest/python.py:497: in importtestmodule\n    mod = import_path(\n.venv/lib/python3.10/site-packages/_pytest/pathlib.py:587: in import_path\n    importlib.import_module(module_name)\n../../../.local/share/uv/python/cpython-3.10.11-linux-x86_64-gnu/lib/python3.10/importlib/__init__.py:126: in import_module\n    return _bootstrap._gcd_import(name[level:], package, level)\n<frozen importlib._bootstrap>:1050: in _gcd_import\n    ???\n<frozen importlib._bootstrap>:1027: in _find_and_load\n    ???\n<frozen importlib._bootstrap>:1006: in _find_and_load_unlocked\n    ???\n<frozen importlib._bootstrap>:688: in _load_unlocked\n    ???\n.venv/lib/python3.10/site-packages/_pytest/assertion/rewrite.py:177: in exec_module\n    source_stat, co = _rewrite_test(fn, self.config)\n.venv/lib/python3.10/site-packages/_pytest/assertion/rewrite.py:357: in _rewrite_test\n    tree = ast.parse(source, filename=strfn)\n../../../.local/share/uv/python/cpython-3.10.11-linux-x86_64-gnu/lib/python3.10/ast.py:50: in parse\n    return compile(source, filename, mode, flags,\nE     File \"/home/graham/workspace/experiments/gitget/tests/mcp/test_prompts.py\", line 35\nE       async def test_capabilities_prompt(self):\nE   IndentationError: unexpected unindent\n_____________ ERROR collecting tests/performance/test_parallel.py ______________\n.venv/lib/python3.10/site-packages/_pytest/python.py:497: in importtestmodule\n    mod = import_path(\n.venv/lib/python3.10/site-packages/_pytest/pathlib.py:587: in import_path\n    importlib.import_module(module_name)\n../../../.local/share/uv/python/cpython-3.10.11-linux-x86_64-gnu/lib/python3.10/importlib/__init__.py:126: in import_module\n    return _bootstrap._gcd_import(name[level:], package, level)\n<frozen importlib._bootstrap>:1050: in _gcd_import\n    ???\n<frozen importlib._bootstrap>:1027: in _find_and_load\n    ???\n<frozen importlib._bootstrap>:1006: in _find_and_load_unlocked\n    ???\n<frozen importlib._bootstrap>:688: in _load_unlocked\n    ???\n.venv/lib/python3.10/site-packages/_pytest/assertion/rewrite.py:177: in exec_module\n    source_stat, co = _rewrite_test(fn, self.config)\n.venv/lib/python3.10/site-packages/_pytest/assertion/rewrite.py:357: in _rewrite_test\n    tree = ast.parse(source, filename=strfn)\n../../../.local/share/uv/python/cpython-3.10.11-linux-x86_64-gnu/lib/python3.10/ast.py:50: in parse\n    return compile(source, filename, mode, flags,\nE     File \"/home/graham/workspace/experiments/gitget/tests/performance/test_parallel.py\", line 74\nE       async def test_small_repo(self, test_repo):\nE   IndentationError: unexpected unindent\n_____________ ERROR collecting tests/performance/test_streaming.py _____________\n.venv/lib/python3.10/site-packages/_pytest/python.py:497: in importtestmodule\n    mod = import_path(\n.venv/lib/python3.10/site-packages/_pytest/pathlib.py:587: in import_path\n    importlib.import_module(module_name)\n../../../.local/share/uv/python/cpython-3.10.11-linux-x86_64-gnu/lib/python3.10/importlib/__init__.py:126: in import_module\n    return _bootstrap._gcd_import(name[level:], package, level)\n<frozen importlib._bootstrap>:1050: in _gcd_import\n    ???\n<frozen importlib._bootstrap>:1027: in _find_and_load\n    ???\n<frozen importlib._bootstrap>:1006: in _find_and_load_unlocked\n    ???\n<frozen importlib._bootstrap>:688: in _load_unlocked\n    ???\n.venv/lib/python3.10/site-packages/_pytest/assertion/rewrite.py:177: in exec_module\n    source_stat, co = _rewrite_test(fn, self.config)\n.venv/lib/python3.10/site-packages/_pytest/assertion/rewrite.py:357: in _rewrite_test\n    tree = ast.parse(source, filename=strfn)\n../../../.local/share/uv/python/cpython-3.10.11-linux-x86_64-gnu/lib/python3.10/ast.py:50: in parse\n    return compile(source, filename, mode, flags,\nE     File \"/home/graham/workspace/experiments/gitget/tests/performance/test_streaming.py\", line 128\nE       async def test_large_repo(self, large_repo):\nE   IndentationError: unexpected unindent\n__________________ ERROR collecting tests/unit/test_cache.py ___________________\n.venv/lib/python3.10/site-packages/_pytest/python.py:497: in importtestmodule\n    mod = import_path(\n.venv/lib/python3.10/site-packages/_pytest/pathlib.py:587: in import_path\n    importlib.import_module(module_name)\n../../../.local/share/uv/python/cpython-3.10.11-linux-x86_64-gnu/lib/python3.10/importlib/__init__.py:126: in import_module\n    return _bootstrap._gcd_import(name[level:], package, level)\n<frozen importlib._bootstrap>:1050: in _gcd_import\n    ???\n<frozen importlib._bootstrap>:1027: in _find_and_load\n    ???\n<frozen importlib._bootstrap>:1006: in _find_and_load_unlocked\n    ???\n<frozen importlib._bootstrap>:688: in _load_unlocked\n    ???\n.venv/lib/python3.10/site-packages/_pytest/assertion/rewrite.py:177: in exec_module\n    source_stat, co = _rewrite_test(fn, self.config)\n.venv/lib/python3.10/site-packages/_pytest/assertion/rewrite.py:357: in _rewrite_test\n    tree = ast.parse(source, filename=strfn)\n../../../.local/share/uv/python/cpython-3.10.11-linux-x86_64-gnu/lib/python3.10/ast.py:50: in parse\n    return compile(source, filename, mode, flags,\nE     File \"/home/graham/workspace/experiments/gitget/tests/unit/test_cache.py\", line 173\nE       async def test_get_or_process(self, cache_manager):\nE   IndentationError: unexpected unindent\n_________________ ERROR collecting tests/unit/test_honeypot.py _________________\n.venv/lib/python3.10/site-packages/_pytest/python.py:497: in importtestmodule\n    mod = import_path(\n.venv/lib/python3.10/site-packages/_pytest/pathlib.py:587: in import_path\n    importlib.import_module(module_name)\n../../../.local/share/uv/python/cpython-3.10.11-linux-x86_64-gnu/lib/python3.10/importlib/__init__.py:126: in import_module\n    return _bootstrap._gcd_import(name[level:], package, level)\n<frozen importlib._bootstrap>:1050: in _gcd_import\n    ???\n<frozen importlib._bootstrap>:1027: in _find_and_load\n    ???\n<frozen importlib._bootstrap>:1006: in _find_and_load_unlocked\n    ???\n<frozen importlib._bootstrap>:688: in _load_unlocked\n    ???\n.venv/lib/python3.10/site-packages/_pytest/assertion/rewrite.py:177: in exec_module\n    source_stat, co = _rewrite_test(fn, self.config)\n.venv/lib/python3.10/site-packages/_pytest/assertion/rewrite.py:357: in _rewrite_test\n    tree = ast.parse(source, filename=strfn)\n../../../.local/share/uv/python/cpython-3.10.11-linux-x86_64-gnu/lib/python3.10/ast.py:50: in parse\n    return compile(source, filename, mode, flags,\nE     File \"/home/graham/workspace/experiments/gitget/tests/unit/test_honeypot.py\", line 248\nE       ]\nE       ^\nE   SyntaxError: unmatched ']'\n=============================== warnings summary ===============================\n.venv/lib/python3.10/site-packages/spacy/cli/_util.py:23\n  /home/graham/workspace/experiments/gitget/.venv/lib/python3.10/site-packages/spacy/cli/_util.py:23: DeprecationWarning: Importing 'parser.split_arg_string' is deprecated, it will only be available in 'shell_completion' in Click 9.0.\n    from click.parser import split_arg_string\n\n.venv/lib/python3.10/site-packages/weasel/util/config.py:8\n  /home/graham/workspace/experiments/gitget/.venv/lib/python3.10/site-packages/weasel/util/config.py:8: DeprecationWarning: Importing 'parser.split_arg_string' is deprecated, it will only be available in 'shell_completion' in Click 9.0.\n    from click.parser import split_arg_string\n\n.venv/lib/python3.10/site-packages/pydantic/_internal/_config.py:323\n  /home/graham/workspace/experiments/gitget/.venv/lib/python3.10/site-packages/pydantic/_internal/_config.py:323: PydanticDeprecatedSince20: Support for class-based `config` is deprecated, use ConfigDict instead. Deprecated in Pydantic V2.0 to be removed in V3.0. See Pydantic V2 Migration Guide at https://errors.pydantic.dev/2.11/migration/\n    warnings.warn(DEPRECATION_MESSAGE, DeprecationWarning)\n\n-- Docs: https://docs.pytest.org/en/stable/how-to/capture-warnings.html\n--------------------------------- JSON report ----------------------------------\nreport saved to: test-report.json\n=========================== short test summary info ============================\nERROR tests/e2e/test_workflows.py\nERROR tests/integration/test_mcp_server.py\nERROR tests/integration/test_module_interface.py\nERROR tests/mcp/test_prompts.py\nERROR tests/performance/test_parallel.py\nERROR tests/performance/test_streaming.py\nERROR tests/unit/test_cache.py\nERROR tests/unit/test_honeypot.py\n!!!!!!!!!!!!!!!!!!! Interrupted: 8 errors during collection !!!!!!!!!!!!!!!!!!!!\n================= 3 deselected, 3 warnings, 8 errors in 7.56s ==================\n"
  },
  {
    "project": "arxiv-mcp-server",
    "status": "failed",
    "tests": {
      "total": 2,
      "passed": 0,
      "failed": 0,
      "skipped": 0,
      "error": 0,
      "deselected": 0,
      "collection_errors": 0
    },
    "duration": 0.25434231758117676,
    "output": "Cannot read termcap database;\nusing dumb terminal settings.\n============================= test session starts ==============================\nplatform linux -- Python 3.10.11, pytest-8.4.0, pluggy-1.6.0 -- /home/graham/workspace/mcp-servers/arxiv-mcp-server/.venv/bin/python\ncachedir: .pytest_cache\nmetadata: {'Python': '3.10.11', 'Platform': 'Linux-6.8.0-57-generic-x86_64-with-glibc2.39', 'Packages': {'pytest': '8.4.0', 'pluggy': '1.6.0'}, 'Plugins': {'metadata': '3.1.1', 'claude-test-reporter': '0.2.1', 'json-report': '1.5.0', 'asyncio': '1.0.0', 'anyio': '4.9.0'}}\nrootdir: /home/graham/workspace/mcp-servers/arxiv-mcp-server\nconfigfile: pytest.ini\ntestpaths: tests\nplugins: metadata-3.1.1, claude-test-reporter-0.2.1, json-report-1.5.0, asyncio-1.0.0, anyio-4.9.0\nasyncio: mode=auto, asyncio_default_fixture_loop_scope=None, asyncio_default_test_loop_scope=function\ncollecting ... collected 2 items / 2 errors\n\n==================================== ERRORS ====================================\n_______ ERROR collecting tests/performance/test_concurrent_operations.py _______\n.venv/lib/python3.10/site-packages/_pytest/python.py:497: in importtestmodule\n    mod = import_path(\n.venv/lib/python3.10/site-packages/_pytest/pathlib.py:587: in import_path\n    importlib.import_module(module_name)\n../../../.local/share/uv/python/cpython-3.10.11-linux-x86_64-gnu/lib/python3.10/importlib/__init__.py:126: in import_module\n    return _bootstrap._gcd_import(name[level:], package, level)\n<frozen importlib._bootstrap>:1050: in _gcd_import\n    ???\n<frozen importlib._bootstrap>:1027: in _find_and_load\n    ???\n<frozen importlib._bootstrap>:1006: in _find_and_load_unlocked\n    ???\n<frozen importlib._bootstrap>:688: in _load_unlocked\n    ???\n.venv/lib/python3.10/site-packages/_pytest/assertion/rewrite.py:177: in exec_module\n    source_stat, co = _rewrite_test(fn, self.config)\n.venv/lib/python3.10/site-packages/_pytest/assertion/rewrite.py:357: in _rewrite_test\n    tree = ast.parse(source, filename=strfn)\n../../../.local/share/uv/python/cpython-3.10.11-linux-x86_64-gnu/lib/python3.10/ast.py:50: in parse\n    return compile(source, filename, mode, flags,\nE     File \"/home/graham/workspace/mcp-servers/arxiv-mcp-server/tests/performance/test_concurrent_operations.py\", line 87\nE       async def test_parallel_downloads(self, test_papers):\nE   IndentationError: unexpected unindent\n___________________ ERROR collecting tests/test_honeypot.py ____________________\n.venv/lib/python3.10/site-packages/_pytest/python.py:497: in importtestmodule\n    mod = import_path(\n.venv/lib/python3.10/site-packages/_pytest/pathlib.py:587: in import_path\n    importlib.import_module(module_name)\n../../../.local/share/uv/python/cpython-3.10.11-linux-x86_64-gnu/lib/python3.10/importlib/__init__.py:126: in import_module\n    return _bootstrap._gcd_import(name[level:], package, level)\n<frozen importlib._bootstrap>:1050: in _gcd_import\n    ???\n<frozen importlib._bootstrap>:1027: in _find_and_load\n    ???\n<frozen importlib._bootstrap>:1006: in _find_and_load_unlocked\n    ???\n<frozen importlib._bootstrap>:688: in _load_unlocked\n    ???\n.venv/lib/python3.10/site-packages/_pytest/assertion/rewrite.py:177: in exec_module\n    source_stat, co = _rewrite_test(fn, self.config)\n.venv/lib/python3.10/site-packages/_pytest/assertion/rewrite.py:357: in _rewrite_test\n    tree = ast.parse(source, filename=strfn)\n../../../.local/share/uv/python/cpython-3.10.11-linux-x86_64-gnu/lib/python3.10/ast.py:50: in parse\n    return compile(source, filename, mode, flags,\nE     File \"/home/graham/workspace/mcp-servers/arxiv-mcp-server/tests/test_honeypot.py\", line 81\nE       async def test_zero_latency_mcp_server(self):\nE   IndentationError: unexpected unindent\n=============================== warnings summary ===============================\ntests/scenarios/test_data.py:25\n  /home/graham/workspace/mcp-servers/arxiv-mcp-server/tests/scenarios/test_data.py:25: PytestCollectionWarning: cannot collect test class 'TestPaper' because it has a __init__ constructor (from: tests/scenarios/test_data.py)\n    @dataclass\n\n-- Docs: https://docs.pytest.org/en/stable/how-to/capture-warnings.html\n--------------------------------- JSON report ----------------------------------\nreport saved to: test-report.json\n=========================== short test summary info ============================\nERROR tests/performance/test_concurrent_operations.py\nERROR tests/test_honeypot.py\n!!!!!!!!!!!!!!!!!!! Interrupted: 2 errors during collection !!!!!!!!!!!!!!!!!!!!\n========================= 1 warning, 2 errors in 0.25s =========================\n"
  },
  {
    "project": "mcp-screenshot",
    "status": "failed",
    "tests": {
      "total": 0,
      "passed": 0,
      "failed": 0,
      "skipped": 0,
      "error": 0,
      "deselected": 3,
      "collection_errors": 0
    },
    "duration": 0.059717416763305664,
    "output": "Cannot read termcap database;\nusing dumb terminal settings.\n============================= test session starts ==============================\nplatform linux -- Python 3.10.11, pytest-8.4.0, pluggy-1.6.0 -- /home/graham/workspace/experiments/mcp-screenshot/.venv/bin/python\ncachedir: .pytest_cache\nmetadata: {'Python': '3.10.11', 'Platform': 'Linux-6.8.0-57-generic-x86_64-with-glibc2.39', 'Packages': {'pytest': '8.4.0', 'pluggy': '1.6.0'}, 'Plugins': {'metadata': '3.1.1', 'json-report': '1.5.0', 'asyncio': '1.0.0', 'anyio': '4.9.0'}}\nrootdir: /home/graham/workspace/experiments/mcp-screenshot\nconfigfile: pytest.ini\ntestpaths: tests\nplugins: metadata-3.1.1, json-report-1.5.0, asyncio-1.0.0, anyio-4.9.0\nasyncio: mode=auto, asyncio_default_fixture_loop_scope=None, asyncio_default_test_loop_scope=function\ncollecting ... collected 3 items / 3 deselected / 0 selected\n\n--------------------------------- JSON report ----------------------------------\nreport saved to: test-report.json\n============================ 3 deselected in 0.06s =============================\n"
  },
  {
    "project": "chat",
    "status": "failed",
    "tests": {
      "total": 0,
      "passed": 0,
      "failed": 0,
      "skipped": 0,
      "error": 0,
      "deselected": 3,
      "collection_errors": 0
    },
    "duration": 0.6293356418609619,
    "output": "Cannot read termcap database;\nusing dumb terminal settings.\n============================= test session starts ==============================\nplatform linux -- Python 3.10.11, pytest-8.4.0, pluggy-1.6.0 -- /home/graham/workspace/experiments/chat/.venv/bin/python\ncachedir: .pytest_cache\nmetadata: {'Python': '3.10.11', 'Platform': 'Linux-6.8.0-57-generic-x86_64-with-glibc2.39', 'Packages': {'pytest': '8.4.0', 'pluggy': '1.6.0'}, 'Plugins': {'metadata': '3.1.1', 'json-report': '1.5.0', 'asyncio': '1.0.0', 'anyio': '4.9.0'}}\nrootdir: /home/graham/workspace/experiments/chat\nconfigfile: pytest.ini\ntestpaths: tests\nplugins: metadata-3.1.1, json-report-1.5.0, asyncio-1.0.0, anyio-4.9.0\nasyncio: mode=auto, asyncio_default_fixture_loop_scope=None, asyncio_default_test_loop_scope=function\ncollecting ... collected 3 items / 1 error / 3 deselected / 0 selected\n\n==================================== ERRORS ====================================\n________________________ ERROR collecting tests/backend ________________________\n../../../.local/share/uv/python/cpython-3.10.11-linux-x86_64-gnu/lib/python3.10/importlib/__init__.py:126: in import_module\n    return _bootstrap._gcd_import(name[level:], package, level)\n<frozen importlib._bootstrap>:1050: in _gcd_import\n    ???\n<frozen importlib._bootstrap>:1027: in _find_and_load\n    ???\n<frozen importlib._bootstrap>:1006: in _find_and_load_unlocked\n    ???\n<frozen importlib._bootstrap>:688: in _load_unlocked\n    ???\n.venv/lib/python3.10/site-packages/_pytest/assertion/rewrite.py:186: in exec_module\n    exec(co, module.__dict__)\ntests/backend/conftest.py:16: in <module>\n    from api.main import app\nbackend/api/main.py:14: in <module>\n    from backend.dashboard import dashboard_router\nbackend/dashboard/__init__.py:11: in <module>\n    from .routes import dashboard_router\nbackend/dashboard/routes.py:238: in <module>\n    from .learning_curves import learning_curves_router\nbackend/dashboard/learning_curves.py:30: in <module>\n    import numpy as np\nE   ModuleNotFoundError: No module named 'numpy'\n=============================== warnings summary ===============================\n.venv/lib/python3.10/site-packages/arango/client.py:6\n  /home/graham/workspace/experiments/chat/.venv/lib/python3.10/site-packages/arango/client.py:6: UserWarning: pkg_resources is deprecated as an API. See https://setuptools.pypa.io/en/latest/pkg_resources.html. The pkg_resources package is slated for removal as early as 2025-11-30. Refrain from using this package or pin to Setuptools<81.\n    from pkg_resources import get_distribution\n\nbackend/dashboard/models.py:28\n  /home/graham/workspace/experiments/chat/backend/dashboard/models.py:28: PydanticDeprecatedSince20: Pydantic V1 style `@validator` validators are deprecated. You should migrate to Pydantic V2 style `@field_validator` validators, see the migration guide for more details. Deprecated in Pydantic V2.0 to be removed in V3.0. See Pydantic V2 Migration Guide at https://errors.pydantic.dev/2.5/migration/\n    @validator('collection')\n\nbackend/dashboard/models.py:102\n  /home/graham/workspace/experiments/chat/backend/dashboard/models.py:102: PydanticDeprecatedSince20: Pydantic V1 style `@validator` validators are deprecated. You should migrate to Pydantic V2 style `@field_validator` validators, see the migration guide for more details. Deprecated in Pydantic V2.0 to be removed in V3.0. See Pydantic V2 Migration Guide at https://errors.pydantic.dev/2.5/migration/\n    @validator('type')\n\n-- Docs: https://docs.pytest.org/en/stable/how-to/capture-warnings.html\n--------------------------------- JSON report ----------------------------------\nreport saved to: test-report.json\n=========================== short test summary info ============================\nERROR tests/backend - ModuleNotFoundError: No module named 'numpy'\n!!!!!!!!!!!!!!!!!!!! Interrupted: 1 error during collection !!!!!!!!!!!!!!!!!!!!\n================== 3 deselected, 3 warnings, 1 error in 0.63s ==================\n"
  },
  {
    "project": "annotator",
    "status": "failed",
    "tests": {
      "total": 18,
      "passed": 0,
      "failed": 0,
      "skipped": 0,
      "error": 0,
      "deselected": 0,
      "collection_errors": 0
    },
    "duration": 0.3081350326538086,
    "output": "Cannot read termcap database;\nusing dumb terminal settings.\n============================= test session starts ==============================\nplatform linux -- Python 3.10.11, pytest-8.4.0, pluggy-1.6.0 -- /home/graham/workspace/experiments/annotator/.venv/bin/python\ncachedir: .pytest_cache\nmetadata: {'Python': '3.10.11', 'Platform': 'Linux-6.8.0-57-generic-x86_64-with-glibc2.39', 'Packages': {'pytest': '8.4.0', 'pluggy': '1.6.0'}, 'Plugins': {'metadata': '3.1.1', 'cov': '6.1.1', 'json-report': '1.5.0', 'asyncio': '1.0.0', 'anyio': '4.9.0'}}\nrootdir: /home/graham/workspace/experiments/annotator\nconfigfile: pytest.ini\ntestpaths: tests\nplugins: metadata-3.1.1, cov-6.1.1, json-report-1.5.0, asyncio-1.0.0, anyio-4.9.0\nasyncio: mode=auto, asyncio_default_fixture_loop_scope=None, asyncio_default_test_loop_scope=function\ncollecting ... collected 18 items / 1 error\n\n==================================== ERRORS ====================================\n__________________ ERROR collecting tests/active_annotator/ux __________________\n../../../.local/share/uv/python/cpython-3.10.11-linux-x86_64-gnu/lib/python3.10/importlib/__init__.py:126: in import_module\n    return _bootstrap._gcd_import(name[level:], package, level)\n<frozen importlib._bootstrap>:1050: in _gcd_import\n    ???\n<frozen importlib._bootstrap>:1027: in _find_and_load\n    ???\n<frozen importlib._bootstrap>:1006: in _find_and_load_unlocked\n    ???\n<frozen importlib._bootstrap>:688: in _load_unlocked\n    ???\n.venv/lib/python3.10/site-packages/_pytest/assertion/rewrite.py:186: in exec_module\n    exec(co, module.__dict__)\ntests/active_annotator/ux/conftest.py:8: in <module>\n    from playwright.sync_api import Browser, Page, Playwright\nE   ModuleNotFoundError: No module named 'playwright'\n=============================== warnings summary ===============================\n<frozen importlib._bootstrap>:241\n<frozen importlib._bootstrap>:241\n  <frozen importlib._bootstrap>:241: DeprecationWarning: builtin type SwigPyPacked has no __module__ attribute\n\n<frozen importlib._bootstrap>:241\n<frozen importlib._bootstrap>:241\n  <frozen importlib._bootstrap>:241: DeprecationWarning: builtin type SwigPyObject has no __module__ attribute\n\n<frozen importlib._bootstrap>:241\n  <frozen importlib._bootstrap>:241: DeprecationWarning: builtin type swigvarlink has no __module__ attribute\n\n-- Docs: https://docs.pytest.org/en/stable/how-to/capture-warnings.html\n--------------------------------- JSON report ----------------------------------\nreport saved to: test-report.json\n=========================== short test summary info ============================\nERROR tests/active_annotator/ux - ModuleNotFoundError: No module named 'playwright'\n!!!!!!!!!!!!!!!!!!!! Interrupted: 1 error during collection !!!!!!!!!!!!!!!!!!!!\n========================= 5 warnings, 1 error in 0.31s =========================\nsys:1: DeprecationWarning: builtin type swigvarlink has no __module__ attribute\n"
  },
  {
    "project": "aider-daemon",
    "status": "failed",
    "tests": {
      "total": 10,
      "passed": 0,
      "failed": 0,
      "skipped": 0,
      "error": 0,
      "deselected": 3,
      "collection_errors": 0
    },
    "duration": 0.27451038360595703,
    "output": "Cannot read termcap database;\nusing dumb terminal settings.\n============================= test session starts ==============================\nplatform linux -- Python 3.10.11, pytest-8.4.0, pluggy-1.6.0 -- /home/graham/workspace/experiments/aider-daemon/.venv/bin/python\ncachedir: .pytest_cache\nmetadata: {'Python': '3.10.11', 'Platform': 'Linux-6.8.0-57-generic-x86_64-with-glibc2.39', 'Packages': {'pytest': '8.4.0', 'pluggy': '1.6.0'}, 'Plugins': {'metadata': '3.1.1', 'claude-test-reporter': '0.2.1', 'asyncio': '0.21.2', 'allure-pytest': '2.14.2', 'json-report': '1.5.0', 'anyio': '4.9.0'}}\nrootdir: /home/graham/workspace/experiments/aider-daemon\nconfigfile: pytest.ini\ntestpaths: tests\nplugins: metadata-3.1.1, claude-test-reporter-0.2.1, asyncio-0.21.2, allure-pytest-2.14.2, json-report-1.5.0, anyio-4.9.0\nasyncio: mode=auto\ncollecting ... collected 13 items / 1 error / 3 deselected / 10 selected\n\n==================================== ERRORS ====================================\n_____________ ERROR collecting tests/unit/mcp/test_integration.py ______________\n.venv/lib/python3.10/site-packages/_pytest/python.py:497: in importtestmodule\n    mod = import_path(\n.venv/lib/python3.10/site-packages/_pytest/pathlib.py:587: in import_path\n    importlib.import_module(module_name)\n../../../.local/share/uv/python/cpython-3.10.11-linux-x86_64-gnu/lib/python3.10/importlib/__init__.py:126: in import_module\n    return _bootstrap._gcd_import(name[level:], package, level)\n<frozen importlib._bootstrap>:1050: in _gcd_import\n    ???\n<frozen importlib._bootstrap>:1027: in _find_and_load\n    ???\n<frozen importlib._bootstrap>:1006: in _find_and_load_unlocked\n    ???\n<frozen importlib._bootstrap>:688: in _load_unlocked\n    ???\n.venv/lib/python3.10/site-packages/_pytest/assertion/rewrite.py:177: in exec_module\n    source_stat, co = _rewrite_test(fn, self.config)\n.venv/lib/python3.10/site-packages/_pytest/assertion/rewrite.py:357: in _rewrite_test\n    tree = ast.parse(source, filename=strfn)\n../../../.local/share/uv/python/cpython-3.10.11-linux-x86_64-gnu/lib/python3.10/ast.py:50: in parse\n    return compile(source, filename, mode, flags,\nE     File \"/home/graham/workspace/experiments/aider-daemon/tests/unit/mcp/test_integration.py\", line 132\nE       async def test_ws():\nE   IndentationError: unexpected unindent\n--------------------------------- JSON report ----------------------------------\nreport saved to: test-report.json\n=========================== short test summary info ============================\nERROR tests/unit/mcp/test_integration.py\n!!!!!!!!!!!!!!!!!!!! Interrupted: 1 error during collection !!!!!!!!!!!!!!!!!!!!\n======================== 3 deselected, 1 error in 0.27s ========================\n"
  },
  {
    "project": "runpod_ops",
    "status": "failed",
    "tests": {
      "total": 18,
      "passed": 0,
      "failed": 0,
      "skipped": 0,
      "error": 0,
      "deselected": 0,
      "collection_errors": 0
    },
    "duration": 3.070551633834839,
    "output": "Cannot read termcap database;\nusing dumb terminal settings.\n============================= test session starts ==============================\nplatform linux -- Python 3.10.11, pytest-8.4.0, pluggy-1.6.0 -- /home/graham/workspace/experiments/runpod_ops/.venv/bin/python\ncachedir: .pytest_cache\nmetadata: {'Python': '3.10.11', 'Platform': 'Linux-6.8.0-57-generic-x86_64-with-glibc2.39', 'Packages': {'pytest': '8.4.0', 'pluggy': '1.6.0'}, 'Plugins': {'metadata': '3.1.1', 'json-report': '1.5.0', 'asyncio': '1.0.0', 'anyio': '4.9.0'}}\nrootdir: /home/graham/workspace/experiments/runpod_ops\nconfigfile: pytest.ini\ntestpaths: tests\nplugins: metadata-3.1.1, json-report-1.5.0, asyncio-1.0.0, anyio-4.9.0\nasyncio: mode=auto, asyncio_default_fixture_loop_scope=None, asyncio_default_test_loop_scope=function\ncollecting ... collected 18 items / 15 errors\n\n==================================== ERRORS ====================================\n_______ ERROR collecting tests/runpod_ops/core/test_inference_server.py ________\n.venv/lib/python3.10/site-packages/_pytest/python.py:497: in importtestmodule\n    mod = import_path(\n.venv/lib/python3.10/site-packages/_pytest/pathlib.py:587: in import_path\n    importlib.import_module(module_name)\n../../../.local/share/uv/python/cpython-3.10.11-linux-x86_64-gnu/lib/python3.10/importlib/__init__.py:126: in import_module\n    return _bootstrap._gcd_import(name[level:], package, level)\n<frozen importlib._bootstrap>:1050: in _gcd_import\n    ???\n<frozen importlib._bootstrap>:1027: in _find_and_load\n    ???\n<frozen importlib._bootstrap>:1006: in _find_and_load_unlocked\n    ???\n<frozen importlib._bootstrap>:688: in _load_unlocked\n    ???\n.venv/lib/python3.10/site-packages/_pytest/assertion/rewrite.py:177: in exec_module\n    source_stat, co = _rewrite_test(fn, self.config)\n.venv/lib/python3.10/site-packages/_pytest/assertion/rewrite.py:357: in _rewrite_test\n    tree = ast.parse(source, filename=strfn)\n../../../.local/share/uv/python/cpython-3.10.11-linux-x86_64-gnu/lib/python3.10/ast.py:50: in parse\n    return compile(source, filename, mode, flags,\nE     File \"/home/graham/workspace/experiments/runpod_ops/tests/runpod_ops/core/test_inference_server.py\", line 59\nE       async def test_deploy_real(self, server):\nE   IndentationError: unexpected unindent\n_______ ERROR collecting tests/runpod_ops/core/test_instance_monitor.py ________\n.venv/lib/python3.10/site-packages/_pytest/python.py:497: in importtestmodule\n    mod = import_path(\n.venv/lib/python3.10/site-packages/_pytest/pathlib.py:587: in import_path\n    importlib.import_module(module_name)\n../../../.local/share/uv/python/cpython-3.10.11-linux-x86_64-gnu/lib/python3.10/importlib/__init__.py:126: in import_module\n    return _bootstrap._gcd_import(name[level:], package, level)\n<frozen importlib._bootstrap>:1050: in _gcd_import\n    ???\n<frozen importlib._bootstrap>:1027: in _find_and_load\n    ???\n<frozen importlib._bootstrap>:1006: in _find_and_load_unlocked\n    ???\n<frozen importlib._bootstrap>:688: in _load_unlocked\n    ???\n.venv/lib/python3.10/site-packages/_pytest/assertion/rewrite.py:177: in exec_module\n    source_stat, co = _rewrite_test(fn, self.config)\n.venv/lib/python3.10/site-packages/_pytest/assertion/rewrite.py:357: in _rewrite_test\n    tree = ast.parse(source, filename=strfn)\n../../../.local/share/uv/python/cpython-3.10.11-linux-x86_64-gnu/lib/python3.10/ast.py:50: in parse\n    return compile(source, filename, mode, flags,\nE     File \"/home/graham/workspace/experiments/runpod_ops/tests/runpod_ops/core/test_instance_monitor.py\", line 58\nE       async def test_check_instance_health_invalid(self, monitor):\nE   IndentationError: unexpected unindent\n________ ERROR collecting tests/runpod_ops/core/test_runpod_manager.py _________\n.venv/lib/python3.10/site-packages/_pytest/python.py:497: in importtestmodule\n    mod = import_path(\n.venv/lib/python3.10/site-packages/_pytest/pathlib.py:587: in import_path\n    importlib.import_module(module_name)\n../../../.local/share/uv/python/cpython-3.10.11-linux-x86_64-gnu/lib/python3.10/importlib/__init__.py:126: in import_module\n    return _bootstrap._gcd_import(name[level:], package, level)\n<frozen importlib._bootstrap>:1050: in _gcd_import\n    ???\n<frozen importlib._bootstrap>:1027: in _find_and_load\n    ???\n<frozen importlib._bootstrap>:1006: in _find_and_load_unlocked\n    ???\n<frozen importlib._bootstrap>:688: in _load_unlocked\n    ???\n.venv/lib/python3.10/site-packages/_pytest/assertion/rewrite.py:177: in exec_module\n    source_stat, co = _rewrite_test(fn, self.config)\n.venv/lib/python3.10/site-packages/_pytest/assertion/rewrite.py:357: in _rewrite_test\n    tree = ast.parse(source, filename=strfn)\n../../../.local/share/uv/python/cpython-3.10.11-linux-x86_64-gnu/lib/python3.10/ast.py:50: in parse\n    return compile(source, filename, mode, flags,\nE     File \"/home/graham/workspace/experiments/runpod_ops/tests/runpod_ops/core/test_runpod_manager.py\", line 75\nE       async def test_list_instances_real_api(self, manager):\nE   IndentationError: unexpected unindent\n_____ ERROR collecting tests/runpod_ops/core/test_training_orchestrator.py _____\n.venv/lib/python3.10/site-packages/_pytest/python.py:497: in importtestmodule\n    mod = import_path(\n.venv/lib/python3.10/site-packages/_pytest/pathlib.py:587: in import_path\n    importlib.import_module(module_name)\n../../../.local/share/uv/python/cpython-3.10.11-linux-x86_64-gnu/lib/python3.10/importlib/__init__.py:126: in import_module\n    return _bootstrap._gcd_import(name[level:], package, level)\n<frozen importlib._bootstrap>:1050: in _gcd_import\n    ???\n<frozen importlib._bootstrap>:1027: in _find_and_load\n    ???\n<frozen importlib._bootstrap>:1006: in _find_and_load_unlocked\n    ???\n<frozen importlib._bootstrap>:688: in _load_unlocked\n    ???\n.venv/lib/python3.10/site-packages/_pytest/assertion/rewrite.py:177: in exec_module\n    source_stat, co = _rewrite_test(fn, self.config)\n.venv/lib/python3.10/site-packages/_pytest/assertion/rewrite.py:357: in _rewrite_test\n    tree = ast.parse(source, filename=strfn)\n../../../.local/share/uv/python/cpython-3.10.11-linux-x86_64-gnu/lib/python3.10/ast.py:50: in parse\n    return compile(source, filename, mode, flags,\nE     File \"/home/graham/workspace/experiments/runpod_ops/tests/runpod_ops/core/test_training_orchestrator.py\", line 59\nE       async def test_start_training_real(self, orchestrator):\nE   IndentationError: unexpected unindent\n____ ERROR collecting tests/runpod_ops/integration/test_auto_termination.py ____\n.venv/lib/python3.10/site-packages/_pytest/python.py:497: in importtestmodule\n    mod = import_path(\n.venv/lib/python3.10/site-packages/_pytest/pathlib.py:587: in import_path\n    importlib.import_module(module_name)\n../../../.local/share/uv/python/cpython-3.10.11-linux-x86_64-gnu/lib/python3.10/importlib/__init__.py:126: in import_module\n    return _bootstrap._gcd_import(name[level:], package, level)\n<frozen importlib._bootstrap>:1050: in _gcd_import\n    ???\n<frozen importlib._bootstrap>:1027: in _find_and_load\n    ???\n<frozen importlib._bootstrap>:1006: in _find_and_load_unlocked\n    ???\n<frozen importlib._bootstrap>:688: in _load_unlocked\n    ???\n.venv/lib/python3.10/site-packages/_pytest/assertion/rewrite.py:177: in exec_module\n    source_stat, co = _rewrite_test(fn, self.config)\n.venv/lib/python3.10/site-packages/_pytest/assertion/rewrite.py:357: in _rewrite_test\n    tree = ast.parse(source, filename=strfn)\n../../../.local/share/uv/python/cpython-3.10.11-linux-x86_64-gnu/lib/python3.10/ast.py:50: in parse\n    return compile(source, filename, mode, flags,\nE     File \"/home/graham/workspace/experiments/runpod_ops/tests/runpod_ops/integration/test_auto_termination.py\", line 49\nE       async def test_detect_idle_real(self):\nE   IndentationError: unexpected unindent\n__ ERROR collecting tests/runpod_ops/integration/test_distributed_training.py __\n.venv/lib/python3.10/site-packages/_pytest/python.py:497: in importtestmodule\n    mod = import_path(\n.venv/lib/python3.10/site-packages/_pytest/pathlib.py:587: in import_path\n    importlib.import_module(module_name)\n../../../.local/share/uv/python/cpython-3.10.11-linux-x86_64-gnu/lib/python3.10/importlib/__init__.py:126: in import_module\n    return _bootstrap._gcd_import(name[level:], package, level)\n<frozen importlib._bootstrap>:1050: in _gcd_import\n    ???\n<frozen importlib._bootstrap>:1027: in _find_and_load\n    ???\n<frozen importlib._bootstrap>:1006: in _find_and_load_unlocked\n    ???\n<frozen importlib._bootstrap>:688: in _load_unlocked\n    ???\n.venv/lib/python3.10/site-packages/_pytest/assertion/rewrite.py:177: in exec_module\n    source_stat, co = _rewrite_test(fn, self.config)\n.venv/lib/python3.10/site-packages/_pytest/assertion/rewrite.py:357: in _rewrite_test\n    tree = ast.parse(source, filename=strfn)\n../../../.local/share/uv/python/cpython-3.10.11-linux-x86_64-gnu/lib/python3.10/ast.py:50: in parse\n    return compile(source, filename, mode, flags,\nE     File \"/home/graham/workspace/experiments/runpod_ops/tests/runpod_ops/integration/test_distributed_training.py\", line 50\nE       async def test_create_cluster_real(self):\nE   IndentationError: unexpected unindent\n_____ ERROR collecting tests/runpod_ops/integration/test_error_handling.py _____\n.venv/lib/python3.10/site-packages/_pytest/python.py:497: in importtestmodule\n    mod = import_path(\n.venv/lib/python3.10/site-packages/_pytest/pathlib.py:587: in import_path\n    importlib.import_module(module_name)\n../../../.local/share/uv/python/cpython-3.10.11-linux-x86_64-gnu/lib/python3.10/importlib/__init__.py:126: in import_module\n    return _bootstrap._gcd_import(name[level:], package, level)\n<frozen importlib._bootstrap>:1050: in _gcd_import\n    ???\n<frozen importlib._bootstrap>:1027: in _find_and_load\n    ???\n<frozen importlib._bootstrap>:1006: in _find_and_load_unlocked\n    ???\n<frozen importlib._bootstrap>:688: in _load_unlocked\n    ???\n.venv/lib/python3.10/site-packages/_pytest/assertion/rewrite.py:177: in exec_module\n    source_stat, co = _rewrite_test(fn, self.config)\n.venv/lib/python3.10/site-packages/_pytest/assertion/rewrite.py:357: in _rewrite_test\n    tree = ast.parse(source, filename=strfn)\n../../../.local/share/uv/python/cpython-3.10.11-linux-x86_64-gnu/lib/python3.10/ast.py:50: in parse\n    return compile(source, filename, mode, flags,\nE     File \"/home/graham/workspace/experiments/runpod_ops/tests/runpod_ops/integration/test_error_handling.py\", line 57\nE       async def test_api_errors_real(self, manager):\nE   IndentationError: unexpected unindent\n_____ ERROR collecting tests/runpod_ops/integration/test_ssh_connection.py _____\n.venv/lib/python3.10/site-packages/_pytest/python.py:497: in importtestmodule\n    mod = import_path(\n.venv/lib/python3.10/site-packages/_pytest/pathlib.py:587: in import_path\n    importlib.import_module(module_name)\n../../../.local/share/uv/python/cpython-3.10.11-linux-x86_64-gnu/lib/python3.10/importlib/__init__.py:126: in import_module\n    return _bootstrap._gcd_import(name[level:], package, level)\n<frozen importlib._bootstrap>:1050: in _gcd_import\n    ???\n<frozen importlib._bootstrap>:1027: in _find_and_load\n    ???\n<frozen importlib._bootstrap>:1006: in _find_and_load_unlocked\n    ???\n<frozen importlib._bootstrap>:688: in _load_unlocked\n    ???\n.venv/lib/python3.10/site-packages/_pytest/assertion/rewrite.py:177: in exec_module\n    source_stat, co = _rewrite_test(fn, self.config)\n.venv/lib/python3.10/site-packages/_pytest/assertion/rewrite.py:357: in _rewrite_test\n    tree = ast.parse(source, filename=strfn)\n../../../.local/share/uv/python/cpython-3.10.11-linux-x86_64-gnu/lib/python3.10/ast.py:50: in parse\n    return compile(source, filename, mode, flags,\nE     File \"/home/graham/workspace/experiments/runpod_ops/tests/runpod_ops/integration/test_ssh_connection.py\", line 87\nE       async def test_connect_real(self, pod_with_ssh):\nE   IndentationError: unexpected unindent\n__ ERROR collecting tests/runpod_ops/integration/test_unsloth_integration.py ___\n.venv/lib/python3.10/site-packages/_pytest/python.py:497: in importtestmodule\n    mod = import_path(\n.venv/lib/python3.10/site-packages/_pytest/pathlib.py:587: in import_path\n    importlib.import_module(module_name)\n../../../.local/share/uv/python/cpython-3.10.11-linux-x86_64-gnu/lib/python3.10/importlib/__init__.py:126: in import_module\n    return _bootstrap._gcd_import(name[level:], package, level)\n<frozen importlib._bootstrap>:1050: in _gcd_import\n    ???\n<frozen importlib._bootstrap>:1027: in _find_and_load\n    ???\n<frozen importlib._bootstrap>:1006: in _find_and_load_unlocked\n    ???\n<frozen importlib._bootstrap>:688: in _load_unlocked\n    ???\n.venv/lib/python3.10/site-packages/_pytest/assertion/rewrite.py:177: in exec_module\n    source_stat, co = _rewrite_test(fn, self.config)\n.venv/lib/python3.10/site-packages/_pytest/assertion/rewrite.py:357: in _rewrite_test\n    tree = ast.parse(source, filename=strfn)\n../../../.local/share/uv/python/cpython-3.10.11-linux-x86_64-gnu/lib/python3.10/ast.py:50: in parse\n    return compile(source, filename, mode, flags,\nE     File \"/home/graham/workspace/experiments/runpod_ops/tests/runpod_ops/integration/test_unsloth_integration.py\", line 50\nE       async def test_train_lora_real(self):\nE   IndentationError: unexpected unindent\n___________ ERROR collecting tests/test_core/test_runpod_manager.py ____________\n.venv/lib/python3.10/site-packages/_pytest/python.py:497: in importtestmodule\n    mod = import_path(\n.venv/lib/python3.10/site-packages/_pytest/pathlib.py:587: in import_path\n    importlib.import_module(module_name)\n../../../.local/share/uv/python/cpython-3.10.11-linux-x86_64-gnu/lib/python3.10/importlib/__init__.py:126: in import_module\n    return _bootstrap._gcd_import(name[level:], package, level)\n<frozen importlib._bootstrap>:1050: in _gcd_import\n    ???\n<frozen importlib._bootstrap>:1027: in _find_and_load\n    ???\n<frozen importlib._bootstrap>:1006: in _find_and_load_unlocked\n    ???\n<frozen importlib._bootstrap>:688: in _load_unlocked\n    ???\n.venv/lib/python3.10/site-packages/_pytest/assertion/rewrite.py:177: in exec_module\n    source_stat, co = _rewrite_test(fn, self.config)\n.venv/lib/python3.10/site-packages/_pytest/assertion/rewrite.py:357: in _rewrite_test\n    tree = ast.parse(source, filename=strfn)\n../../../.local/share/uv/python/cpython-3.10.11-linux-x86_64-gnu/lib/python3.10/ast.py:50: in parse\n    return compile(source, filename, mode, flags,\nE     File \"/home/graham/workspace/experiments/runpod_ops/tests/test_core/test_runpod_manager.py\", line 41\nE       async def test_create_training_instance_real(self, manager):\nE   IndentationError: unexpected unindent\n________ ERROR collecting tests/test_core/test_ssh_manager_enhanced.py _________\n.venv/lib/python3.10/site-packages/_pytest/python.py:497: in importtestmodule\n    mod = import_path(\n.venv/lib/python3.10/site-packages/_pytest/pathlib.py:587: in import_path\n    importlib.import_module(module_name)\n../../../.local/share/uv/python/cpython-3.10.11-linux-x86_64-gnu/lib/python3.10/importlib/__init__.py:126: in import_module\n    return _bootstrap._gcd_import(name[level:], package, level)\n<frozen importlib._bootstrap>:1050: in _gcd_import\n    ???\n<frozen importlib._bootstrap>:1027: in _find_and_load\n    ???\n<frozen importlib._bootstrap>:1006: in _find_and_load_unlocked\n    ???\n<frozen importlib._bootstrap>:688: in _load_unlocked\n    ???\n.venv/lib/python3.10/site-packages/_pytest/assertion/rewrite.py:177: in exec_module\n    source_stat, co = _rewrite_test(fn, self.config)\n.venv/lib/python3.10/site-packages/_pytest/assertion/rewrite.py:357: in _rewrite_test\n    tree = ast.parse(source, filename=strfn)\n../../../.local/share/uv/python/cpython-3.10.11-linux-x86_64-gnu/lib/python3.10/ast.py:50: in parse\n    return compile(source, filename, mode, flags,\nE     File \"/home/graham/workspace/experiments/runpod_ops/tests/test_core/test_ssh_manager_enhanced.py\", line 52\nE       with patch('paramiko.SSHClient') as # REMOVED: mock_ssh:\nE                                           ^^^^^^^^^^^^^^^^^^^^\nE   SyntaxError: invalid syntax\n________ ERROR collecting tests/test_core/test_training_orchestrator.py ________\n.venv/lib/python3.10/site-packages/_pytest/python.py:497: in importtestmodule\n    mod = import_path(\n.venv/lib/python3.10/site-packages/_pytest/pathlib.py:587: in import_path\n    importlib.import_module(module_name)\n../../../.local/share/uv/python/cpython-3.10.11-linux-x86_64-gnu/lib/python3.10/importlib/__init__.py:126: in import_module\n    return _bootstrap._gcd_import(name[level:], package, level)\n<frozen importlib._bootstrap>:1050: in _gcd_import\n    ???\n<frozen importlib._bootstrap>:1027: in _find_and_load\n    ???\n<frozen importlib._bootstrap>:1006: in _find_and_load_unlocked\n    ???\n<frozen importlib._bootstrap>:688: in _load_unlocked\n    ???\n.venv/lib/python3.10/site-packages/_pytest/assertion/rewrite.py:177: in exec_module\n    source_stat, co = _rewrite_test(fn, self.config)\n.venv/lib/python3.10/site-packages/_pytest/assertion/rewrite.py:357: in _rewrite_test\n    tree = ast.parse(source, filename=strfn)\n../../../.local/share/uv/python/cpython-3.10.11-linux-x86_64-gnu/lib/python3.10/ast.py:50: in parse\n    return compile(source, filename, mode, flags,\nE     File \"/home/graham/workspace/experiments/runpod_ops/tests/test_core/test_training_orchestrator.py\", line 63\nE       async def test_start_training_job_real(self, orchestrator, test_config):\nE   IndentationError: unexpected unindent\n___________________ ERROR collecting tests/test_honeypot.py ____________________\n.venv/lib/python3.10/site-packages/_pytest/python.py:497: in importtestmodule\n    mod = import_path(\n.venv/lib/python3.10/site-packages/_pytest/pathlib.py:587: in import_path\n    importlib.import_module(module_name)\n../../../.local/share/uv/python/cpython-3.10.11-linux-x86_64-gnu/lib/python3.10/importlib/__init__.py:126: in import_module\n    return _bootstrap._gcd_import(name[level:], package, level)\n<frozen importlib._bootstrap>:1050: in _gcd_import\n    ???\n<frozen importlib._bootstrap>:1027: in _find_and_load\n    ???\n<frozen importlib._bootstrap>:1006: in _find_and_load_unlocked\n    ???\n<frozen importlib._bootstrap>:688: in _load_unlocked\n    ???\n.venv/lib/python3.10/site-packages/_pytest/assertion/rewrite.py:177: in exec_module\n    source_stat, co = _rewrite_test(fn, self.config)\n.venv/lib/python3.10/site-packages/_pytest/assertion/rewrite.py:357: in _rewrite_test\n    tree = ast.parse(source, filename=strfn)\n../../../.local/share/uv/python/cpython-3.10.11-linux-x86_64-gnu/lib/python3.10/ast.py:50: in parse\n    return compile(source, filename, mode, flags,\nE     File \"/home/graham/workspace/experiments/runpod_ops/tests/test_honeypot.py\", line 102\nE       async def test_instant_async_operation(self):\nE   IndentationError: unexpected unindent\n_______________ ERROR collecting tests/test_instance_monitor.py ________________\n.venv/lib/python3.10/site-packages/_pytest/python.py:497: in importtestmodule\n    mod = import_path(\n.venv/lib/python3.10/site-packages/_pytest/pathlib.py:587: in import_path\n    importlib.import_module(module_name)\n../../../.local/share/uv/python/cpython-3.10.11-linux-x86_64-gnu/lib/python3.10/importlib/__init__.py:126: in import_module\n    return _bootstrap._gcd_import(name[level:], package, level)\n<frozen importlib._bootstrap>:1050: in _gcd_import\n    ???\n<frozen importlib._bootstrap>:1027: in _find_and_load\n    ???\n<frozen importlib._bootstrap>:1006: in _find_and_load_unlocked\n    ???\n<frozen importlib._bootstrap>:688: in _load_unlocked\n    ???\n.venv/lib/python3.10/site-packages/_pytest/assertion/rewrite.py:177: in exec_module\n    source_stat, co = _rewrite_test(fn, self.config)\n.venv/lib/python3.10/site-packages/_pytest/assertion/rewrite.py:357: in _rewrite_test\n    tree = ast.parse(source, filename=strfn)\n../../../.local/share/uv/python/cpython-3.10.11-linux-x86_64-gnu/lib/python3.10/ast.py:50: in parse\n    return compile(source, filename, mode, flags,\nE     File \"/home/graham/workspace/experiments/runpod_ops/tests/test_instance_monitor.py\", line 117\nE       async def test_metrics_summary(self, monitor):\nE   IndentationError: unexpected unindent\n__________________ ERROR collecting tests/test_ssh_manager.py __________________\n.venv/lib/python3.10/site-packages/_pytest/python.py:497: in importtestmodule\n    mod = import_path(\n.venv/lib/python3.10/site-packages/_pytest/pathlib.py:587: in import_path\n    importlib.import_module(module_name)\n../../../.local/share/uv/python/cpython-3.10.11-linux-x86_64-gnu/lib/python3.10/importlib/__init__.py:126: in import_module\n    return _bootstrap._gcd_import(name[level:], package, level)\n<frozen importlib._bootstrap>:1050: in _gcd_import\n    ???\n<frozen importlib._bootstrap>:1027: in _find_and_load\n    ???\n<frozen importlib._bootstrap>:1006: in _find_and_load_unlocked\n    ???\n<frozen importlib._bootstrap>:688: in _load_unlocked\n    ???\n.venv/lib/python3.10/site-packages/_pytest/assertion/rewrite.py:177: in exec_module\n    source_stat, co = _rewrite_test(fn, self.config)\n.venv/lib/python3.10/site-packages/_pytest/assertion/rewrite.py:357: in _rewrite_test\n    tree = ast.parse(source, filename=strfn)\n../../../.local/share/uv/python/cpython-3.10.11-linux-x86_64-gnu/lib/python3.10/ast.py:50: in parse\n    return compile(source, filename, mode, flags,\nE     File \"/home/graham/workspace/experiments/runpod_ops/tests/test_ssh_manager.py\", line 80\nE       async def test_real_ssh_connection(self, ssh_manager):\nE   IndentationError: unexpected unindent\n--------------------------------- JSON report ----------------------------------\nreport saved to: test-report.json\n=========================== short test summary info ============================\nERROR tests/runpod_ops/core/test_inference_server.py\nERROR tests/runpod_ops/core/test_instance_monitor.py\nERROR tests/runpod_ops/core/test_runpod_manager.py\nERROR tests/runpod_ops/core/test_training_orchestrator.py\nERROR tests/runpod_ops/integration/test_auto_termination.py\nERROR tests/runpod_ops/integration/test_distributed_training.py\nERROR tests/runpod_ops/integration/test_error_handling.py\nERROR tests/runpod_ops/integration/test_ssh_connection.py\nERROR tests/runpod_ops/integration/test_unsloth_integration.py\nERROR tests/test_core/test_runpod_manager.py\nERROR tests/test_core/test_ssh_manager_enhanced.py\nERROR tests/test_core/test_training_orchestrator.py\nERROR tests/test_honeypot.py\nERROR tests/test_instance_monitor.py\nERROR tests/test_ssh_manager.py\n!!!!!!!!!!!!!!!!!!! Interrupted: 15 errors during collection !!!!!!!!!!!!!!!!!!!\n============================== 15 errors in 3.07s ==============================\n"
  },
  {
    "project": "granger-ui",
    "status": "failed",
    "tests": {
      "total": 0,
      "passed": 0,
      "failed": 0,
      "skipped": 0,
      "error": 0,
      "deselected": 0,
      "collection_errors": 0
    },
    "duration": 0.026788949966430664,
    "output": "Cannot read termcap database;\nusing dumb terminal settings.\n============================= test session starts ==============================\nplatform linux -- Python 3.10.11, pytest-8.4.0, pluggy-1.6.0 -- /home/graham/workspace/granger-ui/.venv/bin/python\ncachedir: .pytest_cache\nmetadata: {'Python': '3.10.11', 'Platform': 'Linux-6.8.0-57-generic-x86_64-with-glibc2.39', 'Packages': {'pytest': '8.4.0', 'pluggy': '1.6.0'}, 'Plugins': {'metadata': '3.1.1', 'json-report': '1.5.0', 'asyncio': '1.0.0'}}\nrootdir: /home/graham/workspace/granger-ui\nconfigfile: pytest.ini\nplugins: metadata-3.1.1, json-report-1.5.0, asyncio-1.0.0\nasyncio: mode=auto, asyncio_default_fixture_loop_scope=None, asyncio_default_test_loop_scope=function\ncollecting ... collected 0 items\n\n=============================== warnings summary ===============================\n.venv/lib/python3.10/site-packages/_pytest/config/__init__.py:1533\n  /home/graham/workspace/granger-ui/.venv/lib/python3.10/site-packages/_pytest/config/__init__.py:1533: PytestConfigWarning: No files were found in testpaths; consider removing or adjusting your testpaths configuration. Searching recursively from the current directory instead.\n    self.args, self.args_source = self._decide_args(\n\n-- Docs: https://docs.pytest.org/en/stable/how-to/capture-warnings.html\n--------------------------------- JSON report ----------------------------------\nreport saved to: test-report.json\n============================== 1 warning in 0.02s ==============================\n"
  },
  {
    "project": "shared_claude_docs",
    "status": "failed",
    "output": "Traceback (most recent call last):\n  File \"/home/graham/.local/share/uv/python/cpython-3.10.11-linux-x86_64-gnu/lib/python3.10/runpy.py\", line 187, in _run_module_as_main\n    mod_name, mod_spec, code = _get_module_details(mod_name, _Error)\n  File \"/home/graham/.local/share/uv/python/cpython-3.10.11-linux-x86_64-gnu/lib/python3.10/runpy.py\", line 146, in _get_module_details\n    return _get_module_details(pkg_main_name, error)\n  File \"/home/graham/.local/share/uv/python/cpython-3.10.11-linux-x86_64-gnu/lib/python3.10/runpy.py\", line 110, in _get_module_details\n    __import__(pkg_name)\n  File \"/home/graham/workspace/shared_claude_docs/.venv/lib/python3.10/site-packages/pytest/__init__.py\", line 21\n    from __future__ import annotations\n    ^^^^^^^^^^^^^^^^^^^^^^^^^^^^^^^^^^\nSyntaxError: from __future__ imports must occur at the beginning of the file\n"
  }
]